pcb: Note 5996: Using Config File C:\MentorGraphics\PADSVX.1.2\SDD_HOME\standard\pads100.cfg
pcb: Note 6085: Block pkg U43: 1 empty slot(s), device SMD_SON40P330X330X100-17N
pcb: Note 6085: Block pkg U41: 1 empty slot(s), device SMD_SON40P330X330X100-17N
pcb: Note 6085: Block pkg U44: 1 empty slot(s), device SMD_SON40P330X330X100-17N
pcb: Note 6085: Block pkg U42: 1 empty slot(s), device SMD_SON40P330X330X100-17N
pcb: Note 5854: Instance value (DEVICE=SMT_INDM135130X800N) was added to instance ($1I568\$1I66) on (POWER).
pcb: Note 5854: Instance value (PKG_TYPE=SMT_INDM135130X800N) was added to instance ($1I568\$1I66) on (POWER).
pcb: Note 5854: Instance value (REFDES=L1) was added to instance ($1I568\$1I66) on (POWER).
pcb: Note 5854: Instance value (DEVICE=SMD_0402_CAPC1005X55N) was added to instance ($1I568\$1I92) on (POWER).
pcb: Note 5854: Instance value (PKG_TYPE=SMD_0402_CAPC1005X55N) was added to instance ($1I568\$1I92) on (POWER).
pcb: Note 5854: Instance value (REFDES=C210) was added to instance ($1I568\$1I92) on (POWER).
pcb: Note 5854: Instance value (DEVICE=SMD_0805_CAPC2012X145N) was added to instance ($1I568\$1I120) on (POWER).
pcb: Note 5854: Instance value (PKG_TYPE=SMD_0805_CAPC2012X145N) was added to instance ($1I568\$1I120) on (POWER).
pcb: Note 5854: Instance value (REFDES=C211) was added to instance ($1I568\$1I120) on (POWER).
pcb: Note 5854: Instance value (DEVICE=SMD_0603_CAPC1608X95N) was added to instance ($1I568\$1I148) on (POWER).
pcb: Note 5854: Instance value (PKG_TYPE=SMD_0603_CAPC1608X95N) was added to instance ($1I568\$1I148) on (POWER).
pcb: Note 5854: Instance value (REFDES=C209) was added to instance ($1I568\$1I148) on (POWER).
pcb: Note 5854: Instance value (DEVICE=SMT_INDM135130X800N) was added to instance ($1I568\$1I176) on (POWER).
pcb: Note 5854: Instance value (PKG_TYPE=SMT_INDM135130X800N) was added to instance ($1I568\$1I176) on (POWER).
pcb: Note 5854: Instance value (REFDES=L2) was added to instance ($1I568\$1I176) on (POWER).
pcb: Note 5854: Instance value (DEVICE=SMD_0402_CAPC1005X55N) was added to instance ($1I568\$1I202) on (POWER).
pcb: Note 5854: Instance value (PKG_TYPE=SMD_0402_CAPC1005X55N) was added to instance ($1I568\$1I202) on (POWER).
pcb: Note 5854: Instance value (REFDES=C220) was added to instance ($1I568\$1I202) on (POWER).
pcb: Note 5854: Instance value (DEVICE=SMD_0603_CAPC1608X95N) was added to instance ($1I568\$1I230) on (POWER).
pcb: Note 5854: Instance value (PKG_TYPE=SMD_0603_CAPC1608X95N) was added to instance ($1I568\$1I230) on (POWER).
pcb: Note 5854: Instance value (REFDES=C219) was added to instance ($1I568\$1I230) on (POWER).
pcb: Note 5854: Instance value (DEVICE=SMD_SON40P330X330X100-17N) was added to instance ($1I568\$1I258) on (POWER).
pcb: Note 5854: Instance value (PKG_TYPE=SMD_SON40P330X330X100-17N) was added to instance ($1I568\$1I258) on (POWER).
pcb: Note 5854: Instance value (REFDES=U42) was added to instance ($1I568\$1I258) on (POWER).
pcb: Note 5854: Instance value (DEVICE=SMD_SON40P330X330X100-17N) was added to instance ($1I568\$1I301) on (POWER).
pcb: Note 5854: Instance value (PKG_TYPE=SMD_SON40P330X330X100-17N) was added to instance ($1I568\$1I301) on (POWER).
pcb: Note 5854: Instance value (REFDES=U44) was added to instance ($1I568\$1I301) on (POWER).
pcb: Note 5854: Instance value (DEVICE=SMD_SON40P330X330X100-17N) was added to instance ($1I568\$1I344) on (POWER).
pcb: Note 5854: Instance value (PKG_TYPE=SMD_SON40P330X330X100-17N) was added to instance ($1I568\$1I344) on (POWER).
pcb: Note 5854: Instance value (REFDES=U41) was added to instance ($1I568\$1I344) on (POWER).
pcb: Note 5854: Instance value (DEVICE=SMD_0603_RESC1608X55N) was added to instance ($1I568\$1I387) on (POWER).
pcb: Note 5854: Instance value (PKG_TYPE=SMD_0603_RESC1608X55N) was added to instance ($1I568\$1I387) on (POWER).
pcb: Note 5854: Instance value (REFDES=R19) was added to instance ($1I568\$1I387) on (POWER).
pcb: Note 5854: Instance value (DEVICE=SMD_0603_RESC1608X55N) was added to instance ($1I568\$1I415) on (POWER).
pcb: Note 5854: Instance value (PKG_TYPE=SMD_0603_RESC1608X55N) was added to instance ($1I568\$1I415) on (POWER).
pcb: Note 5854: Instance value (REFDES=R20) was added to instance ($1I568\$1I415) on (POWER).
pcb: Note 5854: Instance value (DEVICE=SMD_SON40P330X330X100-17N) was added to instance ($1I568\$1I443) on (POWER).
pcb: Note 5854: Instance value (PKG_TYPE=SMD_SON40P330X330X100-17N) was added to instance ($1I568\$1I443) on (POWER).
pcb: Note 5854: Instance value (REFDES=U43) was added to instance ($1I568\$1I443) on (POWER).
pcb: Note 5854: Instance value (DEVICE=SMD_0603_RESC1608X55N) was added to instance ($1I568\$1I486) on (POWER).
pcb: Note 5854: Instance value (PKG_TYPE=SMD_0603_RESC1608X55N) was added to instance ($1I568\$1I486) on (POWER).
pcb: Note 5854: Instance value (REFDES=R21) was added to instance ($1I568\$1I486) on (POWER).
pcb: Note 5854: Instance value (DEVICE=SMD_0603_RESC1608X55N) was added to instance ($1I568\$1I514) on (POWER).
pcb: Note 5854: Instance value (PKG_TYPE=SMD_0603_RESC1608X55N) was added to instance ($1I568\$1I514) on (POWER).
pcb: Note 5854: Instance value (REFDES=R22) was added to instance ($1I568\$1I514) on (POWER).
pcb: Note 5854: Instance value (DEVICE=SMD_0805_CAPC2012X145N) was added to instance ($1I568\$1I542) on (POWER).
pcb: Note 5854: Instance value (PKG_TYPE=SMD_0805_CAPC2012X145N) was added to instance ($1I568\$1I542) on (POWER).
pcb: Note 5854: Instance value (REFDES=C212) was added to instance ($1I568\$1I542) on (POWER).
pcb: Note 5854: Instance value (DEVICE=SMD_0805_CAPC2012X145N) was added to instance ($1I568\$1I570) on (POWER).
pcb: Note 5854: Instance value (PKG_TYPE=SMD_0805_CAPC2012X145N) was added to instance ($1I568\$1I570) on (POWER).
pcb: Note 5854: Instance value (REFDES=C213) was added to instance ($1I568\$1I570) on (POWER).
pcb: Note 5854: Instance value (DEVICE=SMD_0805_CAPC2012X145N) was added to instance ($1I568\$1I598) on (POWER).
pcb: Note 5854: Instance value (PKG_TYPE=SMD_0805_CAPC2012X145N) was added to instance ($1I568\$1I598) on (POWER).
pcb: Note 5854: Instance value (REFDES=C214) was added to instance ($1I568\$1I598) on (POWER).
pcb: Note 5854: Instance value (DEVICE=SMD_0805_CAPC2012X145N) was added to instance ($1I568\$1I626) on (POWER).
pcb: Note 5854: Instance value (PKG_TYPE=SMD_0805_CAPC2012X145N) was added to instance ($1I568\$1I626) on (POWER).
pcb: Note 5854: Instance value (REFDES=C221) was added to instance ($1I568\$1I626) on (POWER).
pcb: Note 5854: Instance value (DEVICE=SMD_0805_CAPC2012X145N) was added to instance ($1I568\$1I654) on (POWER).
pcb: Note 5854: Instance value (PKG_TYPE=SMD_0805_CAPC2012X145N) was added to instance ($1I568\$1I654) on (POWER).
pcb: Note 5854: Instance value (REFDES=C222) was added to instance ($1I568\$1I654) on (POWER).
pcb: Note 5854: Instance value (DEVICE=SMD_0805_CAPC2012X145N) was added to instance ($1I568\$1I682) on (POWER).
pcb: Note 5854: Instance value (PKG_TYPE=SMD_0805_CAPC2012X145N) was added to instance ($1I568\$1I682) on (POWER).
pcb: Note 5854: Instance value (REFDES=C223) was added to instance ($1I568\$1I682) on (POWER).
pcb: Note 5854: Instance value (DEVICE=SMD_0805_CAPC2012X145N) was added to instance ($1I568\$1I710) on (POWER).
pcb: Note 5854: Instance value (PKG_TYPE=SMD_0805_CAPC2012X145N) was added to instance ($1I568\$1I710) on (POWER).
pcb: Note 5854: Instance value (REFDES=C224) was added to instance ($1I568\$1I710) on (POWER).
pcb: Note 5854: Instance value (DEVICE=SMD_0805_CAPC2012X145N) was added to instance ($1I568\$1I738) on (POWER).
pcb: Note 5854: Instance value (PKG_TYPE=SMD_0805_CAPC2012X145N) was added to instance ($1I568\$1I738) on (POWER).
pcb: Note 5854: Instance value (REFDES=C215) was added to instance ($1I568\$1I738) on (POWER).
pcb: Note 5854: Instance value (DEVICE=SMD_0805_CAPC2012X145N) was added to instance ($1I568\$1I766) on (POWER).
pcb: Note 5854: Instance value (PKG_TYPE=SMD_0805_CAPC2012X145N) was added to instance ($1I568\$1I766) on (POWER).
pcb: Note 5854: Instance value (REFDES=C216) was added to instance ($1I568\$1I766) on (POWER).
pcb: Note 5854: Instance value (DEVICE=SMD_0805_CAPC2012X145N) was added to instance ($1I568\$1I794) on (POWER).
pcb: Note 5854: Instance value (PKG_TYPE=SMD_0805_CAPC2012X145N) was added to instance ($1I568\$1I794) on (POWER).
pcb: Note 5854: Instance value (REFDES=C217) was added to instance ($1I568\$1I794) on (POWER).
pcb: Note 5854: Instance value (DEVICE=SMD_0805_CAPC2012X145N) was added to instance ($1I568\$1I822) on (POWER).
pcb: Note 5854: Instance value (PKG_TYPE=SMD_0805_CAPC2012X145N) was added to instance ($1I568\$1I822) on (POWER).
pcb: Note 5854: Instance value (REFDES=C218) was added to instance ($1I568\$1I822) on (POWER).
pcb: Note 5854: Instance value (DEVICE=SMD_0805_CAPC2012X145N) was added to instance ($1I568\$1I850) on (POWER).
pcb: Note 5854: Instance value (PKG_TYPE=SMD_0805_CAPC2012X145N) was added to instance ($1I568\$1I850) on (POWER).
pcb: Note 5854: Instance value (REFDES=C225) was added to instance ($1I568\$1I850) on (POWER).
pcb: Note 5854: Instance value (DEVICE=SMD_0805_CAPC2012X145N) was added to instance ($1I568\$1I878) on (POWER).
pcb: Note 5854: Instance value (PKG_TYPE=SMD_0805_CAPC2012X145N) was added to instance ($1I568\$1I878) on (POWER).
pcb: Note 5854: Instance value (REFDES=C226) was added to instance ($1I568\$1I878) on (POWER).
pcb: Note 5854: Instance value (DEVICE=SMD_0805_CAPC2012X145N) was added to instance ($1I568\$1I906) on (POWER).
pcb: Note 5854: Instance value (PKG_TYPE=SMD_0805_CAPC2012X145N) was added to instance ($1I568\$1I906) on (POWER).
pcb: Note 5854: Instance value (REFDES=C227) was added to instance ($1I568\$1I906) on (POWER).
pcb: Note 5854: Instance value (DEVICE=SMD_0805_CAPC2012X145N) was added to instance ($1I568\$1I934) on (POWER).
pcb: Note 5854: Instance value (PKG_TYPE=SMD_0805_CAPC2012X145N) was added to instance ($1I568\$1I934) on (POWER).
pcb: Note 5854: Instance value (REFDES=C228) was added to instance ($1I568\$1I934) on (POWER).
pcb: Note 5854: Instance value (DEVICE=SMD_SOIC127P1030X265-20N) was added to instance ($1I64\$1I64) on (MCU).
pcb: Note 5854: Instance value (PKG_TYPE=SMD_SOIC127P1030X265-20N) was added to instance ($1I64\$1I64) on (MCU).
pcb: Note 5854: Instance value (REFDES=U37) was added to instance ($1I64\$1I64) on (MCU).
pcb: Note 5854: Instance value (DEVICE=SMD_0603_CAPC1608X80N) was added to instance ($1I64\$1I107) on (MCU).
pcb: Note 5854: Instance value (PKG_TYPE=SMD_0603_CAPC1608X80N) was added to instance ($1I64\$1I107) on (MCU).
pcb: Note 5854: Instance value (REFDES=C207) was added to instance ($1I64\$1I107) on (MCU).
pcb: Note 5854: Instance value (DEVICE=SMD_0402_CAPC1005X55N) was added to instance ($1I64\$1I135) on (MCU).
pcb: Note 5854: Instance value (PKG_TYPE=SMD_0402_CAPC1005X55N) was added to instance ($1I64\$1I135) on (MCU).
pcb: Note 5854: Instance value (REFDES=C206) was added to instance ($1I64\$1I135) on (MCU).
pcb: Note 5854: Instance value (DEVICE=SMD_CON-CVILUX-CU04-SCM15B0) was added to instance ($1I64\$1I163) on (MCU).
pcb: Note 5854: Instance value (PKG_TYPE=SMD_CON-CVILUX-CU04-SCM15B0) was added to instance ($1I64\$1I163) on (MCU).
pcb: Note 5854: Instance value (REFDES=J3) was added to instance ($1I64\$1I163) on (MCU).
pcb: Note 5854: Instance value (DEVICE=SMD_SOT457_SOT95P275X110-6N) was added to instance ($1I64\$1I200) on (MCU).
pcb: Note 5854: Instance value (PKG_TYPE=SMD_SOT457_SOT95P275X110-6N) was added to instance ($1I64\$1I200) on (MCU).
pcb: Note 5854: Instance value (REFDES=U39) was added to instance ($1I64\$1I200) on (MCU).
pcb: Note 5854: Instance value (DEVICE=PTH_CON_WR-MRC4-6P_S) was added to instance ($1I64\$1I231) on (MCU).
pcb: Note 5854: Instance value (PKG_TYPE=PTH_CON_WR-MRC4-6P_S) was added to instance ($1I64\$1I231) on (MCU).
pcb: Note 5854: Instance value (REFDES=J4) was added to instance ($1I64\$1I231) on (MCU).
pcb: Note 5854: Instance value (DEVICE=SMD_DO214AC_SMC) was added to instance ($1I64\$1I264) on (MCU).
pcb: Note 5854: Instance value (PKG_TYPE=SMD_DO214AC_SMC) was added to instance ($1I64\$1I264) on (MCU).
pcb: Note 5854: Instance value (REFDES=D2) was added to instance ($1I64\$1I264) on (MCU).
pcb: Note 5854: Instance value (DEVICE=SMD_SOIC127P600X175-8N) was added to instance ($1I64\$1I292) on (MCU).
pcb: Note 5854: Instance value (PKG_TYPE=SMD_SOIC127P600X175-8N) was added to instance ($1I64\$1I292) on (MCU).
pcb: Note 5854: Instance value (REFDES=U40) was added to instance ($1I64\$1I292) on (MCU).
pcb: Note 5854: Instance value (DEVICE=SMD_0603_CAPC1608X95N) was added to instance ($1I64\$1I327) on (MCU).
pcb: Note 5854: Instance value (PKG_TYPE=SMD_0603_CAPC1608X95N) was added to instance ($1I64\$1I327) on (MCU).
pcb: Note 5854: Instance value (REFDES=C208) was added to instance ($1I64\$1I327) on (MCU).
pcb: Note 5854: Instance value (DEVICE=PTH_CON_WR-MRC4-6P_S) was added to instance ($1I64\$1I355) on (MCU).
pcb: Note 5854: Instance value (PKG_TYPE=PTH_CON_WR-MRC4-6P_S) was added to instance ($1I64\$1I355) on (MCU).
pcb: Note 5854: Instance value (REFDES=J5) was added to instance ($1I64\$1I355) on (MCU).
pcb: Note 5854: Instance value (DEVICE=SMD_DO214AC_SMC) was added to instance ($1I64\$1I388) on (MCU).
pcb: Note 5854: Instance value (PKG_TYPE=SMD_DO214AC_SMC) was added to instance ($1I64\$1I388) on (MCU).
pcb: Note 5854: Instance value (REFDES=D4) was added to instance ($1I64\$1I388) on (MCU).
pcb: Note 5854: Instance value (DEVICE=SMD_0402_RESC1005X37N) was added to instance ($1I64\$1I416) on (MCU).
pcb: Note 5854: Instance value (PKG_TYPE=SMD_0402_RESC1005X37N) was added to instance ($1I64\$1I416) on (MCU).
pcb: Note 5854: Instance value (REFDES=R15) was added to instance ($1I64\$1I416) on (MCU).
pcb: Note 5854: Instance value (DEVICE=SMD_0402_RESC1005X37N) was added to instance ($1I64\$1I444) on (MCU).
pcb: Note 5854: Instance value (PKG_TYPE=SMD_0402_RESC1005X37N) was added to instance ($1I64\$1I444) on (MCU).
pcb: Note 5854: Instance value (REFDES=R16) was added to instance ($1I64\$1I444) on (MCU).
pcb: Note 5854: Instance value (DEVICE=SMD_0402_RESC1005X37N) was added to instance ($1I64\$1I472) on (MCU).
pcb: Note 5854: Instance value (PKG_TYPE=SMD_0402_RESC1005X37N) was added to instance ($1I64\$1I472) on (MCU).
pcb: Note 5854: Instance value (REFDES=R17) was added to instance ($1I64\$1I472) on (MCU).
pcb: Note 5854: Instance value (DEVICE=SMD_0603_RESC1608X55N) was added to instance ($1I64\$1I500) on (MCU).
pcb: Note 5854: Instance value (PKG_TYPE=SMD_0603_RESC1608X55N) was added to instance ($1I64\$1I500) on (MCU).
pcb: Note 5854: Instance value (REFDES=R11) was added to instance ($1I64\$1I500) on (MCU).
pcb: Note 5854: Instance value (DEVICE=SMD_0402_RESC1005X37N) was added to instance ($1I64\$1I528) on (MCU).
pcb: Note 5854: Instance value (PKG_TYPE=SMD_0402_RESC1005X37N) was added to instance ($1I64\$1I528) on (MCU).
pcb: Note 5854: Instance value (REFDES=R12) was added to instance ($1I64\$1I528) on (MCU).
pcb: Note 5854: Instance value (DEVICE=SMD_SOIC127P600X175-14N) was added to instance ($1I64\$1I556) on (MCU).
pcb: Note 5854: Instance value (PKG_TYPE=SMD_SOIC127P600X175-14N) was added to instance ($1I64\$1I556) on (MCU).
pcb: Note 5854: Instance value (REFDES=U38) was added to instance ($1I64\$1I556) on (MCU).
pcb: Note 5854: Instance value (DEVICE=SMD_TP_100-254) was added to instance ($1I64\$1I593) on (MCU).
pcb: Note 5854: Instance value (PKG_TYPE=SMD_TP_100-254) was added to instance ($1I64\$1I593) on (MCU).
pcb: Note 5854: Instance value (REFDES=TP6) was added to instance ($1I64\$1I593) on (MCU).
pcb: Note 5854: Instance value (DEVICE=SMD_TP_100-254) was added to instance ($1I64\$1I616) on (MCU).
pcb: Note 5854: Instance value (PKG_TYPE=SMD_TP_100-254) was added to instance ($1I64\$1I616) on (MCU).
pcb: Note 5854: Instance value (REFDES=TP5) was added to instance ($1I64\$1I616) on (MCU).
pcb: Note 5854: Instance value (DEVICE=SMD_LED2012X100N) was added to instance ($1I64\$1I639) on (MCU).
pcb: Note 5854: Instance value (PKG_TYPE=SMD_LED2012X100N) was added to instance ($1I64\$1I639) on (MCU).
pcb: Note 5854: Instance value (REFDES=D1) was added to instance ($1I64\$1I639) on (MCU).
pcb: Note 5854: Instance value (DEVICE=SMD_0603_RESC1608X55N) was added to instance ($1I64\$1I666) on (MCU).
pcb: Note 5854: Instance value (PKG_TYPE=SMD_0603_RESC1608X55N) was added to instance ($1I64\$1I666) on (MCU).
pcb: Note 5854: Instance value (REFDES=R13) was added to instance ($1I64\$1I666) on (MCU).
pcb: Note 5854: Instance value (DEVICE=SMD_LED2012X100N) was added to instance ($1I64\$1I694) on (MCU).
pcb: Note 5854: Instance value (PKG_TYPE=SMD_LED2012X100N) was added to instance ($1I64\$1I694) on (MCU).
pcb: Note 5854: Instance value (REFDES=D3) was added to instance ($1I64\$1I694) on (MCU).
pcb: Note 5854: Instance value (DEVICE=SMD_0603_RESC1608X55N) was added to instance ($1I64\$1I721) on (MCU).
pcb: Note 5854: Instance value (PKG_TYPE=SMD_0603_RESC1608X55N) was added to instance ($1I64\$1I721) on (MCU).
pcb: Note 5854: Instance value (REFDES=R14) was added to instance ($1I64\$1I721) on (MCU).
pcb: Note 5854: Instance value (DEVICE=PTH_HDRV05W64P254_1X05) was added to instance ($1I64\$1I749) on (MCU).
pcb: Note 5854: Instance value (PKG_TYPE=PTH_HDRV05W64P254_1X05) was added to instance ($1I64\$1I749) on (MCU).
pcb: Note 5854: Instance value (REFDES=J1) was added to instance ($1I64\$1I749) on (MCU).
pcb: Note 5854: Instance value (DEVICE=PTH_HDRV05W64P254_1X05) was added to instance ($1I64\$1I782) on (MCU).
pcb: Note 5854: Instance value (PKG_TYPE=PTH_HDRV05W64P254_1X05) was added to instance ($1I64\$1I782) on (MCU).
pcb: Note 5854: Instance value (REFDES=J2) was added to instance ($1I64\$1I782) on (MCU).
pcb: Note 5854: Instance value (DEVICE=SMD_0603_RESC1608X55N) was added to instance ($1I64\$1I815) on (MCU).
pcb: Note 5854: Instance value (PKG_TYPE=SMD_0603_RESC1608X55N) was added to instance ($1I64\$1I815) on (MCU).
pcb: Note 5854: Instance value (REFDES=R18) was added to instance ($1I64\$1I815) on (MCU).
pcb: Note 5854: Instance value (DEVICE=PTH_HDRV02W11060P500_1X02) was added to instance ($1I64\$1I843) on (MCU).
pcb: Note 5854: Instance value (PKG_TYPE=PTH_HDRV02W11060P500_1X02) was added to instance ($1I64\$1I843) on (MCU).
pcb: Note 5854: Instance value (REFDES=J7) was added to instance ($1I64\$1I843) on (MCU).
pcb: Note 5854: Instance value (DEVICE=PTH_HDRV02W11060P500_1X02) was added to instance ($1I64\$1I873) on (MCU).
pcb: Note 5854: Instance value (PKG_TYPE=PTH_HDRV02W11060P500_1X02) was added to instance ($1I64\$1I873) on (MCU).
pcb: Note 5854: Instance value (REFDES=J6) was added to instance ($1I64\$1I873) on (MCU).
pcb: Note 5854: Instance value (DEVICE=PTH_CON_WR-MRC4-6P_S) was added to instance ($1I64\$1I903) on (MCU).
pcb: Note 5854: Instance value (PKG_TYPE=PTH_CON_WR-MRC4-6P_S) was added to instance ($1I64\$1I903) on (MCU).
pcb: Note 5854: Instance value (REFDES=J8) was added to instance ($1I64\$1I903) on (MCU).
pcb: Note 5854: Instance value (DEVICE=SMD_DO214AC_SMC) was added to instance ($1I64\$1I936) on (MCU).
pcb: Note 5854: Instance value (PKG_TYPE=SMD_DO214AC_SMC) was added to instance ($1I64\$1I936) on (MCU).
pcb: Note 5854: Instance value (REFDES=D6) was added to instance ($1I64\$1I936) on (MCU).
pcb: Note 5854: Instance value (DEVICE=PTH_CON_WR-MRC4-6P_S) was added to instance ($1I64\$1I964) on (MCU).
pcb: Note 5854: Instance value (PKG_TYPE=PTH_CON_WR-MRC4-6P_S) was added to instance ($1I64\$1I964) on (MCU).
pcb: Note 5854: Instance value (REFDES=J9) was added to instance ($1I64\$1I964) on (MCU).
pcb: Note 5854: Instance value (DEVICE=SMD_DO214AC_SMC) was added to instance ($1I64\$1I997) on (MCU).
pcb: Note 5854: Instance value (PKG_TYPE=SMD_DO214AC_SMC) was added to instance ($1I64\$1I997) on (MCU).
pcb: Note 5854: Instance value (REFDES=D5) was added to instance ($1I64\$1I997) on (MCU).
pcb: Note 5854: Instance value (DEVICE=PTH_TO220) was added to instance ($1I64\$1I1025) on (MCU).
pcb: Note 5854: Instance value (PKG_TYPE=PTH_TO220) was added to instance ($1I64\$1I1025) on (MCU).
pcb: Note 5854: Instance value (REFDES=U30) was added to instance ($1I64\$1I1025) on (MCU).
pcb: Note 5854: Instance value (DEVICE=SMD_QFN50P600X600X175-36AN) was added to instance ($1I69\$1I64) on (ASIC_1).
pcb: Note 5854: Instance value (PKG_TYPE=SMD_QFN50P600X600X175-36AN) was added to instance ($1I69\$1I64) on (ASIC_1).
pcb: Note 5854: Instance value (REFDES=U13) was added to instance ($1I69\$1I64) on (ASIC_1).
pcb: Note 5854: Instance value (DEVICE=SMD_0402_CAPC1005X70N) was added to instance ($1I69\$1I126) on (ASIC_1).
pcb: Note 5854: Instance value (PKG_TYPE=SMD_0402_CAPC1005X70N) was added to instance ($1I69\$1I126) on (ASIC_1).
pcb: Note 5854: Instance value (REFDES=C72) was added to instance ($1I69\$1I126) on (ASIC_1).
pcb: Note 5854: Instance value (DEVICE=SMD_0402_CAPC1005X70N) was added to instance ($1I69\$1I154) on (ASIC_1).
pcb: Note 5854: Instance value (PKG_TYPE=SMD_0402_CAPC1005X70N) was added to instance ($1I69\$1I154) on (ASIC_1).
pcb: Note 5854: Instance value (REFDES=C73) was added to instance ($1I69\$1I154) on (ASIC_1).
pcb: Note 5854: Instance value (DEVICE=SMD_0402_CAPC1005X70N) was added to instance ($1I69\$1I182) on (ASIC_1).
pcb: Note 5854: Instance value (PKG_TYPE=SMD_0402_CAPC1005X70N) was added to instance ($1I69\$1I182) on (ASIC_1).
pcb: Note 5854: Instance value (REFDES=C74) was added to instance ($1I69\$1I182) on (ASIC_1).
pcb: Note 5854: Instance value (DEVICE=SMD_0402_CAPC1005X70N) was added to instance ($1I69\$1I210) on (ASIC_1).
pcb: Note 5854: Instance value (PKG_TYPE=SMD_0402_CAPC1005X70N) was added to instance ($1I69\$1I210) on (ASIC_1).
pcb: Note 5854: Instance value (REFDES=C84) was added to instance ($1I69\$1I210) on (ASIC_1).
pcb: Note 5854: Instance value (DEVICE=SMD_0402_CAPC1005X70N) was added to instance ($1I69\$1I238) on (ASIC_1).
pcb: Note 5854: Instance value (PKG_TYPE=SMD_0402_CAPC1005X70N) was added to instance ($1I69\$1I238) on (ASIC_1).
pcb: Note 5854: Instance value (REFDES=C85) was added to instance ($1I69\$1I238) on (ASIC_1).
pcb: Note 5854: Instance value (DEVICE=SMD_0402_CAPC1005X70N) was added to instance ($1I69\$1I266) on (ASIC_1).
pcb: Note 5854: Instance value (PKG_TYPE=SMD_0402_CAPC1005X70N) was added to instance ($1I69\$1I266) on (ASIC_1).
pcb: Note 5854: Instance value (REFDES=C86) was added to instance ($1I69\$1I266) on (ASIC_1).
pcb: Note 5854: Instance value (DEVICE=SMD_QFN50P600X600X175-36AN) was added to instance ($1I69\$1I294) on (ASIC_1).
pcb: Note 5854: Instance value (PKG_TYPE=SMD_QFN50P600X600X175-36AN) was added to instance ($1I69\$1I294) on (ASIC_1).
pcb: Note 5854: Instance value (REFDES=U14) was added to instance ($1I69\$1I294) on (ASIC_1).
pcb: Note 5854: Instance value (DEVICE=SMD_0402_CAPC1005X70N) was added to instance ($1I69\$1I356) on (ASIC_1).
pcb: Note 5854: Instance value (PKG_TYPE=SMD_0402_CAPC1005X70N) was added to instance ($1I69\$1I356) on (ASIC_1).
pcb: Note 5854: Instance value (REFDES=C75) was added to instance ($1I69\$1I356) on (ASIC_1).
pcb: Note 5854: Instance value (DEVICE=SMD_0402_CAPC1005X70N) was added to instance ($1I69\$1I384) on (ASIC_1).
pcb: Note 5854: Instance value (PKG_TYPE=SMD_0402_CAPC1005X70N) was added to instance ($1I69\$1I384) on (ASIC_1).
pcb: Note 5854: Instance value (REFDES=C76) was added to instance ($1I69\$1I384) on (ASIC_1).
pcb: Note 5854: Instance value (DEVICE=SMD_0402_CAPC1005X70N) was added to instance ($1I69\$1I412) on (ASIC_1).
pcb: Note 5854: Instance value (PKG_TYPE=SMD_0402_CAPC1005X70N) was added to instance ($1I69\$1I412) on (ASIC_1).
pcb: Note 5854: Instance value (REFDES=C77) was added to instance ($1I69\$1I412) on (ASIC_1).
pcb: Note 5854: Instance value (DEVICE=SMD_0402_CAPC1005X70N) was added to instance ($1I69\$1I440) on (ASIC_1).
pcb: Note 5854: Instance value (PKG_TYPE=SMD_0402_CAPC1005X70N) was added to instance ($1I69\$1I440) on (ASIC_1).
pcb: Note 5854: Instance value (REFDES=C87) was added to instance ($1I69\$1I440) on (ASIC_1).
pcb: Note 5854: Instance value (DEVICE=SMD_0402_CAPC1005X70N) was added to instance ($1I69\$1I468) on (ASIC_1).
pcb: Note 5854: Instance value (PKG_TYPE=SMD_0402_CAPC1005X70N) was added to instance ($1I69\$1I468) on (ASIC_1).
pcb: Note 5854: Instance value (REFDES=C88) was added to instance ($1I69\$1I468) on (ASIC_1).
pcb: Note 5854: Instance value (DEVICE=SMD_0402_CAPC1005X70N) was added to instance ($1I69\$1I496) on (ASIC_1).
pcb: Note 5854: Instance value (PKG_TYPE=SMD_0402_CAPC1005X70N) was added to instance ($1I69\$1I496) on (ASIC_1).
pcb: Note 5854: Instance value (REFDES=C89) was added to instance ($1I69\$1I496) on (ASIC_1).
pcb: Note 5854: Instance value (DEVICE=SMD_QFN50P600X600X175-36AN) was added to instance ($1I69\$1I524) on (ASIC_1).
pcb: Note 5854: Instance value (PKG_TYPE=SMD_QFN50P600X600X175-36AN) was added to instance ($1I69\$1I524) on (ASIC_1).
pcb: Note 5854: Instance value (REFDES=U15) was added to instance ($1I69\$1I524) on (ASIC_1).
pcb: Note 5854: Instance value (DEVICE=SMD_0402_CAPC1005X70N) was added to instance ($1I69\$1I586) on (ASIC_1).
pcb: Note 5854: Instance value (PKG_TYPE=SMD_0402_CAPC1005X70N) was added to instance ($1I69\$1I586) on (ASIC_1).
pcb: Note 5854: Instance value (REFDES=C78) was added to instance ($1I69\$1I586) on (ASIC_1).
pcb: Note 5854: Instance value (DEVICE=SMD_0402_CAPC1005X70N) was added to instance ($1I69\$1I614) on (ASIC_1).
pcb: Note 5854: Instance value (PKG_TYPE=SMD_0402_CAPC1005X70N) was added to instance ($1I69\$1I614) on (ASIC_1).
pcb: Note 5854: Instance value (REFDES=C79) was added to instance ($1I69\$1I614) on (ASIC_1).
pcb: Note 5854: Instance value (DEVICE=SMD_0402_CAPC1005X70N) was added to instance ($1I69\$1I642) on (ASIC_1).
pcb: Note 5854: Instance value (PKG_TYPE=SMD_0402_CAPC1005X70N) was added to instance ($1I69\$1I642) on (ASIC_1).
pcb: Note 5854: Instance value (REFDES=C80) was added to instance ($1I69\$1I642) on (ASIC_1).
pcb: Note 5854: Instance value (DEVICE=SMD_0402_CAPC1005X70N) was added to instance ($1I69\$1I670) on (ASIC_1).
pcb: Note 5854: Instance value (PKG_TYPE=SMD_0402_CAPC1005X70N) was added to instance ($1I69\$1I670) on (ASIC_1).
pcb: Note 5854: Instance value (REFDES=C90) was added to instance ($1I69\$1I670) on (ASIC_1).
pcb: Note 5854: Instance value (DEVICE=SMD_0402_CAPC1005X70N) was added to instance ($1I69\$1I698) on (ASIC_1).
pcb: Note 5854: Instance value (PKG_TYPE=SMD_0402_CAPC1005X70N) was added to instance ($1I69\$1I698) on (ASIC_1).
pcb: Note 5854: Instance value (REFDES=C91) was added to instance ($1I69\$1I698) on (ASIC_1).
pcb: Note 5854: Instance value (DEVICE=SMD_0402_CAPC1005X70N) was added to instance ($1I69\$1I726) on (ASIC_1).
pcb: Note 5854: Instance value (PKG_TYPE=SMD_0402_CAPC1005X70N) was added to instance ($1I69\$1I726) on (ASIC_1).
pcb: Note 5854: Instance value (REFDES=C92) was added to instance ($1I69\$1I726) on (ASIC_1).
pcb: Note 5854: Instance value (DEVICE=SMD_QFN50P600X600X175-36AN) was added to instance ($1I69\$1I754) on (ASIC_1).
pcb: Note 5854: Instance value (PKG_TYPE=SMD_QFN50P600X600X175-36AN) was added to instance ($1I69\$1I754) on (ASIC_1).
pcb: Note 5854: Instance value (REFDES=U16) was added to instance ($1I69\$1I754) on (ASIC_1).
pcb: Note 5854: Instance value (DEVICE=SMD_0402_CAPC1005X70N) was added to instance ($1I69\$1I816) on (ASIC_1).
pcb: Note 5854: Instance value (PKG_TYPE=SMD_0402_CAPC1005X70N) was added to instance ($1I69\$1I816) on (ASIC_1).
pcb: Note 5854: Instance value (REFDES=C81) was added to instance ($1I69\$1I816) on (ASIC_1).
pcb: Note 5854: Instance value (DEVICE=SMD_0402_CAPC1005X70N) was added to instance ($1I69\$1I844) on (ASIC_1).
pcb: Note 5854: Instance value (PKG_TYPE=SMD_0402_CAPC1005X70N) was added to instance ($1I69\$1I844) on (ASIC_1).
pcb: Note 5854: Instance value (REFDES=C82) was added to instance ($1I69\$1I844) on (ASIC_1).
pcb: Note 5854: Instance value (DEVICE=SMD_0402_CAPC1005X70N) was added to instance ($1I69\$1I872) on (ASIC_1).
pcb: Note 5854: Instance value (PKG_TYPE=SMD_0402_CAPC1005X70N) was added to instance ($1I69\$1I872) on (ASIC_1).
pcb: Note 5854: Instance value (REFDES=C83) was added to instance ($1I69\$1I872) on (ASIC_1).
pcb: Note 5854: Instance value (DEVICE=SMD_0402_CAPC1005X70N) was added to instance ($1I69\$1I900) on (ASIC_1).
pcb: Note 5854: Instance value (PKG_TYPE=SMD_0402_CAPC1005X70N) was added to instance ($1I69\$1I900) on (ASIC_1).
pcb: Note 5854: Instance value (REFDES=C93) was added to instance ($1I69\$1I900) on (ASIC_1).
pcb: Note 5854: Instance value (DEVICE=SMD_0402_CAPC1005X70N) was added to instance ($1I69\$1I928) on (ASIC_1).
pcb: Note 5854: Instance value (PKG_TYPE=SMD_0402_CAPC1005X70N) was added to instance ($1I69\$1I928) on (ASIC_1).
pcb: Note 5854: Instance value (REFDES=C94) was added to instance ($1I69\$1I928) on (ASIC_1).
pcb: Note 5854: Instance value (DEVICE=SMD_0402_CAPC1005X70N) was added to instance ($1I69\$1I956) on (ASIC_1).
pcb: Note 5854: Instance value (PKG_TYPE=SMD_0402_CAPC1005X70N) was added to instance ($1I69\$1I956) on (ASIC_1).
pcb: Note 5854: Instance value (REFDES=C95) was added to instance ($1I69\$1I956) on (ASIC_1).
pcb: Note 5854: Instance value (DEVICE=SMD_QFN50P600X600X175-36AN) was added to instance ($1I69\$1I984) on (ASIC_1).
pcb: Note 5854: Instance value (PKG_TYPE=SMD_QFN50P600X600X175-36AN) was added to instance ($1I69\$1I984) on (ASIC_1).
pcb: Note 5854: Instance value (REFDES=U17) was added to instance ($1I69\$1I984) on (ASIC_1).
pcb: Note 5854: Instance value (DEVICE=SMD_0402_CAPC1005X70N) was added to instance ($1I69\$1I1046) on (ASIC_1).
pcb: Note 5854: Instance value (PKG_TYPE=SMD_0402_CAPC1005X70N) was added to instance ($1I69\$1I1046) on (ASIC_1).
pcb: Note 5854: Instance value (REFDES=C96) was added to instance ($1I69\$1I1046) on (ASIC_1).
pcb: Note 5854: Instance value (DEVICE=SMD_0402_CAPC1005X70N) was added to instance ($1I69\$1I1074) on (ASIC_1).
pcb: Note 5854: Instance value (PKG_TYPE=SMD_0402_CAPC1005X70N) was added to instance ($1I69\$1I1074) on (ASIC_1).
pcb: Note 5854: Instance value (REFDES=C97) was added to instance ($1I69\$1I1074) on (ASIC_1).
pcb: Note 5854: Instance value (DEVICE=SMD_0402_CAPC1005X70N) was added to instance ($1I69\$1I1102) on (ASIC_1).
pcb: Note 5854: Instance value (PKG_TYPE=SMD_0402_CAPC1005X70N) was added to instance ($1I69\$1I1102) on (ASIC_1).
pcb: Note 5854: Instance value (REFDES=C98) was added to instance ($1I69\$1I1102) on (ASIC_1).
pcb: Note 5854: Instance value (DEVICE=SMD_0402_CAPC1005X70N) was added to instance ($1I69\$1I1130) on (ASIC_1).
pcb: Note 5854: Instance value (PKG_TYPE=SMD_0402_CAPC1005X70N) was added to instance ($1I69\$1I1130) on (ASIC_1).
pcb: Note 5854: Instance value (REFDES=C108) was added to instance ($1I69\$1I1130) on (ASIC_1).
pcb: Note 5854: Instance value (DEVICE=SMD_0402_CAPC1005X70N) was added to instance ($1I69\$1I1158) on (ASIC_1).
pcb: Note 5854: Instance value (PKG_TYPE=SMD_0402_CAPC1005X70N) was added to instance ($1I69\$1I1158) on (ASIC_1).
pcb: Note 5854: Instance value (REFDES=C109) was added to instance ($1I69\$1I1158) on (ASIC_1).
pcb: Note 5854: Instance value (DEVICE=SMD_0402_CAPC1005X70N) was added to instance ($1I69\$1I1186) on (ASIC_1).
pcb: Note 5854: Instance value (PKG_TYPE=SMD_0402_CAPC1005X70N) was added to instance ($1I69\$1I1186) on (ASIC_1).
pcb: Note 5854: Instance value (REFDES=C110) was added to instance ($1I69\$1I1186) on (ASIC_1).
pcb: Note 5854: Instance value (DEVICE=SMD_QFN40P500X500X80-41N) was added to instance ($1I69\$1I1214) on (ASIC_1).
pcb: Note 5854: Instance value (PKG_TYPE=SMD_QFN40P500X500X80-41N) was added to instance ($1I69\$1I1214) on (ASIC_1).
pcb: Note 5854: Instance value (REFDES=U21) was added to instance ($1I69\$1I1214) on (ASIC_1).
pcb: Note 5854: Instance value (DEVICE=SMD_0402_CAPC1005X55N) was added to instance ($1I69\$1I1287) on (ASIC_1).
pcb: Note 5854: Instance value (PKG_TYPE=SMD_0402_CAPC1005X55N) was added to instance ($1I69\$1I1287) on (ASIC_1).
pcb: Note 5854: Instance value (REFDES=C120) was added to instance ($1I69\$1I1287) on (ASIC_1).
pcb: Note 5854: Instance value (DEVICE=SMD_QFN50P600X600X175-36AN) was added to instance ($1I74\$1I64) on (ASIC_2).
pcb: Note 5854: Instance value (PKG_TYPE=SMD_QFN50P600X600X175-36AN) was added to instance ($1I74\$1I64) on (ASIC_2).
pcb: Note 5854: Instance value (REFDES=U25) was added to instance ($1I74\$1I64) on (ASIC_2).
pcb: Note 5854: Instance value (DEVICE=SMD_0402_CAPC1005X70N) was added to instance ($1I74\$1I126) on (ASIC_2).
pcb: Note 5854: Instance value (PKG_TYPE=SMD_0402_CAPC1005X70N) was added to instance ($1I74\$1I126) on (ASIC_2).
pcb: Note 5854: Instance value (REFDES=C139) was added to instance ($1I74\$1I126) on (ASIC_2).
pcb: Note 5854: Instance value (DEVICE=SMD_0402_CAPC1005X70N) was added to instance ($1I74\$1I154) on (ASIC_2).
pcb: Note 5854: Instance value (PKG_TYPE=SMD_0402_CAPC1005X70N) was added to instance ($1I74\$1I154) on (ASIC_2).
pcb: Note 5854: Instance value (REFDES=C140) was added to instance ($1I74\$1I154) on (ASIC_2).
pcb: Note 5854: Instance value (DEVICE=SMD_0402_CAPC1005X70N) was added to instance ($1I74\$1I182) on (ASIC_2).
pcb: Note 5854: Instance value (PKG_TYPE=SMD_0402_CAPC1005X70N) was added to instance ($1I74\$1I182) on (ASIC_2).
pcb: Note 5854: Instance value (REFDES=C141) was added to instance ($1I74\$1I182) on (ASIC_2).
pcb: Note 5854: Instance value (DEVICE=SMD_0402_CAPC1005X70N) was added to instance ($1I74\$1I210) on (ASIC_2).
pcb: Note 5854: Instance value (PKG_TYPE=SMD_0402_CAPC1005X70N) was added to instance ($1I74\$1I210) on (ASIC_2).
pcb: Note 5854: Instance value (REFDES=C151) was added to instance ($1I74\$1I210) on (ASIC_2).
pcb: Note 5854: Instance value (DEVICE=SMD_0402_CAPC1005X70N) was added to instance ($1I74\$1I238) on (ASIC_2).
pcb: Note 5854: Instance value (PKG_TYPE=SMD_0402_CAPC1005X70N) was added to instance ($1I74\$1I238) on (ASIC_2).
pcb: Note 5854: Instance value (REFDES=C152) was added to instance ($1I74\$1I238) on (ASIC_2).
pcb: Note 5854: Instance value (DEVICE=SMD_0402_CAPC1005X70N) was added to instance ($1I74\$1I266) on (ASIC_2).
pcb: Note 5854: Instance value (PKG_TYPE=SMD_0402_CAPC1005X70N) was added to instance ($1I74\$1I266) on (ASIC_2).
pcb: Note 5854: Instance value (REFDES=C153) was added to instance ($1I74\$1I266) on (ASIC_2).
pcb: Note 5854: Instance value (DEVICE=SMD_QFN50P600X600X175-36AN) was added to instance ($1I74\$1I294) on (ASIC_2).
pcb: Note 5854: Instance value (PKG_TYPE=SMD_QFN50P600X600X175-36AN) was added to instance ($1I74\$1I294) on (ASIC_2).
pcb: Note 5854: Instance value (REFDES=U26) was added to instance ($1I74\$1I294) on (ASIC_2).
pcb: Note 5854: Instance value (DEVICE=SMD_0402_CAPC1005X70N) was added to instance ($1I74\$1I356) on (ASIC_2).
pcb: Note 5854: Instance value (PKG_TYPE=SMD_0402_CAPC1005X70N) was added to instance ($1I74\$1I356) on (ASIC_2).
pcb: Note 5854: Instance value (REFDES=C142) was added to instance ($1I74\$1I356) on (ASIC_2).
pcb: Note 5854: Instance value (DEVICE=SMD_0402_CAPC1005X70N) was added to instance ($1I74\$1I384) on (ASIC_2).
pcb: Note 5854: Instance value (PKG_TYPE=SMD_0402_CAPC1005X70N) was added to instance ($1I74\$1I384) on (ASIC_2).
pcb: Note 5854: Instance value (REFDES=C143) was added to instance ($1I74\$1I384) on (ASIC_2).
pcb: Note 5854: Instance value (DEVICE=SMD_0402_CAPC1005X70N) was added to instance ($1I74\$1I412) on (ASIC_2).
pcb: Note 5854: Instance value (PKG_TYPE=SMD_0402_CAPC1005X70N) was added to instance ($1I74\$1I412) on (ASIC_2).
pcb: Note 5854: Instance value (REFDES=C144) was added to instance ($1I74\$1I412) on (ASIC_2).
pcb: Note 5854: Instance value (DEVICE=SMD_0402_CAPC1005X70N) was added to instance ($1I74\$1I440) on (ASIC_2).
pcb: Note 5854: Instance value (PKG_TYPE=SMD_0402_CAPC1005X70N) was added to instance ($1I74\$1I440) on (ASIC_2).
pcb: Note 5854: Instance value (REFDES=C154) was added to instance ($1I74\$1I440) on (ASIC_2).
pcb: Note 5854: Instance value (DEVICE=SMD_0402_CAPC1005X70N) was added to instance ($1I74\$1I468) on (ASIC_2).
pcb: Note 5854: Instance value (PKG_TYPE=SMD_0402_CAPC1005X70N) was added to instance ($1I74\$1I468) on (ASIC_2).
pcb: Note 5854: Instance value (REFDES=C155) was added to instance ($1I74\$1I468) on (ASIC_2).
pcb: Note 5854: Instance value (DEVICE=SMD_0402_CAPC1005X70N) was added to instance ($1I74\$1I496) on (ASIC_2).
pcb: Note 5854: Instance value (PKG_TYPE=SMD_0402_CAPC1005X70N) was added to instance ($1I74\$1I496) on (ASIC_2).
pcb: Note 5854: Instance value (REFDES=C156) was added to instance ($1I74\$1I496) on (ASIC_2).
pcb: Note 5854: Instance value (DEVICE=SMD_QFN50P600X600X175-36AN) was added to instance ($1I74\$1I524) on (ASIC_2).
pcb: Note 5854: Instance value (PKG_TYPE=SMD_QFN50P600X600X175-36AN) was added to instance ($1I74\$1I524) on (ASIC_2).
pcb: Note 5854: Instance value (REFDES=U27) was added to instance ($1I74\$1I524) on (ASIC_2).
pcb: Note 5854: Instance value (DEVICE=SMD_0402_CAPC1005X70N) was added to instance ($1I74\$1I586) on (ASIC_2).
pcb: Note 5854: Instance value (PKG_TYPE=SMD_0402_CAPC1005X70N) was added to instance ($1I74\$1I586) on (ASIC_2).
pcb: Note 5854: Instance value (REFDES=C145) was added to instance ($1I74\$1I586) on (ASIC_2).
pcb: Note 5854: Instance value (DEVICE=SMD_0402_CAPC1005X70N) was added to instance ($1I74\$1I614) on (ASIC_2).
pcb: Note 5854: Instance value (PKG_TYPE=SMD_0402_CAPC1005X70N) was added to instance ($1I74\$1I614) on (ASIC_2).
pcb: Note 5854: Instance value (REFDES=C146) was added to instance ($1I74\$1I614) on (ASIC_2).
pcb: Note 5854: Instance value (DEVICE=SMD_0402_CAPC1005X70N) was added to instance ($1I74\$1I642) on (ASIC_2).
pcb: Note 5854: Instance value (PKG_TYPE=SMD_0402_CAPC1005X70N) was added to instance ($1I74\$1I642) on (ASIC_2).
pcb: Note 5854: Instance value (REFDES=C147) was added to instance ($1I74\$1I642) on (ASIC_2).
pcb: Note 5854: Instance value (DEVICE=SMD_0402_CAPC1005X70N) was added to instance ($1I74\$1I670) on (ASIC_2).
pcb: Note 5854: Instance value (PKG_TYPE=SMD_0402_CAPC1005X70N) was added to instance ($1I74\$1I670) on (ASIC_2).
pcb: Note 5854: Instance value (REFDES=C157) was added to instance ($1I74\$1I670) on (ASIC_2).
pcb: Note 5854: Instance value (DEVICE=SMD_0402_CAPC1005X70N) was added to instance ($1I74\$1I698) on (ASIC_2).
pcb: Note 5854: Instance value (PKG_TYPE=SMD_0402_CAPC1005X70N) was added to instance ($1I74\$1I698) on (ASIC_2).
pcb: Note 5854: Instance value (REFDES=C158) was added to instance ($1I74\$1I698) on (ASIC_2).
pcb: Note 5854: Instance value (DEVICE=SMD_0402_CAPC1005X70N) was added to instance ($1I74\$1I726) on (ASIC_2).
pcb: Note 5854: Instance value (PKG_TYPE=SMD_0402_CAPC1005X70N) was added to instance ($1I74\$1I726) on (ASIC_2).
pcb: Note 5854: Instance value (REFDES=C159) was added to instance ($1I74\$1I726) on (ASIC_2).
pcb: Note 5854: Instance value (DEVICE=SMD_QFN50P600X600X175-36AN) was added to instance ($1I74\$1I754) on (ASIC_2).
pcb: Note 5854: Instance value (PKG_TYPE=SMD_QFN50P600X600X175-36AN) was added to instance ($1I74\$1I754) on (ASIC_2).
pcb: Note 5854: Instance value (REFDES=U28) was added to instance ($1I74\$1I754) on (ASIC_2).
pcb: Note 5854: Instance value (DEVICE=SMD_0402_CAPC1005X70N) was added to instance ($1I74\$1I816) on (ASIC_2).
pcb: Note 5854: Instance value (PKG_TYPE=SMD_0402_CAPC1005X70N) was added to instance ($1I74\$1I816) on (ASIC_2).
pcb: Note 5854: Instance value (REFDES=C148) was added to instance ($1I74\$1I816) on (ASIC_2).
pcb: Note 5854: Instance value (DEVICE=SMD_0402_CAPC1005X70N) was added to instance ($1I74\$1I844) on (ASIC_2).
pcb: Note 5854: Instance value (PKG_TYPE=SMD_0402_CAPC1005X70N) was added to instance ($1I74\$1I844) on (ASIC_2).
pcb: Note 5854: Instance value (REFDES=C149) was added to instance ($1I74\$1I844) on (ASIC_2).
pcb: Note 5854: Instance value (DEVICE=SMD_0402_CAPC1005X70N) was added to instance ($1I74\$1I872) on (ASIC_2).
pcb: Note 5854: Instance value (PKG_TYPE=SMD_0402_CAPC1005X70N) was added to instance ($1I74\$1I872) on (ASIC_2).
pcb: Note 5854: Instance value (REFDES=C150) was added to instance ($1I74\$1I872) on (ASIC_2).
pcb: Note 5854: Instance value (DEVICE=SMD_0402_CAPC1005X70N) was added to instance ($1I74\$1I900) on (ASIC_2).
pcb: Note 5854: Instance value (PKG_TYPE=SMD_0402_CAPC1005X70N) was added to instance ($1I74\$1I900) on (ASIC_2).
pcb: Note 5854: Instance value (REFDES=C160) was added to instance ($1I74\$1I900) on (ASIC_2).
pcb: Note 5854: Instance value (DEVICE=SMD_0402_CAPC1005X70N) was added to instance ($1I74\$1I928) on (ASIC_2).
pcb: Note 5854: Instance value (PKG_TYPE=SMD_0402_CAPC1005X70N) was added to instance ($1I74\$1I928) on (ASIC_2).
pcb: Note 5854: Instance value (REFDES=C161) was added to instance ($1I74\$1I928) on (ASIC_2).
pcb: Note 5854: Instance value (DEVICE=SMD_0402_CAPC1005X70N) was added to instance ($1I74\$1I956) on (ASIC_2).
pcb: Note 5854: Instance value (PKG_TYPE=SMD_0402_CAPC1005X70N) was added to instance ($1I74\$1I956) on (ASIC_2).
pcb: Note 5854: Instance value (REFDES=C162) was added to instance ($1I74\$1I956) on (ASIC_2).
pcb: Note 5854: Instance value (DEVICE=SMD_QFN40P500X500X80-41N) was added to instance ($1I74\$1I984) on (ASIC_2).
pcb: Note 5854: Instance value (PKG_TYPE=SMD_QFN40P500X500X80-41N) was added to instance ($1I74\$1I984) on (ASIC_2).
pcb: Note 5854: Instance value (REFDES=U33) was added to instance ($1I74\$1I984) on (ASIC_2).
pcb: Note 5854: Instance value (DEVICE=SMD_0402_CAPC1005X55N) was added to instance ($1I74\$1I1051) on (ASIC_2).
pcb: Note 5854: Instance value (PKG_TYPE=SMD_0402_CAPC1005X55N) was added to instance ($1I74\$1I1051) on (ASIC_2).
pcb: Note 5854: Instance value (REFDES=C187) was added to instance ($1I74\$1I1051) on (ASIC_2).
pcb: Note 5854: Instance value (DEVICE=SMD_QFN50P600X600X175-36AN) was added to instance ($1I74\$1I1079) on (ASIC_2).
pcb: Note 5854: Instance value (PKG_TYPE=SMD_QFN50P600X600X175-36AN) was added to instance ($1I74\$1I1079) on (ASIC_2).
pcb: Note 5854: Instance value (REFDES=U19) was added to instance ($1I74\$1I1079) on (ASIC_2).
pcb: Note 5854: Instance value (DEVICE=SMD_0402_CAPC1005X70N) was added to instance ($1I74\$1I1141) on (ASIC_2).
pcb: Note 5854: Instance value (PKG_TYPE=SMD_0402_CAPC1005X70N) was added to instance ($1I74\$1I1141) on (ASIC_2).
pcb: Note 5854: Instance value (REFDES=C102) was added to instance ($1I74\$1I1141) on (ASIC_2).
pcb: Note 5854: Instance value (DEVICE=SMD_0402_CAPC1005X70N) was added to instance ($1I74\$1I1169) on (ASIC_2).
pcb: Note 5854: Instance value (PKG_TYPE=SMD_0402_CAPC1005X70N) was added to instance ($1I74\$1I1169) on (ASIC_2).
pcb: Note 5854: Instance value (REFDES=C103) was added to instance ($1I74\$1I1169) on (ASIC_2).
pcb: Note 5854: Instance value (DEVICE=SMD_0402_CAPC1005X70N) was added to instance ($1I74\$1I1197) on (ASIC_2).
pcb: Note 5854: Instance value (PKG_TYPE=SMD_0402_CAPC1005X70N) was added to instance ($1I74\$1I1197) on (ASIC_2).
pcb: Note 5854: Instance value (REFDES=C104) was added to instance ($1I74\$1I1197) on (ASIC_2).
pcb: Note 5854: Instance value (DEVICE=SMD_0402_CAPC1005X70N) was added to instance ($1I74\$1I1225) on (ASIC_2).
pcb: Note 5854: Instance value (PKG_TYPE=SMD_0402_CAPC1005X70N) was added to instance ($1I74\$1I1225) on (ASIC_2).
pcb: Note 5854: Instance value (REFDES=C117) was added to instance ($1I74\$1I1225) on (ASIC_2).
pcb: Note 5854: Instance value (DEVICE=SMD_0402_CAPC1005X70N) was added to instance ($1I74\$1I1253) on (ASIC_2).
pcb: Note 5854: Instance value (PKG_TYPE=SMD_0402_CAPC1005X70N) was added to instance ($1I74\$1I1253) on (ASIC_2).
pcb: Note 5854: Instance value (REFDES=C118) was added to instance ($1I74\$1I1253) on (ASIC_2).
pcb: Note 5854: Instance value (DEVICE=SMD_0402_CAPC1005X70N) was added to instance ($1I74\$1I1281) on (ASIC_2).
pcb: Note 5854: Instance value (PKG_TYPE=SMD_0402_CAPC1005X70N) was added to instance ($1I74\$1I1281) on (ASIC_2).
pcb: Note 5854: Instance value (REFDES=C119) was added to instance ($1I74\$1I1281) on (ASIC_2).
pcb: Note 5854: Instance value (DEVICE=SMD_QFN50P600X600X175-36AN) was added to instance ($1I74\$1I1309) on (ASIC_2).
pcb: Note 5854: Instance value (PKG_TYPE=SMD_QFN50P600X600X175-36AN) was added to instance ($1I74\$1I1309) on (ASIC_2).
pcb: Note 5854: Instance value (REFDES=U20) was added to instance ($1I74\$1I1309) on (ASIC_2).
pcb: Note 5854: Instance value (DEVICE=SMD_0402_CAPC1005X70N) was added to instance ($1I74\$1I1371) on (ASIC_2).
pcb: Note 5854: Instance value (PKG_TYPE=SMD_0402_CAPC1005X70N) was added to instance ($1I74\$1I1371) on (ASIC_2).
pcb: Note 5854: Instance value (REFDES=C105) was added to instance ($1I74\$1I1371) on (ASIC_2).
pcb: Note 5854: Instance value (DEVICE=SMD_0402_CAPC1005X70N) was added to instance ($1I74\$1I1399) on (ASIC_2).
pcb: Note 5854: Instance value (PKG_TYPE=SMD_0402_CAPC1005X70N) was added to instance ($1I74\$1I1399) on (ASIC_2).
pcb: Note 5854: Instance value (REFDES=C106) was added to instance ($1I74\$1I1399) on (ASIC_2).
pcb: Note 5854: Instance value (DEVICE=SMD_0402_CAPC1005X70N) was added to instance ($1I74\$1I1427) on (ASIC_2).
pcb: Note 5854: Instance value (PKG_TYPE=SMD_0402_CAPC1005X70N) was added to instance ($1I74\$1I1427) on (ASIC_2).
pcb: Note 5854: Instance value (REFDES=C107) was added to instance ($1I74\$1I1427) on (ASIC_2).
pcb: Note 5854: Instance value (DEVICE=SMD_0402_CAPC1005X70N) was added to instance ($1I74\$1I1455) on (ASIC_2).
pcb: Note 5854: Instance value (PKG_TYPE=SMD_0402_CAPC1005X70N) was added to instance ($1I74\$1I1455) on (ASIC_2).
pcb: Note 5854: Instance value (REFDES=C121) was added to instance ($1I74\$1I1455) on (ASIC_2).
pcb: Note 5854: Instance value (DEVICE=SMD_0402_CAPC1005X70N) was added to instance ($1I74\$1I1483) on (ASIC_2).
pcb: Note 5854: Instance value (PKG_TYPE=SMD_0402_CAPC1005X70N) was added to instance ($1I74\$1I1483) on (ASIC_2).
pcb: Note 5854: Instance value (REFDES=C122) was added to instance ($1I74\$1I1483) on (ASIC_2).
pcb: Note 5854: Instance value (DEVICE=SMD_0402_CAPC1005X70N) was added to instance ($1I74\$1I1511) on (ASIC_2).
pcb: Note 5854: Instance value (PKG_TYPE=SMD_0402_CAPC1005X70N) was added to instance ($1I74\$1I1511) on (ASIC_2).
pcb: Note 5854: Instance value (REFDES=C123) was added to instance ($1I74\$1I1511) on (ASIC_2).
pcb: Note 5854: Instance value (DEVICE=SMD_QFN50P600X600X175-36AN) was added to instance ($1I74\$1I1539) on (ASIC_2).
pcb: Note 5854: Instance value (PKG_TYPE=SMD_QFN50P600X600X175-36AN) was added to instance ($1I74\$1I1539) on (ASIC_2).
pcb: Note 5854: Instance value (REFDES=U22) was added to instance ($1I74\$1I1539) on (ASIC_2).
pcb: Note 5854: Instance value (DEVICE=SMD_0402_CAPC1005X70N) was added to instance ($1I74\$1I1601) on (ASIC_2).
pcb: Note 5854: Instance value (PKG_TYPE=SMD_0402_CAPC1005X70N) was added to instance ($1I74\$1I1601) on (ASIC_2).
pcb: Note 5854: Instance value (REFDES=C111) was added to instance ($1I74\$1I1601) on (ASIC_2).
pcb: Note 5854: Instance value (DEVICE=SMD_0402_CAPC1005X70N) was added to instance ($1I74\$1I1629) on (ASIC_2).
pcb: Note 5854: Instance value (PKG_TYPE=SMD_0402_CAPC1005X70N) was added to instance ($1I74\$1I1629) on (ASIC_2).
pcb: Note 5854: Instance value (REFDES=C112) was added to instance ($1I74\$1I1629) on (ASIC_2).
pcb: Note 5854: Instance value (DEVICE=SMD_0402_CAPC1005X70N) was added to instance ($1I74\$1I1657) on (ASIC_2).
pcb: Note 5854: Instance value (PKG_TYPE=SMD_0402_CAPC1005X70N) was added to instance ($1I74\$1I1657) on (ASIC_2).
pcb: Note 5854: Instance value (REFDES=C113) was added to instance ($1I74\$1I1657) on (ASIC_2).
pcb: Note 5854: Instance value (DEVICE=SMD_0402_CAPC1005X70N) was added to instance ($1I74\$1I1685) on (ASIC_2).
pcb: Note 5854: Instance value (PKG_TYPE=SMD_0402_CAPC1005X70N) was added to instance ($1I74\$1I1685) on (ASIC_2).
pcb: Note 5854: Instance value (REFDES=C124) was added to instance ($1I74\$1I1685) on (ASIC_2).
pcb: Note 5854: Instance value (DEVICE=SMD_0402_CAPC1005X70N) was added to instance ($1I74\$1I1713) on (ASIC_2).
pcb: Note 5854: Instance value (PKG_TYPE=SMD_0402_CAPC1005X70N) was added to instance ($1I74\$1I1713) on (ASIC_2).
pcb: Note 5854: Instance value (REFDES=C125) was added to instance ($1I74\$1I1713) on (ASIC_2).
pcb: Note 5854: Instance value (DEVICE=SMD_0402_CAPC1005X70N) was added to instance ($1I74\$1I1741) on (ASIC_2).
pcb: Note 5854: Instance value (PKG_TYPE=SMD_0402_CAPC1005X70N) was added to instance ($1I74\$1I1741) on (ASIC_2).
pcb: Note 5854: Instance value (REFDES=C126) was added to instance ($1I74\$1I1741) on (ASIC_2).
pcb: Note 5854: Instance value (DEVICE=SMD_QFN50P600X600X175-36AN) was added to instance ($1I74\$1I1769) on (ASIC_2).
pcb: Note 5854: Instance value (PKG_TYPE=SMD_QFN50P600X600X175-36AN) was added to instance ($1I74\$1I1769) on (ASIC_2).
pcb: Note 5854: Instance value (REFDES=U23) was added to instance ($1I74\$1I1769) on (ASIC_2).
pcb: Note 5854: Instance value (DEVICE=SMD_0402_CAPC1005X70N) was added to instance ($1I74\$1I1831) on (ASIC_2).
pcb: Note 5854: Instance value (PKG_TYPE=SMD_0402_CAPC1005X70N) was added to instance ($1I74\$1I1831) on (ASIC_2).
pcb: Note 5854: Instance value (REFDES=C127) was added to instance ($1I74\$1I1831) on (ASIC_2).
pcb: Note 5854: Instance value (DEVICE=SMD_0402_CAPC1005X70N) was added to instance ($1I74\$1I1859) on (ASIC_2).
pcb: Note 5854: Instance value (PKG_TYPE=SMD_0402_CAPC1005X70N) was added to instance ($1I74\$1I1859) on (ASIC_2).
pcb: Note 5854: Instance value (REFDES=C128) was added to instance ($1I74\$1I1859) on (ASIC_2).
pcb: Note 5854: Instance value (DEVICE=SMD_0402_CAPC1005X70N) was added to instance ($1I74\$1I1887) on (ASIC_2).
pcb: Note 5854: Instance value (PKG_TYPE=SMD_0402_CAPC1005X70N) was added to instance ($1I74\$1I1887) on (ASIC_2).
pcb: Note 5854: Instance value (REFDES=C129) was added to instance ($1I74\$1I1887) on (ASIC_2).
pcb: Note 5854: Instance value (DEVICE=SMD_0402_CAPC1005X70N) was added to instance ($1I74\$1I1915) on (ASIC_2).
pcb: Note 5854: Instance value (PKG_TYPE=SMD_0402_CAPC1005X70N) was added to instance ($1I74\$1I1915) on (ASIC_2).
pcb: Note 5854: Instance value (REFDES=C136) was added to instance ($1I74\$1I1915) on (ASIC_2).
pcb: Note 5854: Instance value (DEVICE=SMD_0402_CAPC1005X70N) was added to instance ($1I74\$1I1943) on (ASIC_2).
pcb: Note 5854: Instance value (PKG_TYPE=SMD_0402_CAPC1005X70N) was added to instance ($1I74\$1I1943) on (ASIC_2).
pcb: Note 5854: Instance value (REFDES=C137) was added to instance ($1I74\$1I1943) on (ASIC_2).
pcb: Note 5854: Instance value (DEVICE=SMD_0402_CAPC1005X70N) was added to instance ($1I74\$1I1971) on (ASIC_2).
pcb: Note 5854: Instance value (PKG_TYPE=SMD_0402_CAPC1005X70N) was added to instance ($1I74\$1I1971) on (ASIC_2).
pcb: Note 5854: Instance value (REFDES=C138) was added to instance ($1I74\$1I1971) on (ASIC_2).
pcb: Note 5854: Instance value (DEVICE=SMD_QFN50P600X600X175-36AN) was added to instance ($1I74\$1I1999) on (ASIC_2).
pcb: Note 5854: Instance value (PKG_TYPE=SMD_QFN50P600X600X175-36AN) was added to instance ($1I74\$1I1999) on (ASIC_2).
pcb: Note 5854: Instance value (REFDES=U24) was added to instance ($1I74\$1I1999) on (ASIC_2).
pcb: Note 5854: Instance value (DEVICE=SMD_0402_CAPC1005X70N) was added to instance ($1I74\$1I2061) on (ASIC_2).
pcb: Note 5854: Instance value (PKG_TYPE=SMD_0402_CAPC1005X70N) was added to instance ($1I74\$1I2061) on (ASIC_2).
pcb: Note 5854: Instance value (REFDES=C130) was added to instance ($1I74\$1I2061) on (ASIC_2).
pcb: Note 5854: Instance value (DEVICE=SMD_0402_CAPC1005X70N) was added to instance ($1I74\$1I2089) on (ASIC_2).
pcb: Note 5854: Instance value (PKG_TYPE=SMD_0402_CAPC1005X70N) was added to instance ($1I74\$1I2089) on (ASIC_2).
pcb: Note 5854: Instance value (REFDES=C131) was added to instance ($1I74\$1I2089) on (ASIC_2).
pcb: Note 5854: Instance value (DEVICE=SMD_0402_CAPC1005X70N) was added to instance ($1I74\$1I2117) on (ASIC_2).
pcb: Note 5854: Instance value (PKG_TYPE=SMD_0402_CAPC1005X70N) was added to instance ($1I74\$1I2117) on (ASIC_2).
pcb: Note 5854: Instance value (REFDES=C132) was added to instance ($1I74\$1I2117) on (ASIC_2).
pcb: Note 5854: Instance value (DEVICE=SMD_0402_CAPC1005X70N) was added to instance ($1I74\$1I2145) on (ASIC_2).
pcb: Note 5854: Instance value (PKG_TYPE=SMD_0402_CAPC1005X70N) was added to instance ($1I74\$1I2145) on (ASIC_2).
pcb: Note 5854: Instance value (REFDES=C163) was added to instance ($1I74\$1I2145) on (ASIC_2).
pcb: Note 5854: Instance value (DEVICE=SMD_0402_CAPC1005X70N) was added to instance ($1I74\$1I2173) on (ASIC_2).
pcb: Note 5854: Instance value (PKG_TYPE=SMD_0402_CAPC1005X70N) was added to instance ($1I74\$1I2173) on (ASIC_2).
pcb: Note 5854: Instance value (REFDES=C164) was added to instance ($1I74\$1I2173) on (ASIC_2).
pcb: Note 5854: Instance value (DEVICE=SMD_0402_CAPC1005X70N) was added to instance ($1I74\$1I2201) on (ASIC_2).
pcb: Note 5854: Instance value (PKG_TYPE=SMD_0402_CAPC1005X70N) was added to instance ($1I74\$1I2201) on (ASIC_2).
pcb: Note 5854: Instance value (REFDES=C165) was added to instance ($1I74\$1I2201) on (ASIC_2).
pcb: Note 5854: Instance value (DEVICE=SMD_QFN50P600X600X175-36AN) was added to instance ($1I74\$1I2229) on (ASIC_2).
pcb: Note 5854: Instance value (PKG_TYPE=SMD_QFN50P600X600X175-36AN) was added to instance ($1I74\$1I2229) on (ASIC_2).
pcb: Note 5854: Instance value (REFDES=U29) was added to instance ($1I74\$1I2229) on (ASIC_2).
pcb: Note 5854: Instance value (DEVICE=SMD_0402_CAPC1005X70N) was added to instance ($1I74\$1I2291) on (ASIC_2).
pcb: Note 5854: Instance value (PKG_TYPE=SMD_0402_CAPC1005X70N) was added to instance ($1I74\$1I2291) on (ASIC_2).
pcb: Note 5854: Instance value (REFDES=C133) was added to instance ($1I74\$1I2291) on (ASIC_2).
pcb: Note 5854: Instance value (DEVICE=SMD_0402_CAPC1005X70N) was added to instance ($1I74\$1I2319) on (ASIC_2).
pcb: Note 5854: Instance value (PKG_TYPE=SMD_0402_CAPC1005X70N) was added to instance ($1I74\$1I2319) on (ASIC_2).
pcb: Note 5854: Instance value (REFDES=C134) was added to instance ($1I74\$1I2319) on (ASIC_2).
pcb: Note 5854: Instance value (DEVICE=SMD_0402_CAPC1005X70N) was added to instance ($1I74\$1I2347) on (ASIC_2).
pcb: Note 5854: Instance value (PKG_TYPE=SMD_0402_CAPC1005X70N) was added to instance ($1I74\$1I2347) on (ASIC_2).
pcb: Note 5854: Instance value (REFDES=C135) was added to instance ($1I74\$1I2347) on (ASIC_2).
pcb: Note 5854: Instance value (DEVICE=SMD_0402_CAPC1005X70N) was added to instance ($1I74\$1I2375) on (ASIC_2).
pcb: Note 5854: Instance value (PKG_TYPE=SMD_0402_CAPC1005X70N) was added to instance ($1I74\$1I2375) on (ASIC_2).
pcb: Note 5854: Instance value (REFDES=C166) was added to instance ($1I74\$1I2375) on (ASIC_2).
pcb: Note 5854: Instance value (DEVICE=SMD_0402_CAPC1005X70N) was added to instance ($1I74\$1I2403) on (ASIC_2).
pcb: Note 5854: Instance value (PKG_TYPE=SMD_0402_CAPC1005X70N) was added to instance ($1I74\$1I2403) on (ASIC_2).
pcb: Note 5854: Instance value (REFDES=C167) was added to instance ($1I74\$1I2403) on (ASIC_2).
pcb: Note 5854: Instance value (DEVICE=SMD_0402_CAPC1005X70N) was added to instance ($1I74\$1I2431) on (ASIC_2).
pcb: Note 5854: Instance value (PKG_TYPE=SMD_0402_CAPC1005X70N) was added to instance ($1I74\$1I2431) on (ASIC_2).
pcb: Note 5854: Instance value (REFDES=C168) was added to instance ($1I74\$1I2431) on (ASIC_2).
pcb: Note 5854: Instance value (DEVICE=SMD_QFN50P600X600X175-36AN) was added to instance ($1I74\$1I2459) on (ASIC_2).
pcb: Note 5854: Instance value (PKG_TYPE=SMD_QFN50P600X600X175-36AN) was added to instance ($1I74\$1I2459) on (ASIC_2).
pcb: Note 5854: Instance value (REFDES=U18) was added to instance ($1I74\$1I2459) on (ASIC_2).
pcb: Note 5854: Instance value (DEVICE=SMD_0402_CAPC1005X70N) was added to instance ($1I74\$1I2521) on (ASIC_2).
pcb: Note 5854: Instance value (PKG_TYPE=SMD_0402_CAPC1005X70N) was added to instance ($1I74\$1I2521) on (ASIC_2).
pcb: Note 5854: Instance value (REFDES=C100) was added to instance ($1I74\$1I2521) on (ASIC_2).
pcb: Note 5854: Instance value (DEVICE=SMD_0402_CAPC1005X70N) was added to instance ($1I74\$1I2549) on (ASIC_2).
pcb: Note 5854: Instance value (PKG_TYPE=SMD_0402_CAPC1005X70N) was added to instance ($1I74\$1I2549) on (ASIC_2).
pcb: Note 5854: Instance value (REFDES=C101) was added to instance ($1I74\$1I2549) on (ASIC_2).
pcb: Note 5854: Instance value (DEVICE=SMD_0402_CAPC1005X70N) was added to instance ($1I74\$1I2577) on (ASIC_2).
pcb: Note 5854: Instance value (PKG_TYPE=SMD_0402_CAPC1005X70N) was added to instance ($1I74\$1I2577) on (ASIC_2).
pcb: Note 5854: Instance value (REFDES=C99) was added to instance ($1I74\$1I2577) on (ASIC_2).
pcb: Note 5854: Instance value (DEVICE=SMD_0402_CAPC1005X70N) was added to instance ($1I74\$1I2605) on (ASIC_2).
pcb: Note 5854: Instance value (PKG_TYPE=SMD_0402_CAPC1005X70N) was added to instance ($1I74\$1I2605) on (ASIC_2).
pcb: Note 5854: Instance value (REFDES=C116) was added to instance ($1I74\$1I2605) on (ASIC_2).
pcb: Note 5854: Instance value (DEVICE=SMD_0402_CAPC1005X70N) was added to instance ($1I74\$1I2633) on (ASIC_2).
pcb: Note 5854: Instance value (PKG_TYPE=SMD_0402_CAPC1005X70N) was added to instance ($1I74\$1I2633) on (ASIC_2).
pcb: Note 5854: Instance value (REFDES=C114) was added to instance ($1I74\$1I2633) on (ASIC_2).
pcb: Note 5854: Instance value (DEVICE=SMD_0402_CAPC1005X70N) was added to instance ($1I74\$1I2661) on (ASIC_2).
pcb: Note 5854: Instance value (PKG_TYPE=SMD_0402_CAPC1005X70N) was added to instance ($1I74\$1I2661) on (ASIC_2).
pcb: Note 5854: Instance value (REFDES=C115) was added to instance ($1I74\$1I2661) on (ASIC_2).
pcb: Note 5854: Instance value (DEVICE=SMD_QFN50P600X600X175-36AN) was added to instance ($1I79\$1I64) on (ASIC_3).
pcb: Note 5854: Instance value (PKG_TYPE=SMD_QFN50P600X600X175-36AN) was added to instance ($1I79\$1I64) on (ASIC_3).
pcb: Note 5854: Instance value (REFDES=U1) was added to instance ($1I79\$1I64) on (ASIC_3).
pcb: Note 5854: Instance value (DEVICE=SMD_0402_CAPC1005X70N) was added to instance ($1I79\$1I126) on (ASIC_3).
pcb: Note 5854: Instance value (PKG_TYPE=SMD_0402_CAPC1005X70N) was added to instance ($1I79\$1I126) on (ASIC_3).
pcb: Note 5854: Instance value (REFDES=C1) was added to instance ($1I79\$1I126) on (ASIC_3).
pcb: Note 5854: Instance value (DEVICE=SMD_0402_CAPC1005X70N) was added to instance ($1I79\$1I154) on (ASIC_3).
pcb: Note 5854: Instance value (PKG_TYPE=SMD_0402_CAPC1005X70N) was added to instance ($1I79\$1I154) on (ASIC_3).
pcb: Note 5854: Instance value (REFDES=C2) was added to instance ($1I79\$1I154) on (ASIC_3).
pcb: Note 5854: Instance value (DEVICE=SMD_0402_CAPC1005X70N) was added to instance ($1I79\$1I182) on (ASIC_3).
pcb: Note 5854: Instance value (PKG_TYPE=SMD_0402_CAPC1005X70N) was added to instance ($1I79\$1I182) on (ASIC_3).
pcb: Note 5854: Instance value (REFDES=C3) was added to instance ($1I79\$1I182) on (ASIC_3).
pcb: Note 5854: Instance value (DEVICE=SMD_0402_CAPC1005X70N) was added to instance ($1I79\$1I210) on (ASIC_3).
pcb: Note 5854: Instance value (PKG_TYPE=SMD_0402_CAPC1005X70N) was added to instance ($1I79\$1I210) on (ASIC_3).
pcb: Note 5854: Instance value (REFDES=C13) was added to instance ($1I79\$1I210) on (ASIC_3).
pcb: Note 5854: Instance value (DEVICE=SMD_0402_CAPC1005X70N) was added to instance ($1I79\$1I238) on (ASIC_3).
pcb: Note 5854: Instance value (PKG_TYPE=SMD_0402_CAPC1005X70N) was added to instance ($1I79\$1I238) on (ASIC_3).
pcb: Note 5854: Instance value (REFDES=C14) was added to instance ($1I79\$1I238) on (ASIC_3).
pcb: Note 5854: Instance value (DEVICE=SMD_0402_CAPC1005X70N) was added to instance ($1I79\$1I266) on (ASIC_3).
pcb: Note 5854: Instance value (PKG_TYPE=SMD_0402_CAPC1005X70N) was added to instance ($1I79\$1I266) on (ASIC_3).
pcb: Note 5854: Instance value (REFDES=C15) was added to instance ($1I79\$1I266) on (ASIC_3).
pcb: Note 5854: Instance value (DEVICE=SMD_QFN50P600X600X175-36AN) was added to instance ($1I79\$1I294) on (ASIC_3).
pcb: Note 5854: Instance value (PKG_TYPE=SMD_QFN50P600X600X175-36AN) was added to instance ($1I79\$1I294) on (ASIC_3).
pcb: Note 5854: Instance value (REFDES=U3) was added to instance ($1I79\$1I294) on (ASIC_3).
pcb: Note 5854: Instance value (DEVICE=SMD_0402_CAPC1005X70N) was added to instance ($1I79\$1I356) on (ASIC_3).
pcb: Note 5854: Instance value (PKG_TYPE=SMD_0402_CAPC1005X70N) was added to instance ($1I79\$1I356) on (ASIC_3).
pcb: Note 5854: Instance value (REFDES=C4) was added to instance ($1I79\$1I356) on (ASIC_3).
pcb: Note 5854: Instance value (DEVICE=SMD_0402_CAPC1005X70N) was added to instance ($1I79\$1I384) on (ASIC_3).
pcb: Note 5854: Instance value (PKG_TYPE=SMD_0402_CAPC1005X70N) was added to instance ($1I79\$1I384) on (ASIC_3).
pcb: Note 5854: Instance value (REFDES=C5) was added to instance ($1I79\$1I384) on (ASIC_3).
pcb: Note 5854: Instance value (DEVICE=SMD_0402_CAPC1005X70N) was added to instance ($1I79\$1I412) on (ASIC_3).
pcb: Note 5854: Instance value (PKG_TYPE=SMD_0402_CAPC1005X70N) was added to instance ($1I79\$1I412) on (ASIC_3).
pcb: Note 5854: Instance value (REFDES=C6) was added to instance ($1I79\$1I412) on (ASIC_3).
pcb: Note 5854: Instance value (DEVICE=SMD_0402_CAPC1005X70N) was added to instance ($1I79\$1I440) on (ASIC_3).
pcb: Note 5854: Instance value (PKG_TYPE=SMD_0402_CAPC1005X70N) was added to instance ($1I79\$1I440) on (ASIC_3).
pcb: Note 5854: Instance value (REFDES=C16) was added to instance ($1I79\$1I440) on (ASIC_3).
pcb: Note 5854: Instance value (DEVICE=SMD_0402_CAPC1005X70N) was added to instance ($1I79\$1I468) on (ASIC_3).
pcb: Note 5854: Instance value (PKG_TYPE=SMD_0402_CAPC1005X70N) was added to instance ($1I79\$1I468) on (ASIC_3).
pcb: Note 5854: Instance value (REFDES=C17) was added to instance ($1I79\$1I468) on (ASIC_3).
pcb: Note 5854: Instance value (DEVICE=SMD_0402_CAPC1005X70N) was added to instance ($1I79\$1I496) on (ASIC_3).
pcb: Note 5854: Instance value (PKG_TYPE=SMD_0402_CAPC1005X70N) was added to instance ($1I79\$1I496) on (ASIC_3).
pcb: Note 5854: Instance value (REFDES=C18) was added to instance ($1I79\$1I496) on (ASIC_3).
pcb: Note 5854: Instance value (DEVICE=SMD_QFN50P600X600X175-36AN) was added to instance ($1I79\$1I524) on (ASIC_3).
pcb: Note 5854: Instance value (PKG_TYPE=SMD_QFN50P600X600X175-36AN) was added to instance ($1I79\$1I524) on (ASIC_3).
pcb: Note 5854: Instance value (REFDES=U4) was added to instance ($1I79\$1I524) on (ASIC_3).
pcb: Note 5854: Instance value (DEVICE=SMD_0402_CAPC1005X70N) was added to instance ($1I79\$1I586) on (ASIC_3).
pcb: Note 5854: Instance value (PKG_TYPE=SMD_0402_CAPC1005X70N) was added to instance ($1I79\$1I586) on (ASIC_3).
pcb: Note 5854: Instance value (REFDES=C7) was added to instance ($1I79\$1I586) on (ASIC_3).
pcb: Note 5854: Instance value (DEVICE=SMD_0402_CAPC1005X70N) was added to instance ($1I79\$1I614) on (ASIC_3).
pcb: Note 5854: Instance value (PKG_TYPE=SMD_0402_CAPC1005X70N) was added to instance ($1I79\$1I614) on (ASIC_3).
pcb: Note 5854: Instance value (REFDES=C8) was added to instance ($1I79\$1I614) on (ASIC_3).
pcb: Note 5854: Instance value (DEVICE=SMD_0402_CAPC1005X70N) was added to instance ($1I79\$1I642) on (ASIC_3).
pcb: Note 5854: Instance value (PKG_TYPE=SMD_0402_CAPC1005X70N) was added to instance ($1I79\$1I642) on (ASIC_3).
pcb: Note 5854: Instance value (REFDES=C9) was added to instance ($1I79\$1I642) on (ASIC_3).
pcb: Note 5854: Instance value (DEVICE=SMD_0402_CAPC1005X70N) was added to instance ($1I79\$1I670) on (ASIC_3).
pcb: Note 5854: Instance value (PKG_TYPE=SMD_0402_CAPC1005X70N) was added to instance ($1I79\$1I670) on (ASIC_3).
pcb: Note 5854: Instance value (REFDES=C19) was added to instance ($1I79\$1I670) on (ASIC_3).
pcb: Note 5854: Instance value (DEVICE=SMD_0402_CAPC1005X70N) was added to instance ($1I79\$1I698) on (ASIC_3).
pcb: Note 5854: Instance value (PKG_TYPE=SMD_0402_CAPC1005X70N) was added to instance ($1I79\$1I698) on (ASIC_3).
pcb: Note 5854: Instance value (REFDES=C20) was added to instance ($1I79\$1I698) on (ASIC_3).
pcb: Note 5854: Instance value (DEVICE=SMD_0402_CAPC1005X70N) was added to instance ($1I79\$1I726) on (ASIC_3).
pcb: Note 5854: Instance value (PKG_TYPE=SMD_0402_CAPC1005X70N) was added to instance ($1I79\$1I726) on (ASIC_3).
pcb: Note 5854: Instance value (REFDES=C21) was added to instance ($1I79\$1I726) on (ASIC_3).
pcb: Note 5854: Instance value (DEVICE=SMD_QFN50P600X600X175-36AN) was added to instance ($1I79\$1I754) on (ASIC_3).
pcb: Note 5854: Instance value (PKG_TYPE=SMD_QFN50P600X600X175-36AN) was added to instance ($1I79\$1I754) on (ASIC_3).
pcb: Note 5854: Instance value (REFDES=U2) was added to instance ($1I79\$1I754) on (ASIC_3).
pcb: Note 5854: Instance value (DEVICE=SMD_0402_CAPC1005X70N) was added to instance ($1I79\$1I816) on (ASIC_3).
pcb: Note 5854: Instance value (PKG_TYPE=SMD_0402_CAPC1005X70N) was added to instance ($1I79\$1I816) on (ASIC_3).
pcb: Note 5854: Instance value (REFDES=C10) was added to instance ($1I79\$1I816) on (ASIC_3).
pcb: Note 5854: Instance value (DEVICE=SMD_0402_CAPC1005X70N) was added to instance ($1I79\$1I844) on (ASIC_3).
pcb: Note 5854: Instance value (PKG_TYPE=SMD_0402_CAPC1005X70N) was added to instance ($1I79\$1I844) on (ASIC_3).
pcb: Note 5854: Instance value (REFDES=C11) was added to instance ($1I79\$1I844) on (ASIC_3).
pcb: Note 5854: Instance value (DEVICE=SMD_0402_CAPC1005X70N) was added to instance ($1I79\$1I872) on (ASIC_3).
pcb: Note 5854: Instance value (PKG_TYPE=SMD_0402_CAPC1005X70N) was added to instance ($1I79\$1I872) on (ASIC_3).
pcb: Note 5854: Instance value (REFDES=C12) was added to instance ($1I79\$1I872) on (ASIC_3).
pcb: Note 5854: Instance value (DEVICE=SMD_0402_CAPC1005X70N) was added to instance ($1I79\$1I900) on (ASIC_3).
pcb: Note 5854: Instance value (PKG_TYPE=SMD_0402_CAPC1005X70N) was added to instance ($1I79\$1I900) on (ASIC_3).
pcb: Note 5854: Instance value (REFDES=C22) was added to instance ($1I79\$1I900) on (ASIC_3).
pcb: Note 5854: Instance value (DEVICE=SMD_0402_CAPC1005X70N) was added to instance ($1I79\$1I928) on (ASIC_3).
pcb: Note 5854: Instance value (PKG_TYPE=SMD_0402_CAPC1005X70N) was added to instance ($1I79\$1I928) on (ASIC_3).
pcb: Note 5854: Instance value (REFDES=C23) was added to instance ($1I79\$1I928) on (ASIC_3).
pcb: Note 5854: Instance value (DEVICE=SMD_0402_CAPC1005X70N) was added to instance ($1I79\$1I956) on (ASIC_3).
pcb: Note 5854: Instance value (PKG_TYPE=SMD_0402_CAPC1005X70N) was added to instance ($1I79\$1I956) on (ASIC_3).
pcb: Note 5854: Instance value (REFDES=C24) was added to instance ($1I79\$1I956) on (ASIC_3).
pcb: Note 5854: Instance value (DEVICE=SMD_QFN50P600X600X175-36AN) was added to instance ($1I79\$1I984) on (ASIC_3).
pcb: Note 5854: Instance value (PKG_TYPE=SMD_QFN50P600X600X175-36AN) was added to instance ($1I79\$1I984) on (ASIC_3).
pcb: Note 5854: Instance value (REFDES=U5) was added to instance ($1I79\$1I984) on (ASIC_3).
pcb: Note 5854: Instance value (DEVICE=SMD_0402_CAPC1005X70N) was added to instance ($1I79\$1I1046) on (ASIC_3).
pcb: Note 5854: Instance value (PKG_TYPE=SMD_0402_CAPC1005X70N) was added to instance ($1I79\$1I1046) on (ASIC_3).
pcb: Note 5854: Instance value (REFDES=C25) was added to instance ($1I79\$1I1046) on (ASIC_3).
pcb: Note 5854: Instance value (DEVICE=SMD_0402_CAPC1005X70N) was added to instance ($1I79\$1I1074) on (ASIC_3).
pcb: Note 5854: Instance value (PKG_TYPE=SMD_0402_CAPC1005X70N) was added to instance ($1I79\$1I1074) on (ASIC_3).
pcb: Note 5854: Instance value (REFDES=C26) was added to instance ($1I79\$1I1074) on (ASIC_3).
pcb: Note 5854: Instance value (DEVICE=SMD_0402_CAPC1005X70N) was added to instance ($1I79\$1I1102) on (ASIC_3).
pcb: Note 5854: Instance value (PKG_TYPE=SMD_0402_CAPC1005X70N) was added to instance ($1I79\$1I1102) on (ASIC_3).
pcb: Note 5854: Instance value (REFDES=C27) was added to instance ($1I79\$1I1102) on (ASIC_3).
pcb: Note 5854: Instance value (DEVICE=SMD_0402_CAPC1005X70N) was added to instance ($1I79\$1I1130) on (ASIC_3).
pcb: Note 5854: Instance value (PKG_TYPE=SMD_0402_CAPC1005X70N) was added to instance ($1I79\$1I1130) on (ASIC_3).
pcb: Note 5854: Instance value (REFDES=C37) was added to instance ($1I79\$1I1130) on (ASIC_3).
pcb: Note 5854: Instance value (DEVICE=SMD_0402_CAPC1005X70N) was added to instance ($1I79\$1I1158) on (ASIC_3).
pcb: Note 5854: Instance value (PKG_TYPE=SMD_0402_CAPC1005X70N) was added to instance ($1I79\$1I1158) on (ASIC_3).
pcb: Note 5854: Instance value (REFDES=C38) was added to instance ($1I79\$1I1158) on (ASIC_3).
pcb: Note 5854: Instance value (DEVICE=SMD_0402_CAPC1005X70N) was added to instance ($1I79\$1I1186) on (ASIC_3).
pcb: Note 5854: Instance value (PKG_TYPE=SMD_0402_CAPC1005X70N) was added to instance ($1I79\$1I1186) on (ASIC_3).
pcb: Note 5854: Instance value (REFDES=C39) was added to instance ($1I79\$1I1186) on (ASIC_3).
pcb: Note 5854: Instance value (DEVICE=SMD_QFN50P600X600X175-36AN) was added to instance ($1I79\$1I1214) on (ASIC_3).
pcb: Note 5854: Instance value (PKG_TYPE=SMD_QFN50P600X600X175-36AN) was added to instance ($1I79\$1I1214) on (ASIC_3).
pcb: Note 5854: Instance value (REFDES=U6) was added to instance ($1I79\$1I1214) on (ASIC_3).
pcb: Note 5854: Instance value (DEVICE=SMD_0402_CAPC1005X70N) was added to instance ($1I79\$1I1276) on (ASIC_3).
pcb: Note 5854: Instance value (PKG_TYPE=SMD_0402_CAPC1005X70N) was added to instance ($1I79\$1I1276) on (ASIC_3).
pcb: Note 5854: Instance value (REFDES=C28) was added to instance ($1I79\$1I1276) on (ASIC_3).
pcb: Note 5854: Instance value (DEVICE=SMD_0402_CAPC1005X70N) was added to instance ($1I79\$1I1304) on (ASIC_3).
pcb: Note 5854: Instance value (PKG_TYPE=SMD_0402_CAPC1005X70N) was added to instance ($1I79\$1I1304) on (ASIC_3).
pcb: Note 5854: Instance value (REFDES=C29) was added to instance ($1I79\$1I1304) on (ASIC_3).
pcb: Note 5854: Instance value (DEVICE=SMD_0402_CAPC1005X70N) was added to instance ($1I79\$1I1332) on (ASIC_3).
pcb: Note 5854: Instance value (PKG_TYPE=SMD_0402_CAPC1005X70N) was added to instance ($1I79\$1I1332) on (ASIC_3).
pcb: Note 5854: Instance value (REFDES=C30) was added to instance ($1I79\$1I1332) on (ASIC_3).
pcb: Note 5854: Instance value (DEVICE=SMD_0402_CAPC1005X70N) was added to instance ($1I79\$1I1360) on (ASIC_3).
pcb: Note 5854: Instance value (PKG_TYPE=SMD_0402_CAPC1005X70N) was added to instance ($1I79\$1I1360) on (ASIC_3).
pcb: Note 5854: Instance value (REFDES=C40) was added to instance ($1I79\$1I1360) on (ASIC_3).
pcb: Note 5854: Instance value (DEVICE=SMD_0402_CAPC1005X70N) was added to instance ($1I79\$1I1388) on (ASIC_3).
pcb: Note 5854: Instance value (PKG_TYPE=SMD_0402_CAPC1005X70N) was added to instance ($1I79\$1I1388) on (ASIC_3).
pcb: Note 5854: Instance value (REFDES=C41) was added to instance ($1I79\$1I1388) on (ASIC_3).
pcb: Note 5854: Instance value (DEVICE=SMD_0402_CAPC1005X70N) was added to instance ($1I79\$1I1416) on (ASIC_3).
pcb: Note 5854: Instance value (PKG_TYPE=SMD_0402_CAPC1005X70N) was added to instance ($1I79\$1I1416) on (ASIC_3).
pcb: Note 5854: Instance value (REFDES=C42) was added to instance ($1I79\$1I1416) on (ASIC_3).
pcb: Note 5854: Instance value (DEVICE=SMD_QFN50P600X600X175-36AN) was added to instance ($1I79\$1I1444) on (ASIC_3).
pcb: Note 5854: Instance value (PKG_TYPE=SMD_QFN50P600X600X175-36AN) was added to instance ($1I79\$1I1444) on (ASIC_3).
pcb: Note 5854: Instance value (REFDES=U7) was added to instance ($1I79\$1I1444) on (ASIC_3).
pcb: Note 5854: Instance value (DEVICE=SMD_0402_CAPC1005X70N) was added to instance ($1I79\$1I1506) on (ASIC_3).
pcb: Note 5854: Instance value (PKG_TYPE=SMD_0402_CAPC1005X70N) was added to instance ($1I79\$1I1506) on (ASIC_3).
pcb: Note 5854: Instance value (REFDES=C31) was added to instance ($1I79\$1I1506) on (ASIC_3).
pcb: Note 5854: Instance value (DEVICE=SMD_0402_CAPC1005X70N) was added to instance ($1I79\$1I1534) on (ASIC_3).
pcb: Note 5854: Instance value (PKG_TYPE=SMD_0402_CAPC1005X70N) was added to instance ($1I79\$1I1534) on (ASIC_3).
pcb: Note 5854: Instance value (REFDES=C32) was added to instance ($1I79\$1I1534) on (ASIC_3).
pcb: Note 5854: Instance value (DEVICE=SMD_0402_CAPC1005X70N) was added to instance ($1I79\$1I1562) on (ASIC_3).
pcb: Note 5854: Instance value (PKG_TYPE=SMD_0402_CAPC1005X70N) was added to instance ($1I79\$1I1562) on (ASIC_3).
pcb: Note 5854: Instance value (REFDES=C33) was added to instance ($1I79\$1I1562) on (ASIC_3).
pcb: Note 5854: Instance value (DEVICE=SMD_0402_CAPC1005X70N) was added to instance ($1I79\$1I1590) on (ASIC_3).
pcb: Note 5854: Instance value (PKG_TYPE=SMD_0402_CAPC1005X70N) was added to instance ($1I79\$1I1590) on (ASIC_3).
pcb: Note 5854: Instance value (REFDES=C43) was added to instance ($1I79\$1I1590) on (ASIC_3).
pcb: Note 5854: Instance value (DEVICE=SMD_0402_CAPC1005X70N) was added to instance ($1I79\$1I1618) on (ASIC_3).
pcb: Note 5854: Instance value (PKG_TYPE=SMD_0402_CAPC1005X70N) was added to instance ($1I79\$1I1618) on (ASIC_3).
pcb: Note 5854: Instance value (REFDES=C44) was added to instance ($1I79\$1I1618) on (ASIC_3).
pcb: Note 5854: Instance value (DEVICE=SMD_0402_CAPC1005X70N) was added to instance ($1I79\$1I1646) on (ASIC_3).
pcb: Note 5854: Instance value (PKG_TYPE=SMD_0402_CAPC1005X70N) was added to instance ($1I79\$1I1646) on (ASIC_3).
pcb: Note 5854: Instance value (REFDES=C45) was added to instance ($1I79\$1I1646) on (ASIC_3).
pcb: Note 5854: Instance value (DEVICE=SMD_QFN50P600X600X175-36AN) was added to instance ($1I79\$1I1674) on (ASIC_3).
pcb: Note 5854: Instance value (PKG_TYPE=SMD_QFN50P600X600X175-36AN) was added to instance ($1I79\$1I1674) on (ASIC_3).
pcb: Note 5854: Instance value (REFDES=U8) was added to instance ($1I79\$1I1674) on (ASIC_3).
pcb: Note 5854: Instance value (DEVICE=SMD_0402_CAPC1005X70N) was added to instance ($1I79\$1I1736) on (ASIC_3).
pcb: Note 5854: Instance value (PKG_TYPE=SMD_0402_CAPC1005X70N) was added to instance ($1I79\$1I1736) on (ASIC_3).
pcb: Note 5854: Instance value (REFDES=C34) was added to instance ($1I79\$1I1736) on (ASIC_3).
pcb: Note 5854: Instance value (DEVICE=SMD_0402_CAPC1005X70N) was added to instance ($1I79\$1I1764) on (ASIC_3).
pcb: Note 5854: Instance value (PKG_TYPE=SMD_0402_CAPC1005X70N) was added to instance ($1I79\$1I1764) on (ASIC_3).
pcb: Note 5854: Instance value (REFDES=C35) was added to instance ($1I79\$1I1764) on (ASIC_3).
pcb: Note 5854: Instance value (DEVICE=SMD_0402_CAPC1005X70N) was added to instance ($1I79\$1I1792) on (ASIC_3).
pcb: Note 5854: Instance value (PKG_TYPE=SMD_0402_CAPC1005X70N) was added to instance ($1I79\$1I1792) on (ASIC_3).
pcb: Note 5854: Instance value (REFDES=C36) was added to instance ($1I79\$1I1792) on (ASIC_3).
pcb: Note 5854: Instance value (DEVICE=SMD_0402_CAPC1005X70N) was added to instance ($1I79\$1I1820) on (ASIC_3).
pcb: Note 5854: Instance value (PKG_TYPE=SMD_0402_CAPC1005X70N) was added to instance ($1I79\$1I1820) on (ASIC_3).
pcb: Note 5854: Instance value (REFDES=C46) was added to instance ($1I79\$1I1820) on (ASIC_3).
pcb: Note 5854: Instance value (DEVICE=SMD_0402_CAPC1005X70N) was added to instance ($1I79\$1I1848) on (ASIC_3).
pcb: Note 5854: Instance value (PKG_TYPE=SMD_0402_CAPC1005X70N) was added to instance ($1I79\$1I1848) on (ASIC_3).
pcb: Note 5854: Instance value (REFDES=C47) was added to instance ($1I79\$1I1848) on (ASIC_3).
pcb: Note 5854: Instance value (DEVICE=SMD_0402_CAPC1005X70N) was added to instance ($1I79\$1I1876) on (ASIC_3).
pcb: Note 5854: Instance value (PKG_TYPE=SMD_0402_CAPC1005X70N) was added to instance ($1I79\$1I1876) on (ASIC_3).
pcb: Note 5854: Instance value (REFDES=C48) was added to instance ($1I79\$1I1876) on (ASIC_3).
pcb: Note 5854: Instance value (DEVICE=SMD_QFN50P600X600X175-36AN) was added to instance ($1I79\$1I1904) on (ASIC_3).
pcb: Note 5854: Instance value (PKG_TYPE=SMD_QFN50P600X600X175-36AN) was added to instance ($1I79\$1I1904) on (ASIC_3).
pcb: Note 5854: Instance value (REFDES=U10) was added to instance ($1I79\$1I1904) on (ASIC_3).
pcb: Note 5854: Instance value (DEVICE=SMD_0402_CAPC1005X70N) was added to instance ($1I79\$1I1966) on (ASIC_3).
pcb: Note 5854: Instance value (PKG_TYPE=SMD_0402_CAPC1005X70N) was added to instance ($1I79\$1I1966) on (ASIC_3).
pcb: Note 5854: Instance value (REFDES=C50) was added to instance ($1I79\$1I1966) on (ASIC_3).
pcb: Note 5854: Instance value (DEVICE=SMD_0402_CAPC1005X70N) was added to instance ($1I79\$1I1994) on (ASIC_3).
pcb: Note 5854: Instance value (PKG_TYPE=SMD_0402_CAPC1005X70N) was added to instance ($1I79\$1I1994) on (ASIC_3).
pcb: Note 5854: Instance value (REFDES=C51) was added to instance ($1I79\$1I1994) on (ASIC_3).
pcb: Note 5854: Instance value (DEVICE=SMD_0402_CAPC1005X70N) was added to instance ($1I79\$1I2022) on (ASIC_3).
pcb: Note 5854: Instance value (PKG_TYPE=SMD_0402_CAPC1005X70N) was added to instance ($1I79\$1I2022) on (ASIC_3).
pcb: Note 5854: Instance value (REFDES=C52) was added to instance ($1I79\$1I2022) on (ASIC_3).
pcb: Note 5854: Instance value (DEVICE=SMD_0402_CAPC1005X70N) was added to instance ($1I79\$1I2050) on (ASIC_3).
pcb: Note 5854: Instance value (PKG_TYPE=SMD_0402_CAPC1005X70N) was added to instance ($1I79\$1I2050) on (ASIC_3).
pcb: Note 5854: Instance value (REFDES=C59) was added to instance ($1I79\$1I2050) on (ASIC_3).
pcb: Note 5854: Instance value (DEVICE=SMD_0402_CAPC1005X70N) was added to instance ($1I79\$1I2078) on (ASIC_3).
pcb: Note 5854: Instance value (PKG_TYPE=SMD_0402_CAPC1005X70N) was added to instance ($1I79\$1I2078) on (ASIC_3).
pcb: Note 5854: Instance value (REFDES=C60) was added to instance ($1I79\$1I2078) on (ASIC_3).
pcb: Note 5854: Instance value (DEVICE=SMD_0402_CAPC1005X70N) was added to instance ($1I79\$1I2106) on (ASIC_3).
pcb: Note 5854: Instance value (PKG_TYPE=SMD_0402_CAPC1005X70N) was added to instance ($1I79\$1I2106) on (ASIC_3).
pcb: Note 5854: Instance value (REFDES=C61) was added to instance ($1I79\$1I2106) on (ASIC_3).
pcb: Note 5854: Instance value (DEVICE=SMD_QFN50P600X600X175-36AN) was added to instance ($1I79\$1I2134) on (ASIC_3).
pcb: Note 5854: Instance value (PKG_TYPE=SMD_QFN50P600X600X175-36AN) was added to instance ($1I79\$1I2134) on (ASIC_3).
pcb: Note 5854: Instance value (REFDES=U12) was added to instance ($1I79\$1I2134) on (ASIC_3).
pcb: Note 5854: Instance value (DEVICE=SMD_0402_CAPC1005X70N) was added to instance ($1I79\$1I2196) on (ASIC_3).
pcb: Note 5854: Instance value (PKG_TYPE=SMD_0402_CAPC1005X70N) was added to instance ($1I79\$1I2196) on (ASIC_3).
pcb: Note 5854: Instance value (REFDES=C53) was added to instance ($1I79\$1I2196) on (ASIC_3).
pcb: Note 5854: Instance value (DEVICE=SMD_0402_CAPC1005X70N) was added to instance ($1I79\$1I2224) on (ASIC_3).
pcb: Note 5854: Instance value (PKG_TYPE=SMD_0402_CAPC1005X70N) was added to instance ($1I79\$1I2224) on (ASIC_3).
pcb: Note 5854: Instance value (REFDES=C54) was added to instance ($1I79\$1I2224) on (ASIC_3).
pcb: Note 5854: Instance value (DEVICE=SMD_0402_CAPC1005X70N) was added to instance ($1I79\$1I2252) on (ASIC_3).
pcb: Note 5854: Instance value (PKG_TYPE=SMD_0402_CAPC1005X70N) was added to instance ($1I79\$1I2252) on (ASIC_3).
pcb: Note 5854: Instance value (REFDES=C55) was added to instance ($1I79\$1I2252) on (ASIC_3).
pcb: Note 5854: Instance value (DEVICE=SMD_0402_CAPC1005X70N) was added to instance ($1I79\$1I2280) on (ASIC_3).
pcb: Note 5854: Instance value (PKG_TYPE=SMD_0402_CAPC1005X70N) was added to instance ($1I79\$1I2280) on (ASIC_3).
pcb: Note 5854: Instance value (REFDES=C62) was added to instance ($1I79\$1I2280) on (ASIC_3).
pcb: Note 5854: Instance value (DEVICE=SMD_0402_CAPC1005X70N) was added to instance ($1I79\$1I2308) on (ASIC_3).
pcb: Note 5854: Instance value (PKG_TYPE=SMD_0402_CAPC1005X70N) was added to instance ($1I79\$1I2308) on (ASIC_3).
pcb: Note 5854: Instance value (REFDES=C63) was added to instance ($1I79\$1I2308) on (ASIC_3).
pcb: Note 5854: Instance value (DEVICE=SMD_0402_CAPC1005X70N) was added to instance ($1I79\$1I2336) on (ASIC_3).
pcb: Note 5854: Instance value (PKG_TYPE=SMD_0402_CAPC1005X70N) was added to instance ($1I79\$1I2336) on (ASIC_3).
pcb: Note 5854: Instance value (REFDES=C64) was added to instance ($1I79\$1I2336) on (ASIC_3).
pcb: Note 5854: Instance value (DEVICE=SMD_QFN50P600X600X175-36AN) was added to instance ($1I79\$1I2364) on (ASIC_3).
pcb: Note 5854: Instance value (PKG_TYPE=SMD_QFN50P600X600X175-36AN) was added to instance ($1I79\$1I2364) on (ASIC_3).
pcb: Note 5854: Instance value (REFDES=U11) was added to instance ($1I79\$1I2364) on (ASIC_3).
pcb: Note 5854: Instance value (DEVICE=SMD_0402_CAPC1005X70N) was added to instance ($1I79\$1I2426) on (ASIC_3).
pcb: Note 5854: Instance value (PKG_TYPE=SMD_0402_CAPC1005X70N) was added to instance ($1I79\$1I2426) on (ASIC_3).
pcb: Note 5854: Instance value (REFDES=C56) was added to instance ($1I79\$1I2426) on (ASIC_3).
pcb: Note 5854: Instance value (DEVICE=SMD_0402_CAPC1005X70N) was added to instance ($1I79\$1I2454) on (ASIC_3).
pcb: Note 5854: Instance value (PKG_TYPE=SMD_0402_CAPC1005X70N) was added to instance ($1I79\$1I2454) on (ASIC_3).
pcb: Note 5854: Instance value (REFDES=C57) was added to instance ($1I79\$1I2454) on (ASIC_3).
pcb: Note 5854: Instance value (DEVICE=SMD_0402_CAPC1005X70N) was added to instance ($1I79\$1I2482) on (ASIC_3).
pcb: Note 5854: Instance value (PKG_TYPE=SMD_0402_CAPC1005X70N) was added to instance ($1I79\$1I2482) on (ASIC_3).
pcb: Note 5854: Instance value (REFDES=C58) was added to instance ($1I79\$1I2482) on (ASIC_3).
pcb: Note 5854: Instance value (DEVICE=SMD_0402_CAPC1005X70N) was added to instance ($1I79\$1I2510) on (ASIC_3).
pcb: Note 5854: Instance value (PKG_TYPE=SMD_0402_CAPC1005X70N) was added to instance ($1I79\$1I2510) on (ASIC_3).
pcb: Note 5854: Instance value (REFDES=C65) was added to instance ($1I79\$1I2510) on (ASIC_3).
pcb: Note 5854: Instance value (DEVICE=SMD_0402_CAPC1005X70N) was added to instance ($1I79\$1I2538) on (ASIC_3).
pcb: Note 5854: Instance value (PKG_TYPE=SMD_0402_CAPC1005X70N) was added to instance ($1I79\$1I2538) on (ASIC_3).
pcb: Note 5854: Instance value (REFDES=C66) was added to instance ($1I79\$1I2538) on (ASIC_3).
pcb: Note 5854: Instance value (DEVICE=SMD_0402_CAPC1005X70N) was added to instance ($1I79\$1I2566) on (ASIC_3).
pcb: Note 5854: Instance value (PKG_TYPE=SMD_0402_CAPC1005X70N) was added to instance ($1I79\$1I2566) on (ASIC_3).
pcb: Note 5854: Instance value (REFDES=C67) was added to instance ($1I79\$1I2566) on (ASIC_3).
pcb: Note 5854: Instance value (DEVICE=SMD_QFN40P500X500X80-41N) was added to instance ($1I79\$1I2594) on (ASIC_3).
pcb: Note 5854: Instance value (PKG_TYPE=SMD_QFN40P500X500X80-41N) was added to instance ($1I79\$1I2594) on (ASIC_3).
pcb: Note 5854: Instance value (REFDES=U9) was added to instance ($1I79\$1I2594) on (ASIC_3).
pcb: Note 5854: Instance value (DEVICE=SMD_0402_CAPC1005X55N) was added to instance ($1I79\$1I2661) on (ASIC_3).
pcb: Note 5854: Instance value (PKG_TYPE=SMD_0402_CAPC1005X55N) was added to instance ($1I79\$1I2661) on (ASIC_3).
pcb: Note 5854: Instance value (REFDES=C49) was added to instance ($1I79\$1I2661) on (ASIC_3).
pcb: Note 5854: Instance value (DEVICE=SMD_0603_RESC1608X55N) was added to instance ($1I79\$1I2689) on (ASIC_3).
pcb: Note 5854: Instance value (PKG_TYPE=SMD_0603_RESC1608X55N) was added to instance ($1I79\$1I2689) on (ASIC_3).
pcb: Note 5854: Instance value (REFDES=R25) was added to instance ($1I79\$1I2689) on (ASIC_3).
pcb: Note 5854: Instance value (DEVICE=SMD_0603_RESC1608X55N) was added to instance ($1I79\$1I2717) on (ASIC_3).
pcb: Note 5854: Instance value (PKG_TYPE=SMD_0603_RESC1608X55N) was added to instance ($1I79\$1I2717) on (ASIC_3).
pcb: Note 5854: Instance value (REFDES=R23) was added to instance ($1I79\$1I2717) on (ASIC_3).
pcb: Note 5854: Instance value (DEVICE=SMD_0603_RESC1608X55N) was added to instance ($1I79\$1I2745) on (ASIC_3).
pcb: Note 5854: Instance value (PKG_TYPE=SMD_0603_RESC1608X55N) was added to instance ($1I79\$1I2745) on (ASIC_3).
pcb: Note 5854: Instance value (REFDES=R24) was added to instance ($1I79\$1I2745) on (ASIC_3).
pcb: Note 5854: Instance value (DEVICE=SMD_0402_CAPC1005X55N) was added to instance ($1I84) on (BLOCK).
pcb: Note 5854: Instance value (PKG_TYPE=SMD_0402_CAPC1005X55N) was added to instance ($1I84) on (BLOCK).
pcb: Note 5854: Instance value (REFDES=C69) was added to instance ($1I84) on (BLOCK).
pcb: Note 5854: Instance value (DEVICE=SMD_0402_CAPC1005X55N) was added to instance ($1I112) on (BLOCK).
pcb: Note 5854: Instance value (PKG_TYPE=SMD_0402_CAPC1005X55N) was added to instance ($1I112) on (BLOCK).
pcb: Note 5854: Instance value (REFDES=C68) was added to instance ($1I112) on (BLOCK).
pcb: Note 5854: Instance value (DEVICE=SMD_0402_CAPC1005X55N) was added to instance ($1I140) on (BLOCK).
pcb: Note 5854: Instance value (PKG_TYPE=SMD_0402_CAPC1005X55N) was added to instance ($1I140) on (BLOCK).
pcb: Note 5854: Instance value (REFDES=C71) was added to instance ($1I140) on (BLOCK).
pcb: Note 5854: Instance value (DEVICE=SMD_0402_CAPC1005X55N) was added to instance ($1I168) on (BLOCK).
pcb: Note 5854: Instance value (PKG_TYPE=SMD_0402_CAPC1005X55N) was added to instance ($1I168) on (BLOCK).
pcb: Note 5854: Instance value (REFDES=C70) was added to instance ($1I168) on (BLOCK).
pcb: Note 5854: Instance value (DEVICE=SMD_0402_RESC1005X37N) was added to instance ($1I196) on (BLOCK).
pcb: Note 5854: Instance value (PKG_TYPE=SMD_0402_RESC1005X37N) was added to instance ($1I196) on (BLOCK).
pcb: Note 5854: Instance value (REFDES=R3) was added to instance ($1I196) on (BLOCK).
pcb: Note 5854: Instance value (DEVICE=SMD_0402_RESC1005X37N) was added to instance ($1I224) on (BLOCK).
pcb: Note 5854: Instance value (PKG_TYPE=SMD_0402_RESC1005X37N) was added to instance ($1I224) on (BLOCK).
pcb: Note 5854: Instance value (REFDES=R8) was added to instance ($1I224) on (BLOCK).
pcb: Note 5854: Instance value (DEVICE=SMD_0402_RESC1005X37N) was added to instance ($1I252) on (BLOCK).
pcb: Note 5854: Instance value (PKG_TYPE=SMD_0402_RESC1005X37N) was added to instance ($1I252) on (BLOCK).
pcb: Note 5854: Instance value (REFDES=R4) was added to instance ($1I252) on (BLOCK).
pcb: Note 5854: Instance value (DEVICE=SMD_0402_RESC1005X37N) was added to instance ($1I280) on (BLOCK).
pcb: Note 5854: Instance value (PKG_TYPE=SMD_0402_RESC1005X37N) was added to instance ($1I280) on (BLOCK).
pcb: Note 5854: Instance value (REFDES=R1) was added to instance ($1I280) on (BLOCK).
pcb: Note 5854: Instance value (DEVICE=SMD_0402_RESC1005X37N) was added to instance ($1I308) on (BLOCK).
pcb: Note 5854: Instance value (PKG_TYPE=SMD_0402_RESC1005X37N) was added to instance ($1I308) on (BLOCK).
pcb: Note 5854: Instance value (REFDES=R5) was added to instance ($1I308) on (BLOCK).
pcb: Note 5854: Instance value (DEVICE=SMD_0402_RESC1005X37N) was added to instance ($1I336) on (BLOCK).
pcb: Note 5854: Instance value (PKG_TYPE=SMD_0402_RESC1005X37N) was added to instance ($1I336) on (BLOCK).
pcb: Note 5854: Instance value (REFDES=R2) was added to instance ($1I336) on (BLOCK).
pcb: Note 5854: Instance value (DEVICE=SMD_0402_RESC1005X37N) was added to instance ($1I364) on (BLOCK).
pcb: Note 5854: Instance value (PKG_TYPE=SMD_0402_RESC1005X37N) was added to instance ($1I364) on (BLOCK).
pcb: Note 5854: Instance value (REFDES=R9) was added to instance ($1I364) on (BLOCK).
pcb: Note 5854: Instance value (DEVICE=SMD_0402_RESC1005X37N) was added to instance ($1I392) on (BLOCK).
pcb: Note 5854: Instance value (PKG_TYPE=SMD_0402_RESC1005X37N) was added to instance ($1I392) on (BLOCK).
pcb: Note 5854: Instance value (REFDES=R6) was added to instance ($1I392) on (BLOCK).
pcb: Note 5854: Instance value (DEVICE=SMD_0402_RESC1005X37N) was added to instance ($1I420) on (BLOCK).
pcb: Note 5854: Instance value (PKG_TYPE=SMD_0402_RESC1005X37N) was added to instance ($1I420) on (BLOCK).
pcb: Note 5854: Instance value (REFDES=R10) was added to instance ($1I420) on (BLOCK).
pcb: Note 5854: Instance value (DEVICE=SMD_0402_RESC1005X37N) was added to instance ($1I448) on (BLOCK).
pcb: Note 5854: Instance value (PKG_TYPE=SMD_0402_RESC1005X37N) was added to instance ($1I448) on (BLOCK).
pcb: Note 5854: Instance value (REFDES=R7) was added to instance ($1I448) on (BLOCK).
pcb: Note 5854: Instance value (DEVICE=SMD_TP_100-254) was added to instance ($1I476) on (BLOCK).
pcb: Note 5854: Instance value (PKG_TYPE=SMD_TP_100-254) was added to instance ($1I476) on (BLOCK).
pcb: Note 5854: Instance value (REFDES=TP1) was added to instance ($1I476) on (BLOCK).
pcb: Note 5854: Instance value (DEVICE=SMD_TP_100-254) was added to instance ($1I499) on (BLOCK).
pcb: Note 5854: Instance value (PKG_TYPE=SMD_TP_100-254) was added to instance ($1I499) on (BLOCK).
pcb: Note 5854: Instance value (REFDES=TP2) was added to instance ($1I499) on (BLOCK).
pcb: Note 5854: Instance value (DEVICE=SMD_TP_100-254) was added to instance ($1I522) on (BLOCK).
pcb: Note 5854: Instance value (PKG_TYPE=SMD_TP_100-254) was added to instance ($1I522) on (BLOCK).
pcb: Note 5854: Instance value (REFDES=TP3) was added to instance ($1I522) on (BLOCK).
pcb: Note 5854: Instance value (DEVICE=SMD_TP_100-254) was added to instance ($1I545) on (BLOCK).
pcb: Note 5854: Instance value (PKG_TYPE=SMD_TP_100-254) was added to instance ($1I545) on (BLOCK).
pcb: Note 5854: Instance value (REFDES=TP4) was added to instance ($1I545) on (BLOCK).
pcb: Note 5854: Instance value (DEVICE=SMD_SOIC127P600X110-9AN) was added to instance ($1I573) on (BLOCK).
pcb: Note 5854: Instance value (PKG_TYPE=SMD_SOIC127P600X110-9AN) was added to instance ($1I573) on (BLOCK).
pcb: Note 5854: Instance value (REFDES=Q1) was added to instance ($1I573) on (BLOCK).
pcb: Note 5854: Instance value (DEVICE=SMD_SOIC127P600X110-9AN) was added to instance ($1I607) on (BLOCK).
pcb: Note 5854: Instance value (PKG_TYPE=SMD_SOIC127P600X110-9AN) was added to instance ($1I607) on (BLOCK).
pcb: Note 5854: Instance value (REFDES=Q2) was added to instance ($1I607) on (BLOCK).
pcb: Note 5854: Instance value (DEVICE=PTH_MTG400_700) was added to instance ($1I641) on (BLOCK).
pcb: Note 5854: Instance value (PKG_TYPE=PTH_MTG400_700) was added to instance ($1I641) on (BLOCK).
pcb: Note 5854: Instance value (REFDES=J41) was added to instance ($1I641) on (BLOCK).
pcb: Note 5854: Instance value (DEVICE=PTH_MTG400_700) was added to instance ($1I667) on (BLOCK).
pcb: Note 5854: Instance value (PKG_TYPE=PTH_MTG400_700) was added to instance ($1I667) on (BLOCK).
pcb: Note 5854: Instance value (REFDES=J10) was added to instance ($1I667) on (BLOCK).
pcb: Note 5854: Instance value (DEVICE=PTH_MTG400_700) was added to instance ($1I693) on (BLOCK).
pcb: Note 5854: Instance value (PKG_TYPE=PTH_MTG400_700) was added to instance ($1I693) on (BLOCK).
pcb: Note 5854: Instance value (REFDES=J11) was added to instance ($1I693) on (BLOCK).
pcb: Note 5854: Instance value (DEVICE=PTH_MTG400_700) was added to instance ($1I719) on (BLOCK).
pcb: Note 5854: Instance value (PKG_TYPE=PTH_MTG400_700) was added to instance ($1I719) on (BLOCK).
pcb: Note 5854: Instance value (REFDES=J12) was added to instance ($1I719) on (BLOCK).
pcb: Note 5854: Instance value (DEVICE=PTH_MTG400_700) was added to instance ($1I745) on (BLOCK).
pcb: Note 5854: Instance value (PKG_TYPE=PTH_MTG400_700) was added to instance ($1I745) on (BLOCK).
pcb: Note 5854: Instance value (REFDES=J13) was added to instance ($1I745) on (BLOCK).
pcb: Note 5854: Instance value (DEVICE=PTH_MTG400_700) was added to instance ($1I771) on (BLOCK).
pcb: Note 5854: Instance value (PKG_TYPE=PTH_MTG400_700) was added to instance ($1I771) on (BLOCK).
pcb: Note 5854: Instance value (REFDES=J14) was added to instance ($1I771) on (BLOCK).
pcb: Note 5854: Instance value (DEVICE=PTH_MTG400_700) was added to instance ($1I797) on (BLOCK).
pcb: Note 5854: Instance value (PKG_TYPE=PTH_MTG400_700) was added to instance ($1I797) on (BLOCK).
pcb: Note 5854: Instance value (REFDES=J15) was added to instance ($1I797) on (BLOCK).
pcb: Note 5854: Instance value (DEVICE=PTH_MTG400_700) was added to instance ($1I823) on (BLOCK).
pcb: Note 5854: Instance value (PKG_TYPE=PTH_MTG400_700) was added to instance ($1I823) on (BLOCK).
pcb: Note 5854: Instance value (REFDES=J16) was added to instance ($1I823) on (BLOCK).
pcb: Note 5854: Instance value (DEVICE=PTH_MTG400_700) was added to instance ($1I849) on (BLOCK).
pcb: Note 5854: Instance value (PKG_TYPE=PTH_MTG400_700) was added to instance ($1I849) on (BLOCK).
pcb: Note 5854: Instance value (REFDES=J17) was added to instance ($1I849) on (BLOCK).
pcb: Note 5854: Instance value (DEVICE=PTH_MTG400_700) was added to instance ($1I875) on (BLOCK).
pcb: Note 5854: Instance value (PKG_TYPE=PTH_MTG400_700) was added to instance ($1I875) on (BLOCK).
pcb: Note 5854: Instance value (REFDES=J18) was added to instance ($1I875) on (BLOCK).
pcb: Note 5854: Instance value (DEVICE=PTH_MTG400_700) was added to instance ($1I901) on (BLOCK).
pcb: Note 5854: Instance value (PKG_TYPE=PTH_MTG400_700) was added to instance ($1I901) on (BLOCK).
pcb: Note 5854: Instance value (REFDES=J19) was added to instance ($1I901) on (BLOCK).
pcb: Note 5854: Instance value (DEVICE=PTH_MTG400_700) was added to instance ($1I927) on (BLOCK).
pcb: Note 5854: Instance value (PKG_TYPE=PTH_MTG400_700) was added to instance ($1I927) on (BLOCK).
pcb: Note 5854: Instance value (REFDES=J20) was added to instance ($1I927) on (BLOCK).
pcb: Note 5854: Instance value (DEVICE=PTH_MTG400_700) was added to instance ($1I953) on (BLOCK).
pcb: Note 5854: Instance value (PKG_TYPE=PTH_MTG400_700) was added to instance ($1I953) on (BLOCK).
pcb: Note 5854: Instance value (REFDES=J21) was added to instance ($1I953) on (BLOCK).
pcb: Note 5854: Instance value (DEVICE=PTH_MTG400_700) was added to instance ($1I979) on (BLOCK).
pcb: Note 5854: Instance value (PKG_TYPE=PTH_MTG400_700) was added to instance ($1I979) on (BLOCK).
pcb: Note 5854: Instance value (REFDES=J22) was added to instance ($1I979) on (BLOCK).
pcb: Note 5854: Instance value (DEVICE=PTH_MTG400_700) was added to instance ($1I1005) on (BLOCK).
pcb: Note 5854: Instance value (PKG_TYPE=PTH_MTG400_700) was added to instance ($1I1005) on (BLOCK).
pcb: Note 5854: Instance value (REFDES=J23) was added to instance ($1I1005) on (BLOCK).
pcb: Note 5854: Instance value (DEVICE=PTH_MTG400_700) was added to instance ($1I1031) on (BLOCK).
pcb: Note 5854: Instance value (PKG_TYPE=PTH_MTG400_700) was added to instance ($1I1031) on (BLOCK).
pcb: Note 5854: Instance value (REFDES=J24) was added to instance ($1I1031) on (BLOCK).
pcb: Note 5854: Instance value (DEVICE=PTH_MTG400_700) was added to instance ($1I1057) on (BLOCK).
pcb: Note 5854: Instance value (PKG_TYPE=PTH_MTG400_700) was added to instance ($1I1057) on (BLOCK).
pcb: Note 5854: Instance value (REFDES=J25) was added to instance ($1I1057) on (BLOCK).
pcb: Note 5854: Instance value (DEVICE=PTH_MTG400_700) was added to instance ($1I1083) on (BLOCK).
pcb: Note 5854: Instance value (PKG_TYPE=PTH_MTG400_700) was added to instance ($1I1083) on (BLOCK).
pcb: Note 5854: Instance value (REFDES=J26) was added to instance ($1I1083) on (BLOCK).
pcb: Note 5854: Instance value (DEVICE=PTH_MTG400_700) was added to instance ($1I1109) on (BLOCK).
pcb: Note 5854: Instance value (PKG_TYPE=PTH_MTG400_700) was added to instance ($1I1109) on (BLOCK).
pcb: Note 5854: Instance value (REFDES=J27) was added to instance ($1I1109) on (BLOCK).
pcb: Note 5854: Instance value (DEVICE=PTH_MTG400_700) was added to instance ($1I1135) on (BLOCK).
pcb: Note 5854: Instance value (PKG_TYPE=PTH_MTG400_700) was added to instance ($1I1135) on (BLOCK).
pcb: Note 5854: Instance value (REFDES=J28) was added to instance ($1I1135) on (BLOCK).
pcb: Note 5854: Instance value (DEVICE=PTH_MTG400_700) was added to instance ($1I1161) on (BLOCK).
pcb: Note 5854: Instance value (PKG_TYPE=PTH_MTG400_700) was added to instance ($1I1161) on (BLOCK).
pcb: Note 5854: Instance value (REFDES=J29) was added to instance ($1I1161) on (BLOCK).
pcb: Note 5854: Instance value (DEVICE=PTH_MTG400_700) was added to instance ($1I1187) on (BLOCK).
pcb: Note 5854: Instance value (PKG_TYPE=PTH_MTG400_700) was added to instance ($1I1187) on (BLOCK).
pcb: Note 5854: Instance value (REFDES=J30) was added to instance ($1I1187) on (BLOCK).
pcb: Note 5854: Instance value (DEVICE=PTH_MTG400_700) was added to instance ($1I1213) on (BLOCK).
pcb: Note 5854: Instance value (PKG_TYPE=PTH_MTG400_700) was added to instance ($1I1213) on (BLOCK).
pcb: Note 5854: Instance value (REFDES=J31) was added to instance ($1I1213) on (BLOCK).
pcb: Note 5854: Instance value (DEVICE=PTH_MTG400_700) was added to instance ($1I1239) on (BLOCK).
pcb: Note 5854: Instance value (PKG_TYPE=PTH_MTG400_700) was added to instance ($1I1239) on (BLOCK).
pcb: Note 5854: Instance value (REFDES=J32) was added to instance ($1I1239) on (BLOCK).
pcb: Note 5854: Instance value (DEVICE=PTH_MTG400_700) was added to instance ($1I1265) on (BLOCK).
pcb: Note 5854: Instance value (PKG_TYPE=PTH_MTG400_700) was added to instance ($1I1265) on (BLOCK).
pcb: Note 5854: Instance value (REFDES=J33) was added to instance ($1I1265) on (BLOCK).
pcb: Note 5854: Instance value (DEVICE=PTH_MTG400_700) was added to instance ($1I1291) on (BLOCK).
pcb: Note 5854: Instance value (PKG_TYPE=PTH_MTG400_700) was added to instance ($1I1291) on (BLOCK).
pcb: Note 5854: Instance value (REFDES=J34) was added to instance ($1I1291) on (BLOCK).
pcb: Note 5854: Instance value (DEVICE=PTH_MTG400_700) was added to instance ($1I1317) on (BLOCK).
pcb: Note 5854: Instance value (PKG_TYPE=PTH_MTG400_700) was added to instance ($1I1317) on (BLOCK).
pcb: Note 5854: Instance value (REFDES=J35) was added to instance ($1I1317) on (BLOCK).
pcb: Note 5854: Instance value (DEVICE=PTH_MTG400_700) was added to instance ($1I1343) on (BLOCK).
pcb: Note 5854: Instance value (PKG_TYPE=PTH_MTG400_700) was added to instance ($1I1343) on (BLOCK).
pcb: Note 5854: Instance value (REFDES=J36) was added to instance ($1I1343) on (BLOCK).
pcb: Note 5854: Instance value (DEVICE=PTH_MTG400_700) was added to instance ($1I1369) on (BLOCK).
pcb: Note 5854: Instance value (PKG_TYPE=PTH_MTG400_700) was added to instance ($1I1369) on (BLOCK).
pcb: Note 5854: Instance value (REFDES=J37) was added to instance ($1I1369) on (BLOCK).
pcb: Note 5854: Instance value (DEVICE=PTH_MTG400_700) was added to instance ($1I1395) on (BLOCK).
pcb: Note 5854: Instance value (PKG_TYPE=PTH_MTG400_700) was added to instance ($1I1395) on (BLOCK).
pcb: Note 5854: Instance value (REFDES=J38) was added to instance ($1I1395) on (BLOCK).
pcb: Note 5854: Instance value (DEVICE=PTH_MTG400_700) was added to instance ($1I1421) on (BLOCK).
pcb: Note 5854: Instance value (PKG_TYPE=PTH_MTG400_700) was added to instance ($1I1421) on (BLOCK).
pcb: Note 5854: Instance value (REFDES=J39) was added to instance ($1I1421) on (BLOCK).
pcb: Note 5854: Instance value (DEVICE=PTH_MTG400_700) was added to instance ($1I1447) on (BLOCK).
pcb: Note 5854: Instance value (PKG_TYPE=PTH_MTG400_700) was added to instance ($1I1447) on (BLOCK).
pcb: Note 5854: Instance value (REFDES=J40) was added to instance ($1I1447) on (BLOCK).
pcb: Note 5626: Summary of LogFiles/pcberr.log
Status 1, Notes 944, Warnings 0
Errors 0, Failures 0, Fatals 0, Internals 0
pcb: Note 5670: error exclusions in effect
