Generating 3D model for part SMD_0603_RESC1608X55N.
	*Warning: Can't do orientation alignment on a 3D model which has no model properties.
Generating 3D model for part SMD_0402_CAPC1005X55N.
	*Warning: Can't do orientation alignment on a 3D model which has no model properties.
Generating 3D model for part SMD_SON40P330X330X100-17N.
	*Warning: No mapping for cell/part SMD_SON40P330X330X100-17N
Generating 3D model for part SMD_SOT457_SOT95P275X110-6N.
	*Warning: Can't do orientation alignment on a 3D model which has no model properties.
Generating 3D model for part SMD_QFN40P500X500X80-41N.
	*Warning: No mapping for cell/part SMD_QFN40P500X500X80-41N
Generating 3D model for part SMD_0402_RESC1005X37N.
	*Warning: Can't do orientation alignment on a 3D model which has no model properties.
Generating 3D model for part SMD_QFN50P600X600X175-36AN.
	*Warning: No mapping for cell/part SMD_QFN50P600X600X175-36AN
Generating 3D model for part SMD_0402_CAPC1005X70N.
	*Warning: Can't do orientation alignment on a 3D model which has no model properties.
Generating 3D model for part SMD_0805_CAPC2012X145N.
	*Warning: Can't do orientation alignment on a 3D model which has no model properties.
Generating 3D model for part SMD_0603_CAPC1608X80N.
	*Warning: Can't do orientation alignment on a 3D model which has no model properties.
Generating 3D model for part SMD_0603_CAPC1608X95N.
	*Warning: Can't do orientation alignment on a 3D model which has no model properties.
Generating 3D model for part PTH_CON_WR-MRC4-6P_S.
	*Warning: No mapping for cell/part PTH_CON_WR-MRC4-6P_S
Generating 3D model for part PTH_HDRV02W11060P500_1X02.
Generating 3D model for part PTH_HDRV05W64P254_1X05.
Generating 3D model for part SMD_CON-CVILUX-CU04-SCM15B0.
Generating 3D model for part SMD_DO214AC_SMC.
	*Warning: Can't do orientation alignment on a 3D model which has no model properties.
Generating 3D model for part SMD_LED2012X100N.
Generating 3D model for part SMD_SOIC127P1030X265-20N.
	*Warning: Can't do orientation alignment on a 3D model which has no model properties.
Generating 3D model for part SMD_SOIC127P600X110-9AN.
	*Warning: No mapping for cell/part SMD_SOIC127P600X110-9AN
Generating 3D model for part SMD_SOIC127P600X175-14N.
	*Warning: Can't do orientation alignment on a 3D model which has no model properties.
Generating 3D model for part SMD_SOIC127P600X175-8N.
	*Warning: Can't do orientation alignment on a 3D model which has no model properties.
Generating 3D model for part SMD_TP_100-254.
	*Warning: Can't do orientation alignment on a 3D model which has no model properties.
Generating 3D model for part SMT_INDM135130X800N.
	*Warning: No mapping for cell/part SMT_INDM135130X800N
Generating 3D model for part PTH_TO220.
	*Warning: No mapping for cell/part PTH_TO220
Generating 3D model for part PTH_MTG400_700.
	*Warning: No mapping for cell/part PTH_MTG400_700
