PADS Layout ECO Generator (Version 6.4v) 23.01.2017 17:05:03
Copyright (c) 2003 - 2008 Mentor Graphics Corp. - All rights reserved
Command line arguments:  -e D:\Projects\AltiumProjects\Za Joro BTF 16\BTF16_2\PADS\BTF16_2\ecogen.err -u NOT_CONNECTED -d D:\Projects\AltiumProjects\Za Joro BTF 16\BTF16_2\PADS\BTF16_2\powerpcb.rep -r pa -a PCB,PART,NET,PIN -f
6 msec
1 msec
Reading the OLD DESIGN
There are 232 parts in the design
There are 34 signals in the design
There are 869 pins in the design
16 msec
Reading the NEW DESIGN
There are 273 parts in the design
There are 134 signals in the design
There are 1700 pins in the design
5 msec
WARNING: Designs differ strongly. Changes may be very large.
Final cost=39170
Partitioning - 2 msec
Final Matching - 16 msec
Deleted pins: 366,  Added pins: 1197
