--------------------------------------------------------------------------------
Symbol and Schematic Translator for xDX Designer 
Release: PADS VX.1.2
GBS Install Id: 45447
Copyright 2015 Mentor Graphics Corporation. All Rights Reserved. Mentor Graphics Corporation
Translation start: 23.01.2017 17:03:29
Input file: D:\Projects\AltiumProjects\Za Joro BTF 16\BTF16_2\BTF16_2.PrjPcb
File type: (3,7) 
Output path: D:\Projects\AltiumProjects\Za Joro BTF 16\BTF16_2\PADS\BTF16_2
[W] Renamed duplicated pin: 'PGND' of symbol 'IC_CSD97394Q4M' was renamed to 'PGND-1'
[W] Renamed duplicated pin: 'PGND' of symbol 'IC_CSD97394Q4M' was renamed to 'PGND-2'
[W] Renamed duplicated pin: 'VIN' of symbol 'IC_CSD97394Q4M' was renamed to 'VIN-1'
[W] Renamed duplicated pin: 'VIN' of symbol 'IC_CSD97394Q4M' was renamed to 'VIN-2'
[W] Renamed duplicated pin: 'VIN' of symbol 'IC_CSD97394Q4M' was renamed to 'VIN-3'
[W] Renamed duplicated pin: 'VIN' of symbol 'IC_CSD97394Q4M' was renamed to 'VIN-4'
[W] Renamed duplicated pin: 'VIN' of symbol 'IC_CSD97394Q4M' was renamed to 'VIN-5'
[W] Renamed duplicated pin: 'VSW' of symbol 'IC_CSD97394Q4M' was renamed to 'VSW-1'
[W] Renamed duplicated pin: 'VSW' of symbol 'IC_CSD97394Q4M' was renamed to 'VSW-2'
[W] Renamed duplicated pin: 'VSW' of symbol 'IC_CSD97394Q4M' was renamed to 'VSW-3'
[W] Renamed duplicated pin: 'VSW' of symbol 'IC_CSD97394Q4M' was renamed to 'VSW-4'
[W] Renamed duplicated pin: 'VSW' of symbol 'IC_CSD97394Q4M' was renamed to 'VSW-5'
[W] Renamed duplicated pin: 'N/A' of symbol 'IC_CSD95379Q3M' was renamed to 'N/A-1'
[W] Renamed duplicated pin: 'N/A' of symbol 'IC_CSD95379Q3M' was renamed to 'N/A-2'
[W] Renamed duplicated pin: 'PGND' of symbol 'IC_CSD95379Q3M' was renamed to 'PGND-1'
[W] Renamed duplicated pin: 'PGND' of symbol 'IC_CSD95379Q3M' was renamed to 'PGND-2'
[W] Renamed duplicated pin: 'VIN' of symbol 'IC_CSD95379Q3M' was renamed to 'VIN-1'
[W] Renamed duplicated pin: 'VIN' of symbol 'IC_CSD95379Q3M' was renamed to 'VIN-2'
[W] Renamed duplicated pin: 'VIN' of symbol 'IC_CSD95379Q3M' was renamed to 'VIN-3'
[W] Renamed duplicated pin: 'VIN' of symbol 'IC_CSD95379Q3M' was renamed to 'VIN-4'
[W] Renamed duplicated pin: 'VSW' of symbol 'IC_CSD95379Q3M' was renamed to 'VSW-1'
[W] Renamed duplicated pin: 'VSW' of symbol 'IC_CSD95379Q3M' was renamed to 'VSW-2'
[W] Renamed duplicated pin: 'VSW' of symbol 'IC_CSD95379Q3M' was renamed to 'VSW-3'
[W] Renamed duplicated pin: 'VSW' of symbol 'IC_CSD95379Q3M' was renamed to 'VSW-4'
[W] Renamed duplicated pin: 'GND' of symbol 'IC_LM2931AD_5_0R2G_SO_8' was renamed to 'GND-1'
[W] Renamed duplicated pin: 'GND' of symbol 'IC_LM2931AD_5_0R2G_SO_8' was renamed to 'GND-2'
[W] Renamed duplicated pin: 'GND' of symbol 'IC_LM2931AD_5_0R2G_SO_8' was renamed to 'GND-3'
[W] Renamed duplicated pin: 'GND' of symbol 'IC_LM2931AD_5_0R2G_SO_8' was renamed to 'GND-4'
[W] Renamed duplicated pin: 'N.C.' of symbol 'IC_LM2931AD_5_0R2G_SO_8' was renamed to 'N.C.-1'
[W] Renamed duplicated pin: 'N.C.' of symbol 'IC_LM2931AD_5_0R2G_SO_8' was renamed to 'N.C.-2'
[W] Renamed duplicated pin: 'D' of symbol 'MOS_N_D1_S1S2S3G4D5D6D7D8' was renamed to 'D-1'
[W] Renamed duplicated pin: 'D' of symbol 'MOS_N_D1_S1S2S3G4D5D6D7D8' was renamed to 'D-2'
[W] Renamed duplicated pin: 'D' of symbol 'MOS_N_D1_S1S2S3G4D5D6D7D8' was renamed to 'D-3'
[W] Renamed duplicated pin: 'D' of symbol 'MOS_N_D1_S1S2S3G4D5D6D7D8' was renamed to 'D-4'
[W] Renamed duplicated pin: 'S' of symbol 'MOS_N_D1_S1S2S3G4D5D6D7D8' was renamed to 'S-1'
[W] Renamed duplicated pin: 'S' of symbol 'MOS_N_D1_S1S2S3G4D5D6D7D8' was renamed to 'S-2'
[W] Renamed duplicated pin: 'S' of symbol 'MOS_N_D1_S1S2S3G4D5D6D7D8' was renamed to 'S-3'
[W] Renamed duplicated pin: 'VDD' of symbol 'IC_BITFURY16' was renamed to 'VDD-1'
[W] Renamed duplicated pin: 'VDD' of symbol 'IC_BITFURY16' was renamed to 'VDD-2'
[W] Renamed duplicated pin: 'VDD' of symbol 'IC_BITFURY16' was renamed to 'VDD-3'
[W] Renamed duplicated pin: 'VDD' of symbol 'IC_BITFURY16' was renamed to 'VDD-4'
[W] Renamed duplicated pin: 'VDD' of symbol 'IC_BITFURY16' was renamed to 'VDD-5'
[W] Renamed duplicated pin: 'VDD' of symbol 'IC_BITFURY16' was renamed to 'VDD-6'
[W] Renamed duplicated pin: 'VDD' of symbol 'IC_BITFURY16' was renamed to 'VDD-7'
[W] Renamed duplicated pin: 'VDD' of symbol 'IC_BITFURY16' was renamed to 'VDD-8'
[W] Renamed duplicated pin: 'VDD' of symbol 'IC_BITFURY16' was renamed to 'VDD-9'
[W] Renamed duplicated pin: 'VDD' of symbol 'IC_BITFURY16' was renamed to 'VDD-10'
[W] Renamed duplicated pin: 'VDD' of symbol 'IC_BITFURY16' was renamed to 'VDD-11'
[W] Renamed duplicated pin: 'VDD' of symbol 'IC_BITFURY16' was renamed to 'VDD-12'
[W] Renamed duplicated pin: 'VDD' of symbol 'IC_BITFURY16' was renamed to 'VDD-13'
[W] Renamed duplicated pin: 'VDD' of symbol 'IC_BITFURY16' was renamed to 'VDD-14'
[W] Renamed duplicated pin: 'VDD' of symbol 'IC_BITFURY16' was renamed to 'VDD-15'
[W] Renamed duplicated pin: 'VDD' of symbol 'IC_BITFURY16' was renamed to 'VDD-16'
[W] Renamed duplicated pin: 'VDD' of symbol 'IC_BITFURY16' was renamed to 'VDD-17'
[W] Renamed duplicated pin: 'VDD' of symbol 'IC_BITFURY16' was renamed to 'VDD-18'
[W] Renamed duplicated pin: 'VDD' of symbol 'IC_BITFURY16' was renamed to 'VDD-19'
[W] Renamed duplicated pin: 'VDD' of symbol 'IC_BITFURY16' was renamed to 'VDD-20'
[W] Renamed duplicated pin: 'VDD' of symbol 'IC_BITFURY16' was renamed to 'VDD-21'
[W] Renamed duplicated pin: 'VDD' of symbol 'IC_BITFURY16' was renamed to 'VDD-22'
[W] Renamed duplicated pin: 'VDD' of symbol 'IC_BITFURY16' was renamed to 'VDD-23'
[W] Renamed duplicated pin: 'VDD' of symbol 'IC_BITFURY16' was renamed to 'VDD-24'
[W] Renamed duplicated pin: 'VDD' of symbol 'IC_BITFURY16' was renamed to 'VDD-25'
[W] Renamed duplicated pin: 'VDD' of symbol 'IC_BITFURY16' was renamed to 'VDD-26'
[W] Renamed duplicated pin: 'VDD' of symbol 'IC_BITFURY16' was renamed to 'VDD-27'
[W] Renamed duplicated pin: 'VDD' of symbol 'IC_BITFURY16' was renamed to 'VDD-28'
[W] Renamed duplicated pin: 'VDD' of symbol 'IC_BITFURY16' was renamed to 'VDD-29'
[W] Renamed duplicated pin: 'VDD' of symbol 'IC_BITFURY16' was renamed to 'VDD-30'
[W] Renamed duplicated pin: 'VDD' of symbol 'IC_BITFURY16' was renamed to 'VDD-31'
[W] Renamed duplicated pin: 'VDD' of symbol 'IC_BITFURY16' was renamed to 'VDD-32'
[W] Renamed duplicated pin: 'VDD' of symbol 'IC_BITFURY16' was renamed to 'VDD-33'
[O] Created 31 symbol(s) and 6 schematic sheet(s)
0 error(s) and 70 warning(s) found
Finished on 23.01.2017 at 17:03:52.
--------------------------------------------------------------------------------
Total: 70 warning(s), 0 error(s)
