pcb: Note 5996: Using Config File C:\MentorGraphics\PADSVX.1.2\SDD_HOME\standard\pads100.cfg
pcb: Note 6085: Block pkg U43: 1 empty slot(s), device SMD_SON40P330X330X100-17N
pcb: Note 6085: Block pkg U41: 1 empty slot(s), device SMD_SON40P330X330X100-17N
pcb: Note 6085: Block pkg U44: 1 empty slot(s), device SMD_SON40P330X330X100-17N
pcb: Note 6085: Block pkg U42: 1 empty slot(s), device SMD_SON40P330X330X100-17N
pcb: Note 5854: Instance value (DEVICE=SMT_INDM135130X800N) was added to instance ($1I568\$1I65) on (POWER).
pcb: Note 5854: Instance value (PKG_TYPE=SMT_INDM135130X800N) was added to instance ($1I568\$1I65) on (POWER).
pcb: Note 5854: Instance value (REFDES=L1) was added to instance ($1I568\$1I65) on (POWER).
pcb: Note 5854: Instance value (DEVICE=SMD_0603_CAPC1608X95N) was added to instance ($1I568\$1I90) on (POWER).
pcb: Note 5854: Instance value (PKG_TYPE=SMD_0603_CAPC1608X95N) was added to instance ($1I568\$1I90) on (POWER).
pcb: Note 5854: Instance value (REFDES=C210) was added to instance ($1I568\$1I90) on (POWER).
pcb: Note 5854: Instance value (DEVICE=SMD_0805_CAPC2012X145N) was added to instance ($1I568\$1I118) on (POWER).
pcb: Note 5854: Instance value (PKG_TYPE=SMD_0805_CAPC2012X145N) was added to instance ($1I568\$1I118) on (POWER).
pcb: Note 5854: Instance value (REFDES=C211) was added to instance ($1I568\$1I118) on (POWER).
pcb: Note 5854: Instance value (DEVICE=SMD_0603_CAPC1608X95N) was added to instance ($1I568\$1I146) on (POWER).
pcb: Note 5854: Instance value (PKG_TYPE=SMD_0603_CAPC1608X95N) was added to instance ($1I568\$1I146) on (POWER).
pcb: Note 5854: Instance value (REFDES=C209) was added to instance ($1I568\$1I146) on (POWER).
pcb: Note 5854: Instance value (DEVICE=SMT_INDM135130X800N) was added to instance ($1I568\$1I174) on (POWER).
pcb: Note 5854: Instance value (PKG_TYPE=SMT_INDM135130X800N) was added to instance ($1I568\$1I174) on (POWER).
pcb: Note 5854: Instance value (REFDES=L2) was added to instance ($1I568\$1I174) on (POWER).
pcb: Note 5854: Instance value (DEVICE=SMD_0603_CAPC1608X95N) was added to instance ($1I568\$1I199) on (POWER).
pcb: Note 5854: Instance value (PKG_TYPE=SMD_0603_CAPC1608X95N) was added to instance ($1I568\$1I199) on (POWER).
pcb: Note 5854: Instance value (REFDES=C220) was added to instance ($1I568\$1I199) on (POWER).
pcb: Note 5854: Instance value (DEVICE=SMD_0603_CAPC1608X95N) was added to instance ($1I568\$1I227) on (POWER).
pcb: Note 5854: Instance value (PKG_TYPE=SMD_0603_CAPC1608X95N) was added to instance ($1I568\$1I227) on (POWER).
pcb: Note 5854: Instance value (REFDES=C219) was added to instance ($1I568\$1I227) on (POWER).
pcb: Note 5854: Instance value (DEVICE=SMD_SON40P330X330X100-17N) was added to instance ($1I568\$1I255) on (POWER).
pcb: Note 5854: Instance value (PKG_TYPE=SMD_SON40P330X330X100-17N) was added to instance ($1I568\$1I255) on (POWER).
pcb: Note 5854: Instance value (REFDES=U42) was added to instance ($1I568\$1I255) on (POWER).
pcb: Note 5854: Instance value (DEVICE=SMD_SON40P330X330X100-17N) was added to instance ($1I568\$1I297) on (POWER).
pcb: Note 5854: Instance value (PKG_TYPE=SMD_SON40P330X330X100-17N) was added to instance ($1I568\$1I297) on (POWER).
pcb: Note 5854: Instance value (REFDES=U44) was added to instance ($1I568\$1I297) on (POWER).
pcb: Note 5854: Instance value (DEVICE=SMD_SON40P330X330X100-17N) was added to instance ($1I568\$1I339) on (POWER).
pcb: Note 5854: Instance value (PKG_TYPE=SMD_SON40P330X330X100-17N) was added to instance ($1I568\$1I339) on (POWER).
pcb: Note 5854: Instance value (REFDES=U41) was added to instance ($1I568\$1I339) on (POWER).
pcb: Note 5854: Instance value (DEVICE=SMD_0603_RESC1608X55N) was added to instance ($1I568\$1I382) on (POWER).
pcb: Note 5854: Instance value (PKG_TYPE=SMD_0603_RESC1608X55N) was added to instance ($1I568\$1I382) on (POWER).
pcb: Note 5854: Instance value (REFDES=R19) was added to instance ($1I568\$1I382) on (POWER).
pcb: Note 5854: Instance value (DEVICE=SMD_0603_RESC1608X55N) was added to instance ($1I568\$1I410) on (POWER).
pcb: Note 5854: Instance value (PKG_TYPE=SMD_0603_RESC1608X55N) was added to instance ($1I568\$1I410) on (POWER).
pcb: Note 5854: Instance value (REFDES=R20) was added to instance ($1I568\$1I410) on (POWER).
pcb: Note 5854: Instance value (DEVICE=SMD_SON40P330X330X100-17N) was added to instance ($1I568\$1I438) on (POWER).
pcb: Note 5854: Instance value (PKG_TYPE=SMD_SON40P330X330X100-17N) was added to instance ($1I568\$1I438) on (POWER).
pcb: Note 5854: Instance value (REFDES=U43) was added to instance ($1I568\$1I438) on (POWER).
pcb: Note 5854: Instance value (DEVICE=SMD_0603_RESC1608X55N) was added to instance ($1I568\$1I481) on (POWER).
pcb: Note 5854: Instance value (PKG_TYPE=SMD_0603_RESC1608X55N) was added to instance ($1I568\$1I481) on (POWER).
pcb: Note 5854: Instance value (REFDES=R21) was added to instance ($1I568\$1I481) on (POWER).
pcb: Note 5854: Instance value (DEVICE=SMD_0603_RESC1608X55N) was added to instance ($1I568\$1I509) on (POWER).
pcb: Note 5854: Instance value (PKG_TYPE=SMD_0603_RESC1608X55N) was added to instance ($1I568\$1I509) on (POWER).
pcb: Note 5854: Instance value (REFDES=R22) was added to instance ($1I568\$1I509) on (POWER).
pcb: Note 5854: Instance value (DEVICE=SMD_0805_CAPC2012X145N) was added to instance ($1I568\$1I537) on (POWER).
pcb: Note 5854: Instance value (PKG_TYPE=SMD_0805_CAPC2012X145N) was added to instance ($1I568\$1I537) on (POWER).
pcb: Note 5854: Instance value (REFDES=C212) was added to instance ($1I568\$1I537) on (POWER).
pcb: Note 5854: Instance value (DEVICE=SMD_0805_CAPC2012X145N) was added to instance ($1I568\$1I565) on (POWER).
pcb: Note 5854: Instance value (PKG_TYPE=SMD_0805_CAPC2012X145N) was added to instance ($1I568\$1I565) on (POWER).
pcb: Note 5854: Instance value (REFDES=C213) was added to instance ($1I568\$1I565) on (POWER).
pcb: Note 5854: Instance value (DEVICE=SMD_0805_CAPC2012X145N) was added to instance ($1I568\$1I593) on (POWER).
pcb: Note 5854: Instance value (PKG_TYPE=SMD_0805_CAPC2012X145N) was added to instance ($1I568\$1I593) on (POWER).
pcb: Note 5854: Instance value (REFDES=C214) was added to instance ($1I568\$1I593) on (POWER).
pcb: Note 5854: Instance value (DEVICE=SMD_0805_CAPC2012X145N) was added to instance ($1I568\$1I621) on (POWER).
pcb: Note 5854: Instance value (PKG_TYPE=SMD_0805_CAPC2012X145N) was added to instance ($1I568\$1I621) on (POWER).
pcb: Note 5854: Instance value (REFDES=C221) was added to instance ($1I568\$1I621) on (POWER).
pcb: Note 5854: Instance value (DEVICE=SMD_0805_CAPC2012X145N) was added to instance ($1I568\$1I649) on (POWER).
pcb: Note 5854: Instance value (PKG_TYPE=SMD_0805_CAPC2012X145N) was added to instance ($1I568\$1I649) on (POWER).
pcb: Note 5854: Instance value (REFDES=C222) was added to instance ($1I568\$1I649) on (POWER).
pcb: Note 5854: Instance value (DEVICE=SMD_0805_CAPC2012X145N) was added to instance ($1I568\$1I677) on (POWER).
pcb: Note 5854: Instance value (PKG_TYPE=SMD_0805_CAPC2012X145N) was added to instance ($1I568\$1I677) on (POWER).
pcb: Note 5854: Instance value (REFDES=C223) was added to instance ($1I568\$1I677) on (POWER).
pcb: Note 5854: Instance value (DEVICE=SMD_0805_CAPC2012X145N) was added to instance ($1I568\$1I705) on (POWER).
pcb: Note 5854: Instance value (PKG_TYPE=SMD_0805_CAPC2012X145N) was added to instance ($1I568\$1I705) on (POWER).
pcb: Note 5854: Instance value (REFDES=C224) was added to instance ($1I568\$1I705) on (POWER).
pcb: Note 5854: Instance value (DEVICE=SMD_0805_CAPC2012X145N) was added to instance ($1I568\$1I733) on (POWER).
pcb: Note 5854: Instance value (PKG_TYPE=SMD_0805_CAPC2012X145N) was added to instance ($1I568\$1I733) on (POWER).
pcb: Note 5854: Instance value (REFDES=C215) was added to instance ($1I568\$1I733) on (POWER).
pcb: Note 5854: Instance value (DEVICE=SMD_0805_CAPC2012X145N) was added to instance ($1I568\$1I761) on (POWER).
pcb: Note 5854: Instance value (PKG_TYPE=SMD_0805_CAPC2012X145N) was added to instance ($1I568\$1I761) on (POWER).
pcb: Note 5854: Instance value (REFDES=C216) was added to instance ($1I568\$1I761) on (POWER).
pcb: Note 5854: Instance value (DEVICE=SMD_0805_CAPC2012X145N) was added to instance ($1I568\$1I789) on (POWER).
pcb: Note 5854: Instance value (PKG_TYPE=SMD_0805_CAPC2012X145N) was added to instance ($1I568\$1I789) on (POWER).
pcb: Note 5854: Instance value (REFDES=C217) was added to instance ($1I568\$1I789) on (POWER).
pcb: Note 5854: Instance value (DEVICE=SMD_0805_CAPC2012X145N) was added to instance ($1I568\$1I817) on (POWER).
pcb: Note 5854: Instance value (PKG_TYPE=SMD_0805_CAPC2012X145N) was added to instance ($1I568\$1I817) on (POWER).
pcb: Note 5854: Instance value (REFDES=C218) was added to instance ($1I568\$1I817) on (POWER).
pcb: Note 5854: Instance value (DEVICE=SMD_0805_CAPC2012X145N) was added to instance ($1I568\$1I845) on (POWER).
pcb: Note 5854: Instance value (PKG_TYPE=SMD_0805_CAPC2012X145N) was added to instance ($1I568\$1I845) on (POWER).
pcb: Note 5854: Instance value (REFDES=C225) was added to instance ($1I568\$1I845) on (POWER).
pcb: Note 5854: Instance value (DEVICE=SMD_0805_CAPC2012X145N) was added to instance ($1I568\$1I873) on (POWER).
pcb: Note 5854: Instance value (PKG_TYPE=SMD_0805_CAPC2012X145N) was added to instance ($1I568\$1I873) on (POWER).
pcb: Note 5854: Instance value (REFDES=C226) was added to instance ($1I568\$1I873) on (POWER).
pcb: Note 5854: Instance value (DEVICE=SMD_0805_CAPC2012X145N) was added to instance ($1I568\$1I901) on (POWER).
pcb: Note 5854: Instance value (PKG_TYPE=SMD_0805_CAPC2012X145N) was added to instance ($1I568\$1I901) on (POWER).
pcb: Note 5854: Instance value (REFDES=C227) was added to instance ($1I568\$1I901) on (POWER).
pcb: Note 5854: Instance value (DEVICE=SMD_0805_CAPC2012X145N) was added to instance ($1I568\$1I929) on (POWER).
pcb: Note 5854: Instance value (PKG_TYPE=SMD_0805_CAPC2012X145N) was added to instance ($1I568\$1I929) on (POWER).
pcb: Note 5854: Instance value (REFDES=C228) was added to instance ($1I568\$1I929) on (POWER).
pcb: Note 5854: Instance value (DEVICE=SMD_SOIC127P1030X265-20N) was added to instance ($1I64\$1I64) on (MCU).
pcb: Note 5854: Instance value (PKG_TYPE=SMD_SOIC127P1030X265-20N) was added to instance ($1I64\$1I64) on (MCU).
pcb: Note 5854: Instance value (REFDES=U37) was added to instance ($1I64\$1I64) on (MCU).
pcb: Note 5854: Instance value (DEVICE=SMD_0603_CAPC1608X80N) was added to instance ($1I64\$1I107) on (MCU).
pcb: Note 5854: Instance value (PKG_TYPE=SMD_0603_CAPC1608X80N) was added to instance ($1I64\$1I107) on (MCU).
pcb: Note 5854: Instance value (REFDES=C207) was added to instance ($1I64\$1I107) on (MCU).
pcb: Note 5854: Instance value (DEVICE=SMD_0603_CAPC1608X95N) was added to instance ($1I64\$1I135) on (MCU).
pcb: Note 5854: Instance value (PKG_TYPE=SMD_0603_CAPC1608X95N) was added to instance ($1I64\$1I135) on (MCU).
pcb: Note 5854: Instance value (REFDES=C206) was added to instance ($1I64\$1I135) on (MCU).
pcb: Note 5854: Instance value (DEVICE=SMD_CON-CVILUX-CU04-SCM15B0) was added to instance ($1I64\$1I163) on (MCU).
pcb: Note 5854: Instance value (PKG_TYPE=SMD_CON-CVILUX-CU04-SCM15B0) was added to instance ($1I64\$1I163) on (MCU).
pcb: Note 5854: Instance value (REFDES=J3) was added to instance ($1I64\$1I163) on (MCU).
pcb: Note 5854: Instance value (DEVICE=SMD_SOT457_SOT95P275X110-6N) was added to instance ($1I64\$1I200) on (MCU).
pcb: Note 5854: Instance value (PKG_TYPE=SMD_SOT457_SOT95P275X110-6N) was added to instance ($1I64\$1I200) on (MCU).
pcb: Note 5854: Instance value (REFDES=U39) was added to instance ($1I64\$1I200) on (MCU).
pcb: Note 5854: Instance value (DEVICE=PTH_CON_WR-MRC4-6P_S) was added to instance ($1I64\$1I231) on (MCU).
pcb: Note 5854: Instance value (PKG_TYPE=PTH_CON_WR-MRC4-6P_S) was added to instance ($1I64\$1I231) on (MCU).
pcb: Note 5854: Instance value (REFDES=J4) was added to instance ($1I64\$1I231) on (MCU).
pcb: Note 5854: Instance value (DEVICE=SMD_DO214AC_SMC) was added to instance ($1I64\$1I264) on (MCU).
pcb: Note 5854: Instance value (PKG_TYPE=SMD_DO214AC_SMC) was added to instance ($1I64\$1I264) on (MCU).
pcb: Note 5854: Instance value (REFDES=D2) was added to instance ($1I64\$1I264) on (MCU).
pcb: Note 5854: Instance value (DEVICE=SMD_SOIC127P600X175-8N) was added to instance ($1I64\$1I292) on (MCU).
pcb: Note 5854: Instance value (PKG_TYPE=SMD_SOIC127P600X175-8N) was added to instance ($1I64\$1I292) on (MCU).
pcb: Note 5854: Instance value (REFDES=U40) was added to instance ($1I64\$1I292) on (MCU).
pcb: Note 5854: Instance value (DEVICE=SMD_0603_CAPC1608X95N) was added to instance ($1I64\$1I327) on (MCU).
pcb: Note 5854: Instance value (PKG_TYPE=SMD_0603_CAPC1608X95N) was added to instance ($1I64\$1I327) on (MCU).
pcb: Note 5854: Instance value (REFDES=C208) was added to instance ($1I64\$1I327) on (MCU).
pcb: Note 5854: Instance value (DEVICE=PTH_CON_WR-MRC4-6P_S) was added to instance ($1I64\$1I355) on (MCU).
pcb: Note 5854: Instance value (PKG_TYPE=PTH_CON_WR-MRC4-6P_S) was added to instance ($1I64\$1I355) on (MCU).
pcb: Note 5854: Instance value (REFDES=J5) was added to instance ($1I64\$1I355) on (MCU).
pcb: Note 5854: Instance value (DEVICE=SMD_DO214AC_SMC) was added to instance ($1I64\$1I388) on (MCU).
pcb: Note 5854: Instance value (PKG_TYPE=SMD_DO214AC_SMC) was added to instance ($1I64\$1I388) on (MCU).
pcb: Note 5854: Instance value (REFDES=D4) was added to instance ($1I64\$1I388) on (MCU).
pcb: Note 5854: Instance value (DEVICE=SMD_0201_RESC0603X26N) was added to instance ($1I64\$1I416) on (MCU).
pcb: Note 5854: Instance value (PKG_TYPE=SMD_0201_RESC0603X26N) was added to instance ($1I64\$1I416) on (MCU).
pcb: Note 5854: Instance value (REFDES=R15) was added to instance ($1I64\$1I416) on (MCU).
pcb: Note 5854: Instance value (DEVICE=SMD_0201_RESC0603X26N) was added to instance ($1I64\$1I444) on (MCU).
pcb: Note 5854: Instance value (PKG_TYPE=SMD_0201_RESC0603X26N) was added to instance ($1I64\$1I444) on (MCU).
pcb: Note 5854: Instance value (REFDES=R16) was added to instance ($1I64\$1I444) on (MCU).
pcb: Note 5854: Instance value (DEVICE=SMD_0201_RESC0603X26N) was added to instance ($1I64\$1I472) on (MCU).
pcb: Note 5854: Instance value (PKG_TYPE=SMD_0201_RESC0603X26N) was added to instance ($1I64\$1I472) on (MCU).
pcb: Note 5854: Instance value (REFDES=R17) was added to instance ($1I64\$1I472) on (MCU).
pcb: Note 5854: Instance value (DEVICE=SMD_0603_RESC1608X55N) was added to instance ($1I64\$1I500) on (MCU).
pcb: Note 5854: Instance value (PKG_TYPE=SMD_0603_RESC1608X55N) was added to instance ($1I64\$1I500) on (MCU).
pcb: Note 5854: Instance value (REFDES=R11) was added to instance ($1I64\$1I500) on (MCU).
pcb: Note 5854: Instance value (DEVICE=SMD_0603_RESC1608X55N) was added to instance ($1I64\$1I528) on (MCU).
pcb: Note 5854: Instance value (PKG_TYPE=SMD_0603_RESC1608X55N) was added to instance ($1I64\$1I528) on (MCU).
pcb: Note 5854: Instance value (REFDES=R12) was added to instance ($1I64\$1I528) on (MCU).
pcb: Note 5854: Instance value (DEVICE=SMD_SOIC127P600X175-14N) was added to instance ($1I64\$1I556) on (MCU).
pcb: Note 5854: Instance value (PKG_TYPE=SMD_SOIC127P600X175-14N) was added to instance ($1I64\$1I556) on (MCU).
pcb: Note 5854: Instance value (REFDES=U38) was added to instance ($1I64\$1I556) on (MCU).
pcb: Note 5854: Instance value (DEVICE=SMD_TP_100-254) was added to instance ($1I64\$1I593) on (MCU).
pcb: Note 5854: Instance value (PKG_TYPE=SMD_TP_100-254) was added to instance ($1I64\$1I593) on (MCU).
pcb: Note 5854: Instance value (REFDES=TP6) was added to instance ($1I64\$1I593) on (MCU).
pcb: Note 5854: Instance value (DEVICE=SMD_TP_100-254) was added to instance ($1I64\$1I616) on (MCU).
pcb: Note 5854: Instance value (PKG_TYPE=SMD_TP_100-254) was added to instance ($1I64\$1I616) on (MCU).
pcb: Note 5854: Instance value (REFDES=TP5) was added to instance ($1I64\$1I616) on (MCU).
pcb: Note 5854: Instance value (DEVICE=SMD_LED2012X100N) was added to instance ($1I64\$1I639) on (MCU).
pcb: Note 5854: Instance value (PKG_TYPE=SMD_LED2012X100N) was added to instance ($1I64\$1I639) on (MCU).
pcb: Note 5854: Instance value (REFDES=D1) was added to instance ($1I64\$1I639) on (MCU).
pcb: Note 5854: Instance value (DEVICE=SMD_0603_RESC1608X55N) was added to instance ($1I64\$1I666) on (MCU).
pcb: Note 5854: Instance value (PKG_TYPE=SMD_0603_RESC1608X55N) was added to instance ($1I64\$1I666) on (MCU).
pcb: Note 5854: Instance value (REFDES=R13) was added to instance ($1I64\$1I666) on (MCU).
pcb: Note 5854: Instance value (DEVICE=SMD_LED2012X100N) was added to instance ($1I64\$1I694) on (MCU).
pcb: Note 5854: Instance value (PKG_TYPE=SMD_LED2012X100N) was added to instance ($1I64\$1I694) on (MCU).
pcb: Note 5854: Instance value (REFDES=D3) was added to instance ($1I64\$1I694) on (MCU).
pcb: Note 5854: Instance value (DEVICE=SMD_0603_RESC1608X55N) was added to instance ($1I64\$1I721) on (MCU).
pcb: Note 5854: Instance value (PKG_TYPE=SMD_0603_RESC1608X55N) was added to instance ($1I64\$1I721) on (MCU).
pcb: Note 5854: Instance value (REFDES=R14) was added to instance ($1I64\$1I721) on (MCU).
pcb: Note 5854: Instance value (DEVICE=PTH_HDRV05W64P254_1X05) was added to instance ($1I64\$1I749) on (MCU).
pcb: Note 5854: Instance value (PKG_TYPE=PTH_HDRV05W64P254_1X05) was added to instance ($1I64\$1I749) on (MCU).
pcb: Note 5854: Instance value (REFDES=J1) was added to instance ($1I64\$1I749) on (MCU).
pcb: Note 5854: Instance value (DEVICE=PTH_HDRV05W64P254_1X05) was added to instance ($1I64\$1I782) on (MCU).
pcb: Note 5854: Instance value (PKG_TYPE=PTH_HDRV05W64P254_1X05) was added to instance ($1I64\$1I782) on (MCU).
pcb: Note 5854: Instance value (REFDES=J2) was added to instance ($1I64\$1I782) on (MCU).
pcb: Note 5854: Instance value (DEVICE=SMD_0603_RESC1608X55N) was added to instance ($1I64\$1I815) on (MCU).
pcb: Note 5854: Instance value (PKG_TYPE=SMD_0603_RESC1608X55N) was added to instance ($1I64\$1I815) on (MCU).
pcb: Note 5854: Instance value (REFDES=R18) was added to instance ($1I64\$1I815) on (MCU).
pcb: Note 5854: Instance value (DEVICE=PTH_HDRV02W11060P500_1X02) was added to instance ($1I64\$1I843) on (MCU).
pcb: Note 5854: Instance value (PKG_TYPE=PTH_HDRV02W11060P500_1X02) was added to instance ($1I64\$1I843) on (MCU).
pcb: Note 5854: Instance value (REFDES=J7) was added to instance ($1I64\$1I843) on (MCU).
pcb: Note 5854: Instance value (DEVICE=PTH_HDRV02W11060P500_1X02) was added to instance ($1I64\$1I873) on (MCU).
pcb: Note 5854: Instance value (PKG_TYPE=PTH_HDRV02W11060P500_1X02) was added to instance ($1I64\$1I873) on (MCU).
pcb: Note 5854: Instance value (REFDES=J6) was added to instance ($1I64\$1I873) on (MCU).
pcb: Note 5854: Instance value (DEVICE=SMD_QFN50P600X600X175-36AN) was added to instance ($1I69\$1I64) on (ASIC_1).
pcb: Note 5854: Instance value (PKG_TYPE=SMD_QFN50P600X600X175-36AN) was added to instance ($1I69\$1I64) on (ASIC_1).
pcb: Note 5854: Instance value (REFDES=U13) was added to instance ($1I69\$1I64) on (ASIC_1).
pcb: Note 5854: Instance value (DEVICE=SMD_0402_CAPC1005X70N) was added to instance ($1I69\$1I123) on (ASIC_1).
pcb: Note 5854: Instance value (PKG_TYPE=SMD_0402_CAPC1005X70N) was added to instance ($1I69\$1I123) on (ASIC_1).
pcb: Note 5854: Instance value (REFDES=C72) was added to instance ($1I69\$1I123) on (ASIC_1).
pcb: Note 5854: Instance value (DEVICE=SMD_0402_CAPC1005X70N) was added to instance ($1I69\$1I151) on (ASIC_1).
pcb: Note 5854: Instance value (PKG_TYPE=SMD_0402_CAPC1005X70N) was added to instance ($1I69\$1I151) on (ASIC_1).
pcb: Note 5854: Instance value (REFDES=C73) was added to instance ($1I69\$1I151) on (ASIC_1).
pcb: Note 5854: Instance value (DEVICE=SMD_0402_CAPC1005X70N) was added to instance ($1I69\$1I179) on (ASIC_1).
pcb: Note 5854: Instance value (PKG_TYPE=SMD_0402_CAPC1005X70N) was added to instance ($1I69\$1I179) on (ASIC_1).
pcb: Note 5854: Instance value (REFDES=C74) was added to instance ($1I69\$1I179) on (ASIC_1).
pcb: Note 5854: Instance value (DEVICE=SMD_0402_CAPC1005X70N) was added to instance ($1I69\$1I207) on (ASIC_1).
pcb: Note 5854: Instance value (PKG_TYPE=SMD_0402_CAPC1005X70N) was added to instance ($1I69\$1I207) on (ASIC_1).
pcb: Note 5854: Instance value (REFDES=C84) was added to instance ($1I69\$1I207) on (ASIC_1).
pcb: Note 5854: Instance value (DEVICE=SMD_0402_CAPC1005X70N) was added to instance ($1I69\$1I235) on (ASIC_1).
pcb: Note 5854: Instance value (PKG_TYPE=SMD_0402_CAPC1005X70N) was added to instance ($1I69\$1I235) on (ASIC_1).
pcb: Note 5854: Instance value (REFDES=C85) was added to instance ($1I69\$1I235) on (ASIC_1).
pcb: Note 5854: Instance value (DEVICE=SMD_0402_CAPC1005X70N) was added to instance ($1I69\$1I263) on (ASIC_1).
pcb: Note 5854: Instance value (PKG_TYPE=SMD_0402_CAPC1005X70N) was added to instance ($1I69\$1I263) on (ASIC_1).
pcb: Note 5854: Instance value (REFDES=C86) was added to instance ($1I69\$1I263) on (ASIC_1).
pcb: Note 5854: Instance value (DEVICE=SMD_QFN50P600X600X175-36AN) was added to instance ($1I69\$1I291) on (ASIC_1).
pcb: Note 5854: Instance value (PKG_TYPE=SMD_QFN50P600X600X175-36AN) was added to instance ($1I69\$1I291) on (ASIC_1).
pcb: Note 5854: Instance value (REFDES=U14) was added to instance ($1I69\$1I291) on (ASIC_1).
pcb: Note 5854: Instance value (DEVICE=SMD_0402_CAPC1005X70N) was added to instance ($1I69\$1I350) on (ASIC_1).
pcb: Note 5854: Instance value (PKG_TYPE=SMD_0402_CAPC1005X70N) was added to instance ($1I69\$1I350) on (ASIC_1).
pcb: Note 5854: Instance value (REFDES=C75) was added to instance ($1I69\$1I350) on (ASIC_1).
pcb: Note 5854: Instance value (DEVICE=SMD_0402_CAPC1005X70N) was added to instance ($1I69\$1I378) on (ASIC_1).
pcb: Note 5854: Instance value (PKG_TYPE=SMD_0402_CAPC1005X70N) was added to instance ($1I69\$1I378) on (ASIC_1).
pcb: Note 5854: Instance value (REFDES=C76) was added to instance ($1I69\$1I378) on (ASIC_1).
pcb: Note 5854: Instance value (DEVICE=SMD_0402_CAPC1005X70N) was added to instance ($1I69\$1I406) on (ASIC_1).
pcb: Note 5854: Instance value (PKG_TYPE=SMD_0402_CAPC1005X70N) was added to instance ($1I69\$1I406) on (ASIC_1).
pcb: Note 5854: Instance value (REFDES=C77) was added to instance ($1I69\$1I406) on (ASIC_1).
pcb: Note 5854: Instance value (DEVICE=SMD_0402_CAPC1005X70N) was added to instance ($1I69\$1I434) on (ASIC_1).
pcb: Note 5854: Instance value (PKG_TYPE=SMD_0402_CAPC1005X70N) was added to instance ($1I69\$1I434) on (ASIC_1).
pcb: Note 5854: Instance value (REFDES=C87) was added to instance ($1I69\$1I434) on (ASIC_1).
pcb: Note 5854: Instance value (DEVICE=SMD_0402_CAPC1005X70N) was added to instance ($1I69\$1I462) on (ASIC_1).
pcb: Note 5854: Instance value (PKG_TYPE=SMD_0402_CAPC1005X70N) was added to instance ($1I69\$1I462) on (ASIC_1).
pcb: Note 5854: Instance value (REFDES=C88) was added to instance ($1I69\$1I462) on (ASIC_1).
pcb: Note 5854: Instance value (DEVICE=SMD_0402_CAPC1005X70N) was added to instance ($1I69\$1I490) on (ASIC_1).
pcb: Note 5854: Instance value (PKG_TYPE=SMD_0402_CAPC1005X70N) was added to instance ($1I69\$1I490) on (ASIC_1).
pcb: Note 5854: Instance value (REFDES=C89) was added to instance ($1I69\$1I490) on (ASIC_1).
pcb: Note 5854: Instance value (DEVICE=SMD_QFN50P600X600X175-36AN) was added to instance ($1I69\$1I518) on (ASIC_1).
pcb: Note 5854: Instance value (PKG_TYPE=SMD_QFN50P600X600X175-36AN) was added to instance ($1I69\$1I518) on (ASIC_1).
pcb: Note 5854: Instance value (REFDES=U15) was added to instance ($1I69\$1I518) on (ASIC_1).
pcb: Note 5854: Instance value (DEVICE=SMD_0402_CAPC1005X70N) was added to instance ($1I69\$1I577) on (ASIC_1).
pcb: Note 5854: Instance value (PKG_TYPE=SMD_0402_CAPC1005X70N) was added to instance ($1I69\$1I577) on (ASIC_1).
pcb: Note 5854: Instance value (REFDES=C78) was added to instance ($1I69\$1I577) on (ASIC_1).
pcb: Note 5854: Instance value (DEVICE=SMD_0402_CAPC1005X70N) was added to instance ($1I69\$1I605) on (ASIC_1).
pcb: Note 5854: Instance value (PKG_TYPE=SMD_0402_CAPC1005X70N) was added to instance ($1I69\$1I605) on (ASIC_1).
pcb: Note 5854: Instance value (REFDES=C79) was added to instance ($1I69\$1I605) on (ASIC_1).
pcb: Note 5854: Instance value (DEVICE=SMD_0402_CAPC1005X70N) was added to instance ($1I69\$1I633) on (ASIC_1).
pcb: Note 5854: Instance value (PKG_TYPE=SMD_0402_CAPC1005X70N) was added to instance ($1I69\$1I633) on (ASIC_1).
pcb: Note 5854: Instance value (REFDES=C80) was added to instance ($1I69\$1I633) on (ASIC_1).
pcb: Note 5854: Instance value (DEVICE=SMD_0402_CAPC1005X70N) was added to instance ($1I69\$1I661) on (ASIC_1).
pcb: Note 5854: Instance value (PKG_TYPE=SMD_0402_CAPC1005X70N) was added to instance ($1I69\$1I661) on (ASIC_1).
pcb: Note 5854: Instance value (REFDES=C90) was added to instance ($1I69\$1I661) on (ASIC_1).
pcb: Note 5854: Instance value (DEVICE=SMD_0402_CAPC1005X70N) was added to instance ($1I69\$1I689) on (ASIC_1).
pcb: Note 5854: Instance value (PKG_TYPE=SMD_0402_CAPC1005X70N) was added to instance ($1I69\$1I689) on (ASIC_1).
pcb: Note 5854: Instance value (REFDES=C91) was added to instance ($1I69\$1I689) on (ASIC_1).
pcb: Note 5854: Instance value (DEVICE=SMD_0402_CAPC1005X70N) was added to instance ($1I69\$1I717) on (ASIC_1).
pcb: Note 5854: Instance value (PKG_TYPE=SMD_0402_CAPC1005X70N) was added to instance ($1I69\$1I717) on (ASIC_1).
pcb: Note 5854: Instance value (REFDES=C92) was added to instance ($1I69\$1I717) on (ASIC_1).
pcb: Note 5854: Instance value (DEVICE=SMD_QFN50P600X600X175-36AN) was added to instance ($1I69\$1I745) on (ASIC_1).
pcb: Note 5854: Instance value (PKG_TYPE=SMD_QFN50P600X600X175-36AN) was added to instance ($1I69\$1I745) on (ASIC_1).
pcb: Note 5854: Instance value (REFDES=U16) was added to instance ($1I69\$1I745) on (ASIC_1).
pcb: Note 5854: Instance value (DEVICE=SMD_0402_CAPC1005X70N) was added to instance ($1I69\$1I804) on (ASIC_1).
pcb: Note 5854: Instance value (PKG_TYPE=SMD_0402_CAPC1005X70N) was added to instance ($1I69\$1I804) on (ASIC_1).
pcb: Note 5854: Instance value (REFDES=C81) was added to instance ($1I69\$1I804) on (ASIC_1).
pcb: Note 5854: Instance value (DEVICE=SMD_0402_CAPC1005X70N) was added to instance ($1I69\$1I832) on (ASIC_1).
pcb: Note 5854: Instance value (PKG_TYPE=SMD_0402_CAPC1005X70N) was added to instance ($1I69\$1I832) on (ASIC_1).
pcb: Note 5854: Instance value (REFDES=C82) was added to instance ($1I69\$1I832) on (ASIC_1).
pcb: Note 5854: Instance value (DEVICE=SMD_0402_CAPC1005X70N) was added to instance ($1I69\$1I860) on (ASIC_1).
pcb: Note 5854: Instance value (PKG_TYPE=SMD_0402_CAPC1005X70N) was added to instance ($1I69\$1I860) on (ASIC_1).
pcb: Note 5854: Instance value (REFDES=C83) was added to instance ($1I69\$1I860) on (ASIC_1).
pcb: Note 5854: Instance value (DEVICE=SMD_0402_CAPC1005X70N) was added to instance ($1I69\$1I888) on (ASIC_1).
pcb: Note 5854: Instance value (PKG_TYPE=SMD_0402_CAPC1005X70N) was added to instance ($1I69\$1I888) on (ASIC_1).
pcb: Note 5854: Instance value (REFDES=C93) was added to instance ($1I69\$1I888) on (ASIC_1).
pcb: Note 5854: Instance value (DEVICE=SMD_0402_CAPC1005X70N) was added to instance ($1I69\$1I916) on (ASIC_1).
pcb: Note 5854: Instance value (PKG_TYPE=SMD_0402_CAPC1005X70N) was added to instance ($1I69\$1I916) on (ASIC_1).
pcb: Note 5854: Instance value (REFDES=C94) was added to instance ($1I69\$1I916) on (ASIC_1).
pcb: Note 5854: Instance value (DEVICE=SMD_0402_CAPC1005X70N) was added to instance ($1I69\$1I944) on (ASIC_1).
pcb: Note 5854: Instance value (PKG_TYPE=SMD_0402_CAPC1005X70N) was added to instance ($1I69\$1I944) on (ASIC_1).
pcb: Note 5854: Instance value (REFDES=C95) was added to instance ($1I69\$1I944) on (ASIC_1).
pcb: Note 5854: Instance value (DEVICE=SMD_QFN50P600X600X175-36AN) was added to instance ($1I69\$1I972) on (ASIC_1).
pcb: Note 5854: Instance value (PKG_TYPE=SMD_QFN50P600X600X175-36AN) was added to instance ($1I69\$1I972) on (ASIC_1).
pcb: Note 5854: Instance value (REFDES=U17) was added to instance ($1I69\$1I972) on (ASIC_1).
pcb: Note 5854: Instance value (DEVICE=SMD_0402_CAPC1005X70N) was added to instance ($1I69\$1I1031) on (ASIC_1).
pcb: Note 5854: Instance value (PKG_TYPE=SMD_0402_CAPC1005X70N) was added to instance ($1I69\$1I1031) on (ASIC_1).
pcb: Note 5854: Instance value (REFDES=C96) was added to instance ($1I69\$1I1031) on (ASIC_1).
pcb: Note 5854: Instance value (DEVICE=SMD_0402_CAPC1005X70N) was added to instance ($1I69\$1I1059) on (ASIC_1).
pcb: Note 5854: Instance value (PKG_TYPE=SMD_0402_CAPC1005X70N) was added to instance ($1I69\$1I1059) on (ASIC_1).
pcb: Note 5854: Instance value (REFDES=C97) was added to instance ($1I69\$1I1059) on (ASIC_1).
pcb: Note 5854: Instance value (DEVICE=SMD_0402_CAPC1005X70N) was added to instance ($1I69\$1I1087) on (ASIC_1).
pcb: Note 5854: Instance value (PKG_TYPE=SMD_0402_CAPC1005X70N) was added to instance ($1I69\$1I1087) on (ASIC_1).
pcb: Note 5854: Instance value (REFDES=C98) was added to instance ($1I69\$1I1087) on (ASIC_1).
pcb: Note 5854: Instance value (DEVICE=SMD_0402_CAPC1005X70N) was added to instance ($1I69\$1I1115) on (ASIC_1).
pcb: Note 5854: Instance value (PKG_TYPE=SMD_0402_CAPC1005X70N) was added to instance ($1I69\$1I1115) on (ASIC_1).
pcb: Note 5854: Instance value (REFDES=C108) was added to instance ($1I69\$1I1115) on (ASIC_1).
pcb: Note 5854: Instance value (DEVICE=SMD_0402_CAPC1005X70N) was added to instance ($1I69\$1I1143) on (ASIC_1).
pcb: Note 5854: Instance value (PKG_TYPE=SMD_0402_CAPC1005X70N) was added to instance ($1I69\$1I1143) on (ASIC_1).
pcb: Note 5854: Instance value (REFDES=C109) was added to instance ($1I69\$1I1143) on (ASIC_1).
pcb: Note 5854: Instance value (DEVICE=SMD_0402_CAPC1005X70N) was added to instance ($1I69\$1I1171) on (ASIC_1).
pcb: Note 5854: Instance value (PKG_TYPE=SMD_0402_CAPC1005X70N) was added to instance ($1I69\$1I1171) on (ASIC_1).
pcb: Note 5854: Instance value (REFDES=C110) was added to instance ($1I69\$1I1171) on (ASIC_1).
pcb: Note 5854: Instance value (DEVICE=SMD_QFN50P600X600X175-36AN) was added to instance ($1I69\$1I1199) on (ASIC_1).
pcb: Note 5854: Instance value (PKG_TYPE=SMD_QFN50P600X600X175-36AN) was added to instance ($1I69\$1I1199) on (ASIC_1).
pcb: Note 5854: Instance value (REFDES=U18) was added to instance ($1I69\$1I1199) on (ASIC_1).
pcb: Note 5854: Instance value (DEVICE=SMD_0402_CAPC1005X70N) was added to instance ($1I69\$1I1258) on (ASIC_1).
pcb: Note 5854: Instance value (PKG_TYPE=SMD_0402_CAPC1005X70N) was added to instance ($1I69\$1I1258) on (ASIC_1).
pcb: Note 5854: Instance value (REFDES=C99) was added to instance ($1I69\$1I1258) on (ASIC_1).
pcb: Note 5854: Instance value (DEVICE=SMD_0402_CAPC1005X70N) was added to instance ($1I69\$1I1286) on (ASIC_1).
pcb: Note 5854: Instance value (PKG_TYPE=SMD_0402_CAPC1005X70N) was added to instance ($1I69\$1I1286) on (ASIC_1).
pcb: Note 5854: Instance value (REFDES=C100) was added to instance ($1I69\$1I1286) on (ASIC_1).
pcb: Note 5854: Instance value (DEVICE=SMD_0402_CAPC1005X70N) was added to instance ($1I69\$1I1314) on (ASIC_1).
pcb: Note 5854: Instance value (PKG_TYPE=SMD_0402_CAPC1005X70N) was added to instance ($1I69\$1I1314) on (ASIC_1).
pcb: Note 5854: Instance value (REFDES=C101) was added to instance ($1I69\$1I1314) on (ASIC_1).
pcb: Note 5854: Instance value (DEVICE=SMD_0402_CAPC1005X70N) was added to instance ($1I69\$1I1342) on (ASIC_1).
pcb: Note 5854: Instance value (PKG_TYPE=SMD_0402_CAPC1005X70N) was added to instance ($1I69\$1I1342) on (ASIC_1).
pcb: Note 5854: Instance value (REFDES=C111) was added to instance ($1I69\$1I1342) on (ASIC_1).
pcb: Note 5854: Instance value (DEVICE=SMD_0402_CAPC1005X70N) was added to instance ($1I69\$1I1370) on (ASIC_1).
pcb: Note 5854: Instance value (PKG_TYPE=SMD_0402_CAPC1005X70N) was added to instance ($1I69\$1I1370) on (ASIC_1).
pcb: Note 5854: Instance value (REFDES=C112) was added to instance ($1I69\$1I1370) on (ASIC_1).
pcb: Note 5854: Instance value (DEVICE=SMD_0402_CAPC1005X70N) was added to instance ($1I69\$1I1398) on (ASIC_1).
pcb: Note 5854: Instance value (PKG_TYPE=SMD_0402_CAPC1005X70N) was added to instance ($1I69\$1I1398) on (ASIC_1).
pcb: Note 5854: Instance value (REFDES=C113) was added to instance ($1I69\$1I1398) on (ASIC_1).
pcb: Note 5854: Instance value (DEVICE=SMD_QFN50P600X600X175-36AN) was added to instance ($1I69\$1I1426) on (ASIC_1).
pcb: Note 5854: Instance value (PKG_TYPE=SMD_QFN50P600X600X175-36AN) was added to instance ($1I69\$1I1426) on (ASIC_1).
pcb: Note 5854: Instance value (REFDES=U19) was added to instance ($1I69\$1I1426) on (ASIC_1).
pcb: Note 5854: Instance value (DEVICE=SMD_0402_CAPC1005X70N) was added to instance ($1I69\$1I1485) on (ASIC_1).
pcb: Note 5854: Instance value (PKG_TYPE=SMD_0402_CAPC1005X70N) was added to instance ($1I69\$1I1485) on (ASIC_1).
pcb: Note 5854: Instance value (REFDES=C102) was added to instance ($1I69\$1I1485) on (ASIC_1).
pcb: Note 5854: Instance value (DEVICE=SMD_0402_CAPC1005X70N) was added to instance ($1I69\$1I1513) on (ASIC_1).
pcb: Note 5854: Instance value (PKG_TYPE=SMD_0402_CAPC1005X70N) was added to instance ($1I69\$1I1513) on (ASIC_1).
pcb: Note 5854: Instance value (REFDES=C103) was added to instance ($1I69\$1I1513) on (ASIC_1).
pcb: Note 5854: Instance value (DEVICE=SMD_0402_CAPC1005X70N) was added to instance ($1I69\$1I1541) on (ASIC_1).
pcb: Note 5854: Instance value (PKG_TYPE=SMD_0402_CAPC1005X70N) was added to instance ($1I69\$1I1541) on (ASIC_1).
pcb: Note 5854: Instance value (REFDES=C104) was added to instance ($1I69\$1I1541) on (ASIC_1).
pcb: Note 5854: Instance value (DEVICE=SMD_0402_CAPC1005X70N) was added to instance ($1I69\$1I1569) on (ASIC_1).
pcb: Note 5854: Instance value (PKG_TYPE=SMD_0402_CAPC1005X70N) was added to instance ($1I69\$1I1569) on (ASIC_1).
pcb: Note 5854: Instance value (REFDES=C114) was added to instance ($1I69\$1I1569) on (ASIC_1).
pcb: Note 5854: Instance value (DEVICE=SMD_0402_CAPC1005X70N) was added to instance ($1I69\$1I1597) on (ASIC_1).
pcb: Note 5854: Instance value (PKG_TYPE=SMD_0402_CAPC1005X70N) was added to instance ($1I69\$1I1597) on (ASIC_1).
pcb: Note 5854: Instance value (REFDES=C115) was added to instance ($1I69\$1I1597) on (ASIC_1).
pcb: Note 5854: Instance value (DEVICE=SMD_0402_CAPC1005X70N) was added to instance ($1I69\$1I1625) on (ASIC_1).
pcb: Note 5854: Instance value (PKG_TYPE=SMD_0402_CAPC1005X70N) was added to instance ($1I69\$1I1625) on (ASIC_1).
pcb: Note 5854: Instance value (REFDES=C116) was added to instance ($1I69\$1I1625) on (ASIC_1).
pcb: Note 5854: Instance value (DEVICE=SMD_QFN50P600X600X175-36AN) was added to instance ($1I69\$1I1653) on (ASIC_1).
pcb: Note 5854: Instance value (PKG_TYPE=SMD_QFN50P600X600X175-36AN) was added to instance ($1I69\$1I1653) on (ASIC_1).
pcb: Note 5854: Instance value (REFDES=U20) was added to instance ($1I69\$1I1653) on (ASIC_1).
pcb: Note 5854: Instance value (DEVICE=SMD_0402_CAPC1005X70N) was added to instance ($1I69\$1I1712) on (ASIC_1).
pcb: Note 5854: Instance value (PKG_TYPE=SMD_0402_CAPC1005X70N) was added to instance ($1I69\$1I1712) on (ASIC_1).
pcb: Note 5854: Instance value (REFDES=C105) was added to instance ($1I69\$1I1712) on (ASIC_1).
pcb: Note 5854: Instance value (DEVICE=SMD_0402_CAPC1005X70N) was added to instance ($1I69\$1I1740) on (ASIC_1).
pcb: Note 5854: Instance value (PKG_TYPE=SMD_0402_CAPC1005X70N) was added to instance ($1I69\$1I1740) on (ASIC_1).
pcb: Note 5854: Instance value (REFDES=C106) was added to instance ($1I69\$1I1740) on (ASIC_1).
pcb: Note 5854: Instance value (DEVICE=SMD_0402_CAPC1005X70N) was added to instance ($1I69\$1I1768) on (ASIC_1).
pcb: Note 5854: Instance value (PKG_TYPE=SMD_0402_CAPC1005X70N) was added to instance ($1I69\$1I1768) on (ASIC_1).
pcb: Note 5854: Instance value (REFDES=C107) was added to instance ($1I69\$1I1768) on (ASIC_1).
pcb: Note 5854: Instance value (DEVICE=SMD_0402_CAPC1005X70N) was added to instance ($1I69\$1I1796) on (ASIC_1).
pcb: Note 5854: Instance value (PKG_TYPE=SMD_0402_CAPC1005X70N) was added to instance ($1I69\$1I1796) on (ASIC_1).
pcb: Note 5854: Instance value (REFDES=C117) was added to instance ($1I69\$1I1796) on (ASIC_1).
pcb: Note 5854: Instance value (DEVICE=SMD_0402_CAPC1005X70N) was added to instance ($1I69\$1I1824) on (ASIC_1).
pcb: Note 5854: Instance value (PKG_TYPE=SMD_0402_CAPC1005X70N) was added to instance ($1I69\$1I1824) on (ASIC_1).
pcb: Note 5854: Instance value (REFDES=C118) was added to instance ($1I69\$1I1824) on (ASIC_1).
pcb: Note 5854: Instance value (DEVICE=SMD_0402_CAPC1005X70N) was added to instance ($1I69\$1I1852) on (ASIC_1).
pcb: Note 5854: Instance value (PKG_TYPE=SMD_0402_CAPC1005X70N) was added to instance ($1I69\$1I1852) on (ASIC_1).
pcb: Note 5854: Instance value (REFDES=C119) was added to instance ($1I69\$1I1852) on (ASIC_1).
pcb: Note 5854: Instance value (DEVICE=SMD_QFN50P600X600X175-36AN) was added to instance ($1I69\$1I1880) on (ASIC_1).
pcb: Note 5854: Instance value (PKG_TYPE=SMD_QFN50P600X600X175-36AN) was added to instance ($1I69\$1I1880) on (ASIC_1).
pcb: Note 5854: Instance value (REFDES=U22) was added to instance ($1I69\$1I1880) on (ASIC_1).
pcb: Note 5854: Instance value (DEVICE=SMD_0402_CAPC1005X70N) was added to instance ($1I69\$1I1939) on (ASIC_1).
pcb: Note 5854: Instance value (PKG_TYPE=SMD_0402_CAPC1005X70N) was added to instance ($1I69\$1I1939) on (ASIC_1).
pcb: Note 5854: Instance value (REFDES=C121) was added to instance ($1I69\$1I1939) on (ASIC_1).
pcb: Note 5854: Instance value (DEVICE=SMD_0402_CAPC1005X70N) was added to instance ($1I69\$1I1967) on (ASIC_1).
pcb: Note 5854: Instance value (PKG_TYPE=SMD_0402_CAPC1005X70N) was added to instance ($1I69\$1I1967) on (ASIC_1).
pcb: Note 5854: Instance value (REFDES=C122) was added to instance ($1I69\$1I1967) on (ASIC_1).
pcb: Note 5854: Instance value (DEVICE=SMD_0402_CAPC1005X70N) was added to instance ($1I69\$1I1995) on (ASIC_1).
pcb: Note 5854: Instance value (PKG_TYPE=SMD_0402_CAPC1005X70N) was added to instance ($1I69\$1I1995) on (ASIC_1).
pcb: Note 5854: Instance value (REFDES=C123) was added to instance ($1I69\$1I1995) on (ASIC_1).
pcb: Note 5854: Instance value (DEVICE=SMD_0402_CAPC1005X70N) was added to instance ($1I69\$1I2023) on (ASIC_1).
pcb: Note 5854: Instance value (PKG_TYPE=SMD_0402_CAPC1005X70N) was added to instance ($1I69\$1I2023) on (ASIC_1).
pcb: Note 5854: Instance value (REFDES=C130) was added to instance ($1I69\$1I2023) on (ASIC_1).
pcb: Note 5854: Instance value (DEVICE=SMD_0402_CAPC1005X70N) was added to instance ($1I69\$1I2051) on (ASIC_1).
pcb: Note 5854: Instance value (PKG_TYPE=SMD_0402_CAPC1005X70N) was added to instance ($1I69\$1I2051) on (ASIC_1).
pcb: Note 5854: Instance value (REFDES=C131) was added to instance ($1I69\$1I2051) on (ASIC_1).
pcb: Note 5854: Instance value (DEVICE=SMD_0402_CAPC1005X70N) was added to instance ($1I69\$1I2079) on (ASIC_1).
pcb: Note 5854: Instance value (PKG_TYPE=SMD_0402_CAPC1005X70N) was added to instance ($1I69\$1I2079) on (ASIC_1).
pcb: Note 5854: Instance value (REFDES=C132) was added to instance ($1I69\$1I2079) on (ASIC_1).
pcb: Note 5854: Instance value (DEVICE=SMD_QFN50P600X600X175-36AN) was added to instance ($1I69\$1I2107) on (ASIC_1).
pcb: Note 5854: Instance value (PKG_TYPE=SMD_QFN50P600X600X175-36AN) was added to instance ($1I69\$1I2107) on (ASIC_1).
pcb: Note 5854: Instance value (REFDES=U23) was added to instance ($1I69\$1I2107) on (ASIC_1).
pcb: Note 5854: Instance value (DEVICE=SMD_0402_CAPC1005X70N) was added to instance ($1I69\$1I2166) on (ASIC_1).
pcb: Note 5854: Instance value (PKG_TYPE=SMD_0402_CAPC1005X70N) was added to instance ($1I69\$1I2166) on (ASIC_1).
pcb: Note 5854: Instance value (REFDES=C124) was added to instance ($1I69\$1I2166) on (ASIC_1).
pcb: Note 5854: Instance value (DEVICE=SMD_0402_CAPC1005X70N) was added to instance ($1I69\$1I2194) on (ASIC_1).
pcb: Note 5854: Instance value (PKG_TYPE=SMD_0402_CAPC1005X70N) was added to instance ($1I69\$1I2194) on (ASIC_1).
pcb: Note 5854: Instance value (REFDES=C125) was added to instance ($1I69\$1I2194) on (ASIC_1).
pcb: Note 5854: Instance value (DEVICE=SMD_0402_CAPC1005X70N) was added to instance ($1I69\$1I2222) on (ASIC_1).
pcb: Note 5854: Instance value (PKG_TYPE=SMD_0402_CAPC1005X70N) was added to instance ($1I69\$1I2222) on (ASIC_1).
pcb: Note 5854: Instance value (REFDES=C126) was added to instance ($1I69\$1I2222) on (ASIC_1).
pcb: Note 5854: Instance value (DEVICE=SMD_0402_CAPC1005X70N) was added to instance ($1I69\$1I2250) on (ASIC_1).
pcb: Note 5854: Instance value (PKG_TYPE=SMD_0402_CAPC1005X70N) was added to instance ($1I69\$1I2250) on (ASIC_1).
pcb: Note 5854: Instance value (REFDES=C133) was added to instance ($1I69\$1I2250) on (ASIC_1).
pcb: Note 5854: Instance value (DEVICE=SMD_0402_CAPC1005X70N) was added to instance ($1I69\$1I2278) on (ASIC_1).
pcb: Note 5854: Instance value (PKG_TYPE=SMD_0402_CAPC1005X70N) was added to instance ($1I69\$1I2278) on (ASIC_1).
pcb: Note 5854: Instance value (REFDES=C134) was added to instance ($1I69\$1I2278) on (ASIC_1).
pcb: Note 5854: Instance value (DEVICE=SMD_0402_CAPC1005X70N) was added to instance ($1I69\$1I2306) on (ASIC_1).
pcb: Note 5854: Instance value (PKG_TYPE=SMD_0402_CAPC1005X70N) was added to instance ($1I69\$1I2306) on (ASIC_1).
pcb: Note 5854: Instance value (REFDES=C135) was added to instance ($1I69\$1I2306) on (ASIC_1).
pcb: Note 5854: Instance value (DEVICE=SMD_QFN50P600X600X175-36AN) was added to instance ($1I69\$1I2334) on (ASIC_1).
pcb: Note 5854: Instance value (PKG_TYPE=SMD_QFN50P600X600X175-36AN) was added to instance ($1I69\$1I2334) on (ASIC_1).
pcb: Note 5854: Instance value (REFDES=U24) was added to instance ($1I69\$1I2334) on (ASIC_1).
pcb: Note 5854: Instance value (DEVICE=SMD_0402_CAPC1005X70N) was added to instance ($1I69\$1I2393) on (ASIC_1).
pcb: Note 5854: Instance value (PKG_TYPE=SMD_0402_CAPC1005X70N) was added to instance ($1I69\$1I2393) on (ASIC_1).
pcb: Note 5854: Instance value (REFDES=C127) was added to instance ($1I69\$1I2393) on (ASIC_1).
pcb: Note 5854: Instance value (DEVICE=SMD_0402_CAPC1005X70N) was added to instance ($1I69\$1I2421) on (ASIC_1).
pcb: Note 5854: Instance value (PKG_TYPE=SMD_0402_CAPC1005X70N) was added to instance ($1I69\$1I2421) on (ASIC_1).
pcb: Note 5854: Instance value (REFDES=C128) was added to instance ($1I69\$1I2421) on (ASIC_1).
pcb: Note 5854: Instance value (DEVICE=SMD_0402_CAPC1005X70N) was added to instance ($1I69\$1I2449) on (ASIC_1).
pcb: Note 5854: Instance value (PKG_TYPE=SMD_0402_CAPC1005X70N) was added to instance ($1I69\$1I2449) on (ASIC_1).
pcb: Note 5854: Instance value (REFDES=C129) was added to instance ($1I69\$1I2449) on (ASIC_1).
pcb: Note 5854: Instance value (DEVICE=SMD_0402_CAPC1005X70N) was added to instance ($1I69\$1I2477) on (ASIC_1).
pcb: Note 5854: Instance value (PKG_TYPE=SMD_0402_CAPC1005X70N) was added to instance ($1I69\$1I2477) on (ASIC_1).
pcb: Note 5854: Instance value (REFDES=C136) was added to instance ($1I69\$1I2477) on (ASIC_1).
pcb: Note 5854: Instance value (DEVICE=SMD_0402_CAPC1005X70N) was added to instance ($1I69\$1I2505) on (ASIC_1).
pcb: Note 5854: Instance value (PKG_TYPE=SMD_0402_CAPC1005X70N) was added to instance ($1I69\$1I2505) on (ASIC_1).
pcb: Note 5854: Instance value (REFDES=C137) was added to instance ($1I69\$1I2505) on (ASIC_1).
pcb: Note 5854: Instance value (DEVICE=SMD_0402_CAPC1005X70N) was added to instance ($1I69\$1I2533) on (ASIC_1).
pcb: Note 5854: Instance value (PKG_TYPE=SMD_0402_CAPC1005X70N) was added to instance ($1I69\$1I2533) on (ASIC_1).
pcb: Note 5854: Instance value (REFDES=C138) was added to instance ($1I69\$1I2533) on (ASIC_1).
pcb: Note 5854: Instance value (DEVICE=SMD_QFN40P500X500X80-41N) was added to instance ($1I69\$1I2561) on (ASIC_1).
pcb: Note 5854: Instance value (PKG_TYPE=SMD_QFN40P500X500X80-41N) was added to instance ($1I69\$1I2561) on (ASIC_1).
pcb: Note 5854: Instance value (REFDES=U21) was added to instance ($1I69\$1I2561) on (ASIC_1).
pcb: Note 5854: Instance value (DEVICE=SMD_0603_CAPC1608X95N) was added to instance ($1I69\$1I2625) on (ASIC_1).
pcb: Note 5854: Instance value (PKG_TYPE=SMD_0603_CAPC1608X95N) was added to instance ($1I69\$1I2625) on (ASIC_1).
pcb: Note 5854: Instance value (REFDES=C120) was added to instance ($1I69\$1I2625) on (ASIC_1).
pcb: Note 5854: Instance value (DEVICE=SMD_QFN50P600X600X175-36AN) was added to instance ($1I74\$1I64) on (ASIC_2).
pcb: Note 5854: Instance value (PKG_TYPE=SMD_QFN50P600X600X175-36AN) was added to instance ($1I74\$1I64) on (ASIC_2).
pcb: Note 5854: Instance value (REFDES=U25) was added to instance ($1I74\$1I64) on (ASIC_2).
pcb: Note 5854: Instance value (DEVICE=SMD_0402_CAPC1005X70N) was added to instance ($1I74\$1I123) on (ASIC_2).
pcb: Note 5854: Instance value (PKG_TYPE=SMD_0402_CAPC1005X70N) was added to instance ($1I74\$1I123) on (ASIC_2).
pcb: Note 5854: Instance value (REFDES=C139) was added to instance ($1I74\$1I123) on (ASIC_2).
pcb: Note 5854: Instance value (DEVICE=SMD_0402_CAPC1005X70N) was added to instance ($1I74\$1I151) on (ASIC_2).
pcb: Note 5854: Instance value (PKG_TYPE=SMD_0402_CAPC1005X70N) was added to instance ($1I74\$1I151) on (ASIC_2).
pcb: Note 5854: Instance value (REFDES=C140) was added to instance ($1I74\$1I151) on (ASIC_2).
pcb: Note 5854: Instance value (DEVICE=SMD_0402_CAPC1005X70N) was added to instance ($1I74\$1I179) on (ASIC_2).
pcb: Note 5854: Instance value (PKG_TYPE=SMD_0402_CAPC1005X70N) was added to instance ($1I74\$1I179) on (ASIC_2).
pcb: Note 5854: Instance value (REFDES=C141) was added to instance ($1I74\$1I179) on (ASIC_2).
pcb: Note 5854: Instance value (DEVICE=SMD_0402_CAPC1005X70N) was added to instance ($1I74\$1I207) on (ASIC_2).
pcb: Note 5854: Instance value (PKG_TYPE=SMD_0402_CAPC1005X70N) was added to instance ($1I74\$1I207) on (ASIC_2).
pcb: Note 5854: Instance value (REFDES=C151) was added to instance ($1I74\$1I207) on (ASIC_2).
pcb: Note 5854: Instance value (DEVICE=SMD_0402_CAPC1005X70N) was added to instance ($1I74\$1I235) on (ASIC_2).
pcb: Note 5854: Instance value (PKG_TYPE=SMD_0402_CAPC1005X70N) was added to instance ($1I74\$1I235) on (ASIC_2).
pcb: Note 5854: Instance value (REFDES=C152) was added to instance ($1I74\$1I235) on (ASIC_2).
pcb: Note 5854: Instance value (DEVICE=SMD_0402_CAPC1005X70N) was added to instance ($1I74\$1I263) on (ASIC_2).
pcb: Note 5854: Instance value (PKG_TYPE=SMD_0402_CAPC1005X70N) was added to instance ($1I74\$1I263) on (ASIC_2).
pcb: Note 5854: Instance value (REFDES=C153) was added to instance ($1I74\$1I263) on (ASIC_2).
pcb: Note 5854: Instance value (DEVICE=SMD_QFN50P600X600X175-36AN) was added to instance ($1I74\$1I291) on (ASIC_2).
pcb: Note 5854: Instance value (PKG_TYPE=SMD_QFN50P600X600X175-36AN) was added to instance ($1I74\$1I291) on (ASIC_2).
pcb: Note 5854: Instance value (REFDES=U26) was added to instance ($1I74\$1I291) on (ASIC_2).
pcb: Note 5854: Instance value (DEVICE=SMD_0402_CAPC1005X70N) was added to instance ($1I74\$1I350) on (ASIC_2).
pcb: Note 5854: Instance value (PKG_TYPE=SMD_0402_CAPC1005X70N) was added to instance ($1I74\$1I350) on (ASIC_2).
pcb: Note 5854: Instance value (REFDES=C142) was added to instance ($1I74\$1I350) on (ASIC_2).
pcb: Note 5854: Instance value (DEVICE=SMD_0402_CAPC1005X70N) was added to instance ($1I74\$1I378) on (ASIC_2).
pcb: Note 5854: Instance value (PKG_TYPE=SMD_0402_CAPC1005X70N) was added to instance ($1I74\$1I378) on (ASIC_2).
pcb: Note 5854: Instance value (REFDES=C143) was added to instance ($1I74\$1I378) on (ASIC_2).
pcb: Note 5854: Instance value (DEVICE=SMD_0402_CAPC1005X70N) was added to instance ($1I74\$1I406) on (ASIC_2).
pcb: Note 5854: Instance value (PKG_TYPE=SMD_0402_CAPC1005X70N) was added to instance ($1I74\$1I406) on (ASIC_2).
pcb: Note 5854: Instance value (REFDES=C144) was added to instance ($1I74\$1I406) on (ASIC_2).
pcb: Note 5854: Instance value (DEVICE=SMD_0402_CAPC1005X70N) was added to instance ($1I74\$1I434) on (ASIC_2).
pcb: Note 5854: Instance value (PKG_TYPE=SMD_0402_CAPC1005X70N) was added to instance ($1I74\$1I434) on (ASIC_2).
pcb: Note 5854: Instance value (REFDES=C154) was added to instance ($1I74\$1I434) on (ASIC_2).
pcb: Note 5854: Instance value (DEVICE=SMD_0402_CAPC1005X70N) was added to instance ($1I74\$1I462) on (ASIC_2).
pcb: Note 5854: Instance value (PKG_TYPE=SMD_0402_CAPC1005X70N) was added to instance ($1I74\$1I462) on (ASIC_2).
pcb: Note 5854: Instance value (REFDES=C155) was added to instance ($1I74\$1I462) on (ASIC_2).
pcb: Note 5854: Instance value (DEVICE=SMD_0402_CAPC1005X70N) was added to instance ($1I74\$1I490) on (ASIC_2).
pcb: Note 5854: Instance value (PKG_TYPE=SMD_0402_CAPC1005X70N) was added to instance ($1I74\$1I490) on (ASIC_2).
pcb: Note 5854: Instance value (REFDES=C156) was added to instance ($1I74\$1I490) on (ASIC_2).
pcb: Note 5854: Instance value (DEVICE=SMD_QFN50P600X600X175-36AN) was added to instance ($1I74\$1I518) on (ASIC_2).
pcb: Note 5854: Instance value (PKG_TYPE=SMD_QFN50P600X600X175-36AN) was added to instance ($1I74\$1I518) on (ASIC_2).
pcb: Note 5854: Instance value (REFDES=U27) was added to instance ($1I74\$1I518) on (ASIC_2).
pcb: Note 5854: Instance value (DEVICE=SMD_0402_CAPC1005X70N) was added to instance ($1I74\$1I577) on (ASIC_2).
pcb: Note 5854: Instance value (PKG_TYPE=SMD_0402_CAPC1005X70N) was added to instance ($1I74\$1I577) on (ASIC_2).
pcb: Note 5854: Instance value (REFDES=C145) was added to instance ($1I74\$1I577) on (ASIC_2).
pcb: Note 5854: Instance value (DEVICE=SMD_0402_CAPC1005X70N) was added to instance ($1I74\$1I605) on (ASIC_2).
pcb: Note 5854: Instance value (PKG_TYPE=SMD_0402_CAPC1005X70N) was added to instance ($1I74\$1I605) on (ASIC_2).
pcb: Note 5854: Instance value (REFDES=C146) was added to instance ($1I74\$1I605) on (ASIC_2).
pcb: Note 5854: Instance value (DEVICE=SMD_0402_CAPC1005X70N) was added to instance ($1I74\$1I633) on (ASIC_2).
pcb: Note 5854: Instance value (PKG_TYPE=SMD_0402_CAPC1005X70N) was added to instance ($1I74\$1I633) on (ASIC_2).
pcb: Note 5854: Instance value (REFDES=C147) was added to instance ($1I74\$1I633) on (ASIC_2).
pcb: Note 5854: Instance value (DEVICE=SMD_0402_CAPC1005X70N) was added to instance ($1I74\$1I661) on (ASIC_2).
pcb: Note 5854: Instance value (PKG_TYPE=SMD_0402_CAPC1005X70N) was added to instance ($1I74\$1I661) on (ASIC_2).
pcb: Note 5854: Instance value (REFDES=C157) was added to instance ($1I74\$1I661) on (ASIC_2).
pcb: Note 5854: Instance value (DEVICE=SMD_0402_CAPC1005X70N) was added to instance ($1I74\$1I689) on (ASIC_2).
pcb: Note 5854: Instance value (PKG_TYPE=SMD_0402_CAPC1005X70N) was added to instance ($1I74\$1I689) on (ASIC_2).
pcb: Note 5854: Instance value (REFDES=C158) was added to instance ($1I74\$1I689) on (ASIC_2).
pcb: Note 5854: Instance value (DEVICE=SMD_0402_CAPC1005X70N) was added to instance ($1I74\$1I717) on (ASIC_2).
pcb: Note 5854: Instance value (PKG_TYPE=SMD_0402_CAPC1005X70N) was added to instance ($1I74\$1I717) on (ASIC_2).
pcb: Note 5854: Instance value (REFDES=C159) was added to instance ($1I74\$1I717) on (ASIC_2).
pcb: Note 5854: Instance value (DEVICE=SMD_QFN50P600X600X175-36AN) was added to instance ($1I74\$1I745) on (ASIC_2).
pcb: Note 5854: Instance value (PKG_TYPE=SMD_QFN50P600X600X175-36AN) was added to instance ($1I74\$1I745) on (ASIC_2).
pcb: Note 5854: Instance value (REFDES=U28) was added to instance ($1I74\$1I745) on (ASIC_2).
pcb: Note 5854: Instance value (DEVICE=SMD_0402_CAPC1005X70N) was added to instance ($1I74\$1I804) on (ASIC_2).
pcb: Note 5854: Instance value (PKG_TYPE=SMD_0402_CAPC1005X70N) was added to instance ($1I74\$1I804) on (ASIC_2).
pcb: Note 5854: Instance value (REFDES=C148) was added to instance ($1I74\$1I804) on (ASIC_2).
pcb: Note 5854: Instance value (DEVICE=SMD_0402_CAPC1005X70N) was added to instance ($1I74\$1I832) on (ASIC_2).
pcb: Note 5854: Instance value (PKG_TYPE=SMD_0402_CAPC1005X70N) was added to instance ($1I74\$1I832) on (ASIC_2).
pcb: Note 5854: Instance value (REFDES=C149) was added to instance ($1I74\$1I832) on (ASIC_2).
pcb: Note 5854: Instance value (DEVICE=SMD_0402_CAPC1005X70N) was added to instance ($1I74\$1I860) on (ASIC_2).
pcb: Note 5854: Instance value (PKG_TYPE=SMD_0402_CAPC1005X70N) was added to instance ($1I74\$1I860) on (ASIC_2).
pcb: Note 5854: Instance value (REFDES=C150) was added to instance ($1I74\$1I860) on (ASIC_2).
pcb: Note 5854: Instance value (DEVICE=SMD_0402_CAPC1005X70N) was added to instance ($1I74\$1I888) on (ASIC_2).
pcb: Note 5854: Instance value (PKG_TYPE=SMD_0402_CAPC1005X70N) was added to instance ($1I74\$1I888) on (ASIC_2).
pcb: Note 5854: Instance value (REFDES=C160) was added to instance ($1I74\$1I888) on (ASIC_2).
pcb: Note 5854: Instance value (DEVICE=SMD_0402_CAPC1005X70N) was added to instance ($1I74\$1I916) on (ASIC_2).
pcb: Note 5854: Instance value (PKG_TYPE=SMD_0402_CAPC1005X70N) was added to instance ($1I74\$1I916) on (ASIC_2).
pcb: Note 5854: Instance value (REFDES=C161) was added to instance ($1I74\$1I916) on (ASIC_2).
pcb: Note 5854: Instance value (DEVICE=SMD_0402_CAPC1005X70N) was added to instance ($1I74\$1I944) on (ASIC_2).
pcb: Note 5854: Instance value (PKG_TYPE=SMD_0402_CAPC1005X70N) was added to instance ($1I74\$1I944) on (ASIC_2).
pcb: Note 5854: Instance value (REFDES=C162) was added to instance ($1I74\$1I944) on (ASIC_2).
pcb: Note 5854: Instance value (DEVICE=SMD_QFN50P600X600X175-36AN) was added to instance ($1I74\$1I972) on (ASIC_2).
pcb: Note 5854: Instance value (PKG_TYPE=SMD_QFN50P600X600X175-36AN) was added to instance ($1I74\$1I972) on (ASIC_2).
pcb: Note 5854: Instance value (REFDES=U29) was added to instance ($1I74\$1I972) on (ASIC_2).
pcb: Note 5854: Instance value (DEVICE=SMD_0402_CAPC1005X70N) was added to instance ($1I74\$1I1031) on (ASIC_2).
pcb: Note 5854: Instance value (PKG_TYPE=SMD_0402_CAPC1005X70N) was added to instance ($1I74\$1I1031) on (ASIC_2).
pcb: Note 5854: Instance value (REFDES=C163) was added to instance ($1I74\$1I1031) on (ASIC_2).
pcb: Note 5854: Instance value (DEVICE=SMD_0402_CAPC1005X70N) was added to instance ($1I74\$1I1059) on (ASIC_2).
pcb: Note 5854: Instance value (PKG_TYPE=SMD_0402_CAPC1005X70N) was added to instance ($1I74\$1I1059) on (ASIC_2).
pcb: Note 5854: Instance value (REFDES=C164) was added to instance ($1I74\$1I1059) on (ASIC_2).
pcb: Note 5854: Instance value (DEVICE=SMD_0402_CAPC1005X70N) was added to instance ($1I74\$1I1087) on (ASIC_2).
pcb: Note 5854: Instance value (PKG_TYPE=SMD_0402_CAPC1005X70N) was added to instance ($1I74\$1I1087) on (ASIC_2).
pcb: Note 5854: Instance value (REFDES=C165) was added to instance ($1I74\$1I1087) on (ASIC_2).
pcb: Note 5854: Instance value (DEVICE=SMD_0402_CAPC1005X70N) was added to instance ($1I74\$1I1115) on (ASIC_2).
pcb: Note 5854: Instance value (PKG_TYPE=SMD_0402_CAPC1005X70N) was added to instance ($1I74\$1I1115) on (ASIC_2).
pcb: Note 5854: Instance value (REFDES=C175) was added to instance ($1I74\$1I1115) on (ASIC_2).
pcb: Note 5854: Instance value (DEVICE=SMD_0402_CAPC1005X70N) was added to instance ($1I74\$1I1143) on (ASIC_2).
pcb: Note 5854: Instance value (PKG_TYPE=SMD_0402_CAPC1005X70N) was added to instance ($1I74\$1I1143) on (ASIC_2).
pcb: Note 5854: Instance value (REFDES=C176) was added to instance ($1I74\$1I1143) on (ASIC_2).
pcb: Note 5854: Instance value (DEVICE=SMD_0402_CAPC1005X70N) was added to instance ($1I74\$1I1171) on (ASIC_2).
pcb: Note 5854: Instance value (PKG_TYPE=SMD_0402_CAPC1005X70N) was added to instance ($1I74\$1I1171) on (ASIC_2).
pcb: Note 5854: Instance value (REFDES=C177) was added to instance ($1I74\$1I1171) on (ASIC_2).
pcb: Note 5854: Instance value (DEVICE=SMD_QFN40P500X500X80-41N) was added to instance ($1I74\$1I1199) on (ASIC_2).
pcb: Note 5854: Instance value (PKG_TYPE=SMD_QFN40P500X500X80-41N) was added to instance ($1I74\$1I1199) on (ASIC_2).
pcb: Note 5854: Instance value (REFDES=U33) was added to instance ($1I74\$1I1199) on (ASIC_2).
pcb: Note 5854: Instance value (DEVICE=SMD_0603_CAPC1608X95N) was added to instance ($1I74\$1I1269) on (ASIC_2).
pcb: Note 5854: Instance value (PKG_TYPE=SMD_0603_CAPC1608X95N) was added to instance ($1I74\$1I1269) on (ASIC_2).
pcb: Note 5854: Instance value (REFDES=C187) was added to instance ($1I74\$1I1269) on (ASIC_2).
pcb: Note 5854: Instance value (DEVICE=SMD_QFN50P600X600X175-36AN) was added to instance ($1I79\$1I64) on (ASIC_3).
pcb: Note 5854: Instance value (PKG_TYPE=SMD_QFN50P600X600X175-36AN) was added to instance ($1I79\$1I64) on (ASIC_3).
pcb: Note 5854: Instance value (REFDES=U1) was added to instance ($1I79\$1I64) on (ASIC_3).
pcb: Note 5854: Instance value (DEVICE=SMD_0402_CAPC1005X70N) was added to instance ($1I79\$1I126) on (ASIC_3).
pcb: Note 5854: Instance value (PKG_TYPE=SMD_0402_CAPC1005X70N) was added to instance ($1I79\$1I126) on (ASIC_3).
pcb: Note 5854: Instance value (REFDES=C1) was added to instance ($1I79\$1I126) on (ASIC_3).
pcb: Note 5854: Instance value (DEVICE=SMD_0402_CAPC1005X70N) was added to instance ($1I79\$1I154) on (ASIC_3).
pcb: Note 5854: Instance value (PKG_TYPE=SMD_0402_CAPC1005X70N) was added to instance ($1I79\$1I154) on (ASIC_3).
pcb: Note 5854: Instance value (REFDES=C2) was added to instance ($1I79\$1I154) on (ASIC_3).
pcb: Note 5854: Instance value (DEVICE=SMD_0402_CAPC1005X70N) was added to instance ($1I79\$1I182) on (ASIC_3).
pcb: Note 5854: Instance value (PKG_TYPE=SMD_0402_CAPC1005X70N) was added to instance ($1I79\$1I182) on (ASIC_3).
pcb: Note 5854: Instance value (REFDES=C3) was added to instance ($1I79\$1I182) on (ASIC_3).
pcb: Note 5854: Instance value (DEVICE=SMD_0402_CAPC1005X70N) was added to instance ($1I79\$1I210) on (ASIC_3).
pcb: Note 5854: Instance value (PKG_TYPE=SMD_0402_CAPC1005X70N) was added to instance ($1I79\$1I210) on (ASIC_3).
pcb: Note 5854: Instance value (REFDES=C13) was added to instance ($1I79\$1I210) on (ASIC_3).
pcb: Note 5854: Instance value (DEVICE=SMD_0402_CAPC1005X70N) was added to instance ($1I79\$1I238) on (ASIC_3).
pcb: Note 5854: Instance value (PKG_TYPE=SMD_0402_CAPC1005X70N) was added to instance ($1I79\$1I238) on (ASIC_3).
pcb: Note 5854: Instance value (REFDES=C14) was added to instance ($1I79\$1I238) on (ASIC_3).
pcb: Note 5854: Instance value (DEVICE=SMD_0402_CAPC1005X70N) was added to instance ($1I79\$1I266) on (ASIC_3).
pcb: Note 5854: Instance value (PKG_TYPE=SMD_0402_CAPC1005X70N) was added to instance ($1I79\$1I266) on (ASIC_3).
pcb: Note 5854: Instance value (REFDES=C15) was added to instance ($1I79\$1I266) on (ASIC_3).
pcb: Note 5854: Instance value (DEVICE=SMD_QFN50P600X600X175-36AN) was added to instance ($1I79\$1I294) on (ASIC_3).
pcb: Note 5854: Instance value (PKG_TYPE=SMD_QFN50P600X600X175-36AN) was added to instance ($1I79\$1I294) on (ASIC_3).
pcb: Note 5854: Instance value (REFDES=U3) was added to instance ($1I79\$1I294) on (ASIC_3).
pcb: Note 5854: Instance value (DEVICE=SMD_0402_CAPC1005X70N) was added to instance ($1I79\$1I356) on (ASIC_3).
pcb: Note 5854: Instance value (PKG_TYPE=SMD_0402_CAPC1005X70N) was added to instance ($1I79\$1I356) on (ASIC_3).
pcb: Note 5854: Instance value (REFDES=C4) was added to instance ($1I79\$1I356) on (ASIC_3).
pcb: Note 5854: Instance value (DEVICE=SMD_0402_CAPC1005X70N) was added to instance ($1I79\$1I384) on (ASIC_3).
pcb: Note 5854: Instance value (PKG_TYPE=SMD_0402_CAPC1005X70N) was added to instance ($1I79\$1I384) on (ASIC_3).
pcb: Note 5854: Instance value (REFDES=C5) was added to instance ($1I79\$1I384) on (ASIC_3).
pcb: Note 5854: Instance value (DEVICE=SMD_0402_CAPC1005X70N) was added to instance ($1I79\$1I412) on (ASIC_3).
pcb: Note 5854: Instance value (PKG_TYPE=SMD_0402_CAPC1005X70N) was added to instance ($1I79\$1I412) on (ASIC_3).
pcb: Note 5854: Instance value (REFDES=C6) was added to instance ($1I79\$1I412) on (ASIC_3).
pcb: Note 5854: Instance value (DEVICE=SMD_0402_CAPC1005X70N) was added to instance ($1I79\$1I440) on (ASIC_3).
pcb: Note 5854: Instance value (PKG_TYPE=SMD_0402_CAPC1005X70N) was added to instance ($1I79\$1I440) on (ASIC_3).
pcb: Note 5854: Instance value (REFDES=C16) was added to instance ($1I79\$1I440) on (ASIC_3).
pcb: Note 5854: Instance value (DEVICE=SMD_0402_CAPC1005X70N) was added to instance ($1I79\$1I468) on (ASIC_3).
pcb: Note 5854: Instance value (PKG_TYPE=SMD_0402_CAPC1005X70N) was added to instance ($1I79\$1I468) on (ASIC_3).
pcb: Note 5854: Instance value (REFDES=C17) was added to instance ($1I79\$1I468) on (ASIC_3).
pcb: Note 5854: Instance value (DEVICE=SMD_0402_CAPC1005X70N) was added to instance ($1I79\$1I496) on (ASIC_3).
pcb: Note 5854: Instance value (PKG_TYPE=SMD_0402_CAPC1005X70N) was added to instance ($1I79\$1I496) on (ASIC_3).
pcb: Note 5854: Instance value (REFDES=C18) was added to instance ($1I79\$1I496) on (ASIC_3).
pcb: Note 5854: Instance value (DEVICE=SMD_QFN50P600X600X175-36AN) was added to instance ($1I79\$1I524) on (ASIC_3).
pcb: Note 5854: Instance value (PKG_TYPE=SMD_QFN50P600X600X175-36AN) was added to instance ($1I79\$1I524) on (ASIC_3).
pcb: Note 5854: Instance value (REFDES=U4) was added to instance ($1I79\$1I524) on (ASIC_3).
pcb: Note 5854: Instance value (DEVICE=SMD_0402_CAPC1005X70N) was added to instance ($1I79\$1I586) on (ASIC_3).
pcb: Note 5854: Instance value (PKG_TYPE=SMD_0402_CAPC1005X70N) was added to instance ($1I79\$1I586) on (ASIC_3).
pcb: Note 5854: Instance value (REFDES=C7) was added to instance ($1I79\$1I586) on (ASIC_3).
pcb: Note 5854: Instance value (DEVICE=SMD_0402_CAPC1005X70N) was added to instance ($1I79\$1I614) on (ASIC_3).
pcb: Note 5854: Instance value (PKG_TYPE=SMD_0402_CAPC1005X70N) was added to instance ($1I79\$1I614) on (ASIC_3).
pcb: Note 5854: Instance value (REFDES=C8) was added to instance ($1I79\$1I614) on (ASIC_3).
pcb: Note 5854: Instance value (DEVICE=SMD_0402_CAPC1005X70N) was added to instance ($1I79\$1I642) on (ASIC_3).
pcb: Note 5854: Instance value (PKG_TYPE=SMD_0402_CAPC1005X70N) was added to instance ($1I79\$1I642) on (ASIC_3).
pcb: Note 5854: Instance value (REFDES=C9) was added to instance ($1I79\$1I642) on (ASIC_3).
pcb: Note 5854: Instance value (DEVICE=SMD_0402_CAPC1005X70N) was added to instance ($1I79\$1I670) on (ASIC_3).
pcb: Note 5854: Instance value (PKG_TYPE=SMD_0402_CAPC1005X70N) was added to instance ($1I79\$1I670) on (ASIC_3).
pcb: Note 5854: Instance value (REFDES=C19) was added to instance ($1I79\$1I670) on (ASIC_3).
pcb: Note 5854: Instance value (DEVICE=SMD_0402_CAPC1005X70N) was added to instance ($1I79\$1I698) on (ASIC_3).
pcb: Note 5854: Instance value (PKG_TYPE=SMD_0402_CAPC1005X70N) was added to instance ($1I79\$1I698) on (ASIC_3).
pcb: Note 5854: Instance value (REFDES=C20) was added to instance ($1I79\$1I698) on (ASIC_3).
pcb: Note 5854: Instance value (DEVICE=SMD_0402_CAPC1005X70N) was added to instance ($1I79\$1I726) on (ASIC_3).
pcb: Note 5854: Instance value (PKG_TYPE=SMD_0402_CAPC1005X70N) was added to instance ($1I79\$1I726) on (ASIC_3).
pcb: Note 5854: Instance value (REFDES=C21) was added to instance ($1I79\$1I726) on (ASIC_3).
pcb: Note 5854: Instance value (DEVICE=SMD_QFN50P600X600X175-36AN) was added to instance ($1I79\$1I754) on (ASIC_3).
pcb: Note 5854: Instance value (PKG_TYPE=SMD_QFN50P600X600X175-36AN) was added to instance ($1I79\$1I754) on (ASIC_3).
pcb: Note 5854: Instance value (REFDES=U2) was added to instance ($1I79\$1I754) on (ASIC_3).
pcb: Note 5854: Instance value (DEVICE=SMD_0402_CAPC1005X70N) was added to instance ($1I79\$1I816) on (ASIC_3).
pcb: Note 5854: Instance value (PKG_TYPE=SMD_0402_CAPC1005X70N) was added to instance ($1I79\$1I816) on (ASIC_3).
pcb: Note 5854: Instance value (REFDES=C10) was added to instance ($1I79\$1I816) on (ASIC_3).
pcb: Note 5854: Instance value (DEVICE=SMD_0402_CAPC1005X70N) was added to instance ($1I79\$1I844) on (ASIC_3).
pcb: Note 5854: Instance value (PKG_TYPE=SMD_0402_CAPC1005X70N) was added to instance ($1I79\$1I844) on (ASIC_3).
pcb: Note 5854: Instance value (REFDES=C11) was added to instance ($1I79\$1I844) on (ASIC_3).
pcb: Note 5854: Instance value (DEVICE=SMD_0402_CAPC1005X70N) was added to instance ($1I79\$1I872) on (ASIC_3).
pcb: Note 5854: Instance value (PKG_TYPE=SMD_0402_CAPC1005X70N) was added to instance ($1I79\$1I872) on (ASIC_3).
pcb: Note 5854: Instance value (REFDES=C12) was added to instance ($1I79\$1I872) on (ASIC_3).
pcb: Note 5854: Instance value (DEVICE=SMD_0402_CAPC1005X70N) was added to instance ($1I79\$1I900) on (ASIC_3).
pcb: Note 5854: Instance value (PKG_TYPE=SMD_0402_CAPC1005X70N) was added to instance ($1I79\$1I900) on (ASIC_3).
pcb: Note 5854: Instance value (REFDES=C22) was added to instance ($1I79\$1I900) on (ASIC_3).
pcb: Note 5854: Instance value (DEVICE=SMD_0402_CAPC1005X70N) was added to instance ($1I79\$1I928) on (ASIC_3).
pcb: Note 5854: Instance value (PKG_TYPE=SMD_0402_CAPC1005X70N) was added to instance ($1I79\$1I928) on (ASIC_3).
pcb: Note 5854: Instance value (REFDES=C23) was added to instance ($1I79\$1I928) on (ASIC_3).
pcb: Note 5854: Instance value (DEVICE=SMD_0402_CAPC1005X70N) was added to instance ($1I79\$1I956) on (ASIC_3).
pcb: Note 5854: Instance value (PKG_TYPE=SMD_0402_CAPC1005X70N) was added to instance ($1I79\$1I956) on (ASIC_3).
pcb: Note 5854: Instance value (REFDES=C24) was added to instance ($1I79\$1I956) on (ASIC_3).
pcb: Note 5854: Instance value (DEVICE=SMD_QFN50P600X600X175-36AN) was added to instance ($1I79\$1I984) on (ASIC_3).
pcb: Note 5854: Instance value (PKG_TYPE=SMD_QFN50P600X600X175-36AN) was added to instance ($1I79\$1I984) on (ASIC_3).
pcb: Note 5854: Instance value (REFDES=U5) was added to instance ($1I79\$1I984) on (ASIC_3).
pcb: Note 5854: Instance value (DEVICE=SMD_0402_CAPC1005X70N) was added to instance ($1I79\$1I1046) on (ASIC_3).
pcb: Note 5854: Instance value (PKG_TYPE=SMD_0402_CAPC1005X70N) was added to instance ($1I79\$1I1046) on (ASIC_3).
pcb: Note 5854: Instance value (REFDES=C25) was added to instance ($1I79\$1I1046) on (ASIC_3).
pcb: Note 5854: Instance value (DEVICE=SMD_0402_CAPC1005X70N) was added to instance ($1I79\$1I1074) on (ASIC_3).
pcb: Note 5854: Instance value (PKG_TYPE=SMD_0402_CAPC1005X70N) was added to instance ($1I79\$1I1074) on (ASIC_3).
pcb: Note 5854: Instance value (REFDES=C26) was added to instance ($1I79\$1I1074) on (ASIC_3).
pcb: Note 5854: Instance value (DEVICE=SMD_0402_CAPC1005X70N) was added to instance ($1I79\$1I1102) on (ASIC_3).
pcb: Note 5854: Instance value (PKG_TYPE=SMD_0402_CAPC1005X70N) was added to instance ($1I79\$1I1102) on (ASIC_3).
pcb: Note 5854: Instance value (REFDES=C27) was added to instance ($1I79\$1I1102) on (ASIC_3).
pcb: Note 5854: Instance value (DEVICE=SMD_0402_CAPC1005X70N) was added to instance ($1I79\$1I1130) on (ASIC_3).
pcb: Note 5854: Instance value (PKG_TYPE=SMD_0402_CAPC1005X70N) was added to instance ($1I79\$1I1130) on (ASIC_3).
pcb: Note 5854: Instance value (REFDES=C37) was added to instance ($1I79\$1I1130) on (ASIC_3).
pcb: Note 5854: Instance value (DEVICE=SMD_0402_CAPC1005X70N) was added to instance ($1I79\$1I1158) on (ASIC_3).
pcb: Note 5854: Instance value (PKG_TYPE=SMD_0402_CAPC1005X70N) was added to instance ($1I79\$1I1158) on (ASIC_3).
pcb: Note 5854: Instance value (REFDES=C38) was added to instance ($1I79\$1I1158) on (ASIC_3).
pcb: Note 5854: Instance value (DEVICE=SMD_0402_CAPC1005X70N) was added to instance ($1I79\$1I1186) on (ASIC_3).
pcb: Note 5854: Instance value (PKG_TYPE=SMD_0402_CAPC1005X70N) was added to instance ($1I79\$1I1186) on (ASIC_3).
pcb: Note 5854: Instance value (REFDES=C39) was added to instance ($1I79\$1I1186) on (ASIC_3).
pcb: Note 5854: Instance value (DEVICE=SMD_QFN50P600X600X175-36AN) was added to instance ($1I79\$1I1214) on (ASIC_3).
pcb: Note 5854: Instance value (PKG_TYPE=SMD_QFN50P600X600X175-36AN) was added to instance ($1I79\$1I1214) on (ASIC_3).
pcb: Note 5854: Instance value (REFDES=U6) was added to instance ($1I79\$1I1214) on (ASIC_3).
pcb: Note 5854: Instance value (DEVICE=SMD_0402_CAPC1005X70N) was added to instance ($1I79\$1I1276) on (ASIC_3).
pcb: Note 5854: Instance value (PKG_TYPE=SMD_0402_CAPC1005X70N) was added to instance ($1I79\$1I1276) on (ASIC_3).
pcb: Note 5854: Instance value (REFDES=C28) was added to instance ($1I79\$1I1276) on (ASIC_3).
pcb: Note 5854: Instance value (DEVICE=SMD_0402_CAPC1005X70N) was added to instance ($1I79\$1I1304) on (ASIC_3).
pcb: Note 5854: Instance value (PKG_TYPE=SMD_0402_CAPC1005X70N) was added to instance ($1I79\$1I1304) on (ASIC_3).
pcb: Note 5854: Instance value (REFDES=C29) was added to instance ($1I79\$1I1304) on (ASIC_3).
pcb: Note 5854: Instance value (DEVICE=SMD_0402_CAPC1005X70N) was added to instance ($1I79\$1I1332) on (ASIC_3).
pcb: Note 5854: Instance value (PKG_TYPE=SMD_0402_CAPC1005X70N) was added to instance ($1I79\$1I1332) on (ASIC_3).
pcb: Note 5854: Instance value (REFDES=C30) was added to instance ($1I79\$1I1332) on (ASIC_3).
pcb: Note 5854: Instance value (DEVICE=SMD_0402_CAPC1005X70N) was added to instance ($1I79\$1I1360) on (ASIC_3).
pcb: Note 5854: Instance value (PKG_TYPE=SMD_0402_CAPC1005X70N) was added to instance ($1I79\$1I1360) on (ASIC_3).
pcb: Note 5854: Instance value (REFDES=C40) was added to instance ($1I79\$1I1360) on (ASIC_3).
pcb: Note 5854: Instance value (DEVICE=SMD_0402_CAPC1005X70N) was added to instance ($1I79\$1I1388) on (ASIC_3).
pcb: Note 5854: Instance value (PKG_TYPE=SMD_0402_CAPC1005X70N) was added to instance ($1I79\$1I1388) on (ASIC_3).
pcb: Note 5854: Instance value (REFDES=C41) was added to instance ($1I79\$1I1388) on (ASIC_3).
pcb: Note 5854: Instance value (DEVICE=SMD_0402_CAPC1005X70N) was added to instance ($1I79\$1I1416) on (ASIC_3).
pcb: Note 5854: Instance value (PKG_TYPE=SMD_0402_CAPC1005X70N) was added to instance ($1I79\$1I1416) on (ASIC_3).
pcb: Note 5854: Instance value (REFDES=C42) was added to instance ($1I79\$1I1416) on (ASIC_3).
pcb: Note 5854: Instance value (DEVICE=SMD_QFN50P600X600X175-36AN) was added to instance ($1I79\$1I1444) on (ASIC_3).
pcb: Note 5854: Instance value (PKG_TYPE=SMD_QFN50P600X600X175-36AN) was added to instance ($1I79\$1I1444) on (ASIC_3).
pcb: Note 5854: Instance value (REFDES=U7) was added to instance ($1I79\$1I1444) on (ASIC_3).
pcb: Note 5854: Instance value (DEVICE=SMD_0402_CAPC1005X70N) was added to instance ($1I79\$1I1506) on (ASIC_3).
pcb: Note 5854: Instance value (PKG_TYPE=SMD_0402_CAPC1005X70N) was added to instance ($1I79\$1I1506) on (ASIC_3).
pcb: Note 5854: Instance value (REFDES=C31) was added to instance ($1I79\$1I1506) on (ASIC_3).
pcb: Note 5854: Instance value (DEVICE=SMD_0402_CAPC1005X70N) was added to instance ($1I79\$1I1534) on (ASIC_3).
pcb: Note 5854: Instance value (PKG_TYPE=SMD_0402_CAPC1005X70N) was added to instance ($1I79\$1I1534) on (ASIC_3).
pcb: Note 5854: Instance value (REFDES=C32) was added to instance ($1I79\$1I1534) on (ASIC_3).
pcb: Note 5854: Instance value (DEVICE=SMD_0402_CAPC1005X70N) was added to instance ($1I79\$1I1562) on (ASIC_3).
pcb: Note 5854: Instance value (PKG_TYPE=SMD_0402_CAPC1005X70N) was added to instance ($1I79\$1I1562) on (ASIC_3).
pcb: Note 5854: Instance value (REFDES=C33) was added to instance ($1I79\$1I1562) on (ASIC_3).
pcb: Note 5854: Instance value (DEVICE=SMD_0402_CAPC1005X70N) was added to instance ($1I79\$1I1590) on (ASIC_3).
pcb: Note 5854: Instance value (PKG_TYPE=SMD_0402_CAPC1005X70N) was added to instance ($1I79\$1I1590) on (ASIC_3).
pcb: Note 5854: Instance value (REFDES=C43) was added to instance ($1I79\$1I1590) on (ASIC_3).
pcb: Note 5854: Instance value (DEVICE=SMD_0402_CAPC1005X70N) was added to instance ($1I79\$1I1618) on (ASIC_3).
pcb: Note 5854: Instance value (PKG_TYPE=SMD_0402_CAPC1005X70N) was added to instance ($1I79\$1I1618) on (ASIC_3).
pcb: Note 5854: Instance value (REFDES=C44) was added to instance ($1I79\$1I1618) on (ASIC_3).
pcb: Note 5854: Instance value (DEVICE=SMD_0402_CAPC1005X70N) was added to instance ($1I79\$1I1646) on (ASIC_3).
pcb: Note 5854: Instance value (PKG_TYPE=SMD_0402_CAPC1005X70N) was added to instance ($1I79\$1I1646) on (ASIC_3).
pcb: Note 5854: Instance value (REFDES=C45) was added to instance ($1I79\$1I1646) on (ASIC_3).
pcb: Note 5854: Instance value (DEVICE=SMD_QFN50P600X600X175-36AN) was added to instance ($1I79\$1I1674) on (ASIC_3).
pcb: Note 5854: Instance value (PKG_TYPE=SMD_QFN50P600X600X175-36AN) was added to instance ($1I79\$1I1674) on (ASIC_3).
pcb: Note 5854: Instance value (REFDES=U8) was added to instance ($1I79\$1I1674) on (ASIC_3).
pcb: Note 5854: Instance value (DEVICE=SMD_0402_CAPC1005X70N) was added to instance ($1I79\$1I1736) on (ASIC_3).
pcb: Note 5854: Instance value (PKG_TYPE=SMD_0402_CAPC1005X70N) was added to instance ($1I79\$1I1736) on (ASIC_3).
pcb: Note 5854: Instance value (REFDES=C34) was added to instance ($1I79\$1I1736) on (ASIC_3).
pcb: Note 5854: Instance value (DEVICE=SMD_0402_CAPC1005X70N) was added to instance ($1I79\$1I1764) on (ASIC_3).
pcb: Note 5854: Instance value (PKG_TYPE=SMD_0402_CAPC1005X70N) was added to instance ($1I79\$1I1764) on (ASIC_3).
pcb: Note 5854: Instance value (REFDES=C35) was added to instance ($1I79\$1I1764) on (ASIC_3).
pcb: Note 5854: Instance value (DEVICE=SMD_0402_CAPC1005X70N) was added to instance ($1I79\$1I1792) on (ASIC_3).
pcb: Note 5854: Instance value (PKG_TYPE=SMD_0402_CAPC1005X70N) was added to instance ($1I79\$1I1792) on (ASIC_3).
pcb: Note 5854: Instance value (REFDES=C36) was added to instance ($1I79\$1I1792) on (ASIC_3).
pcb: Note 5854: Instance value (DEVICE=SMD_0402_CAPC1005X70N) was added to instance ($1I79\$1I1820) on (ASIC_3).
pcb: Note 5854: Instance value (PKG_TYPE=SMD_0402_CAPC1005X70N) was added to instance ($1I79\$1I1820) on (ASIC_3).
pcb: Note 5854: Instance value (REFDES=C46) was added to instance ($1I79\$1I1820) on (ASIC_3).
pcb: Note 5854: Instance value (DEVICE=SMD_0402_CAPC1005X70N) was added to instance ($1I79\$1I1848) on (ASIC_3).
pcb: Note 5854: Instance value (PKG_TYPE=SMD_0402_CAPC1005X70N) was added to instance ($1I79\$1I1848) on (ASIC_3).
pcb: Note 5854: Instance value (REFDES=C47) was added to instance ($1I79\$1I1848) on (ASIC_3).
pcb: Note 5854: Instance value (DEVICE=SMD_0402_CAPC1005X70N) was added to instance ($1I79\$1I1876) on (ASIC_3).
pcb: Note 5854: Instance value (PKG_TYPE=SMD_0402_CAPC1005X70N) was added to instance ($1I79\$1I1876) on (ASIC_3).
pcb: Note 5854: Instance value (REFDES=C48) was added to instance ($1I79\$1I1876) on (ASIC_3).
pcb: Note 5854: Instance value (DEVICE=SMD_QFN50P600X600X175-36AN) was added to instance ($1I79\$1I1904) on (ASIC_3).
pcb: Note 5854: Instance value (PKG_TYPE=SMD_QFN50P600X600X175-36AN) was added to instance ($1I79\$1I1904) on (ASIC_3).
pcb: Note 5854: Instance value (REFDES=U10) was added to instance ($1I79\$1I1904) on (ASIC_3).
pcb: Note 5854: Instance value (DEVICE=SMD_0402_CAPC1005X70N) was added to instance ($1I79\$1I1966) on (ASIC_3).
pcb: Note 5854: Instance value (PKG_TYPE=SMD_0402_CAPC1005X70N) was added to instance ($1I79\$1I1966) on (ASIC_3).
pcb: Note 5854: Instance value (REFDES=C50) was added to instance ($1I79\$1I1966) on (ASIC_3).
pcb: Note 5854: Instance value (DEVICE=SMD_0402_CAPC1005X70N) was added to instance ($1I79\$1I1994) on (ASIC_3).
pcb: Note 5854: Instance value (PKG_TYPE=SMD_0402_CAPC1005X70N) was added to instance ($1I79\$1I1994) on (ASIC_3).
pcb: Note 5854: Instance value (REFDES=C51) was added to instance ($1I79\$1I1994) on (ASIC_3).
pcb: Note 5854: Instance value (DEVICE=SMD_0402_CAPC1005X70N) was added to instance ($1I79\$1I2022) on (ASIC_3).
pcb: Note 5854: Instance value (PKG_TYPE=SMD_0402_CAPC1005X70N) was added to instance ($1I79\$1I2022) on (ASIC_3).
pcb: Note 5854: Instance value (REFDES=C52) was added to instance ($1I79\$1I2022) on (ASIC_3).
pcb: Note 5854: Instance value (DEVICE=SMD_0402_CAPC1005X70N) was added to instance ($1I79\$1I2050) on (ASIC_3).
pcb: Note 5854: Instance value (PKG_TYPE=SMD_0402_CAPC1005X70N) was added to instance ($1I79\$1I2050) on (ASIC_3).
pcb: Note 5854: Instance value (REFDES=C59) was added to instance ($1I79\$1I2050) on (ASIC_3).
pcb: Note 5854: Instance value (DEVICE=SMD_0402_CAPC1005X70N) was added to instance ($1I79\$1I2078) on (ASIC_3).
pcb: Note 5854: Instance value (PKG_TYPE=SMD_0402_CAPC1005X70N) was added to instance ($1I79\$1I2078) on (ASIC_3).
pcb: Note 5854: Instance value (REFDES=C60) was added to instance ($1I79\$1I2078) on (ASIC_3).
pcb: Note 5854: Instance value (DEVICE=SMD_0402_CAPC1005X70N) was added to instance ($1I79\$1I2106) on (ASIC_3).
pcb: Note 5854: Instance value (PKG_TYPE=SMD_0402_CAPC1005X70N) was added to instance ($1I79\$1I2106) on (ASIC_3).
pcb: Note 5854: Instance value (REFDES=C61) was added to instance ($1I79\$1I2106) on (ASIC_3).
pcb: Note 5854: Instance value (DEVICE=SMD_QFN50P600X600X175-36AN) was added to instance ($1I79\$1I2134) on (ASIC_3).
pcb: Note 5854: Instance value (PKG_TYPE=SMD_QFN50P600X600X175-36AN) was added to instance ($1I79\$1I2134) on (ASIC_3).
pcb: Note 5854: Instance value (REFDES=U12) was added to instance ($1I79\$1I2134) on (ASIC_3).
pcb: Note 5854: Instance value (DEVICE=SMD_0402_CAPC1005X70N) was added to instance ($1I79\$1I2196) on (ASIC_3).
pcb: Note 5854: Instance value (PKG_TYPE=SMD_0402_CAPC1005X70N) was added to instance ($1I79\$1I2196) on (ASIC_3).
pcb: Note 5854: Instance value (REFDES=C53) was added to instance ($1I79\$1I2196) on (ASIC_3).
pcb: Note 5854: Instance value (DEVICE=SMD_0402_CAPC1005X70N) was added to instance ($1I79\$1I2224) on (ASIC_3).
pcb: Note 5854: Instance value (PKG_TYPE=SMD_0402_CAPC1005X70N) was added to instance ($1I79\$1I2224) on (ASIC_3).
pcb: Note 5854: Instance value (REFDES=C54) was added to instance ($1I79\$1I2224) on (ASIC_3).
pcb: Note 5854: Instance value (DEVICE=SMD_0402_CAPC1005X70N) was added to instance ($1I79\$1I2252) on (ASIC_3).
pcb: Note 5854: Instance value (PKG_TYPE=SMD_0402_CAPC1005X70N) was added to instance ($1I79\$1I2252) on (ASIC_3).
pcb: Note 5854: Instance value (REFDES=C55) was added to instance ($1I79\$1I2252) on (ASIC_3).
pcb: Note 5854: Instance value (DEVICE=SMD_0402_CAPC1005X70N) was added to instance ($1I79\$1I2280) on (ASIC_3).
pcb: Note 5854: Instance value (PKG_TYPE=SMD_0402_CAPC1005X70N) was added to instance ($1I79\$1I2280) on (ASIC_3).
pcb: Note 5854: Instance value (REFDES=C62) was added to instance ($1I79\$1I2280) on (ASIC_3).
pcb: Note 5854: Instance value (DEVICE=SMD_0402_CAPC1005X70N) was added to instance ($1I79\$1I2308) on (ASIC_3).
pcb: Note 5854: Instance value (PKG_TYPE=SMD_0402_CAPC1005X70N) was added to instance ($1I79\$1I2308) on (ASIC_3).
pcb: Note 5854: Instance value (REFDES=C63) was added to instance ($1I79\$1I2308) on (ASIC_3).
pcb: Note 5854: Instance value (DEVICE=SMD_0402_CAPC1005X70N) was added to instance ($1I79\$1I2336) on (ASIC_3).
pcb: Note 5854: Instance value (PKG_TYPE=SMD_0402_CAPC1005X70N) was added to instance ($1I79\$1I2336) on (ASIC_3).
pcb: Note 5854: Instance value (REFDES=C64) was added to instance ($1I79\$1I2336) on (ASIC_3).
pcb: Note 5854: Instance value (DEVICE=SMD_QFN50P600X600X175-36AN) was added to instance ($1I79\$1I2364) on (ASIC_3).
pcb: Note 5854: Instance value (PKG_TYPE=SMD_QFN50P600X600X175-36AN) was added to instance ($1I79\$1I2364) on (ASIC_3).
pcb: Note 5854: Instance value (REFDES=U11) was added to instance ($1I79\$1I2364) on (ASIC_3).
pcb: Note 5854: Instance value (DEVICE=SMD_0402_CAPC1005X70N) was added to instance ($1I79\$1I2426) on (ASIC_3).
pcb: Note 5854: Instance value (PKG_TYPE=SMD_0402_CAPC1005X70N) was added to instance ($1I79\$1I2426) on (ASIC_3).
pcb: Note 5854: Instance value (REFDES=C56) was added to instance ($1I79\$1I2426) on (ASIC_3).
pcb: Note 5854: Instance value (DEVICE=SMD_0402_CAPC1005X70N) was added to instance ($1I79\$1I2454) on (ASIC_3).
pcb: Note 5854: Instance value (PKG_TYPE=SMD_0402_CAPC1005X70N) was added to instance ($1I79\$1I2454) on (ASIC_3).
pcb: Note 5854: Instance value (REFDES=C57) was added to instance ($1I79\$1I2454) on (ASIC_3).
pcb: Note 5854: Instance value (DEVICE=SMD_0402_CAPC1005X70N) was added to instance ($1I79\$1I2482) on (ASIC_3).
pcb: Note 5854: Instance value (PKG_TYPE=SMD_0402_CAPC1005X70N) was added to instance ($1I79\$1I2482) on (ASIC_3).
pcb: Note 5854: Instance value (REFDES=C58) was added to instance ($1I79\$1I2482) on (ASIC_3).
pcb: Note 5854: Instance value (DEVICE=SMD_0402_CAPC1005X70N) was added to instance ($1I79\$1I2510) on (ASIC_3).
pcb: Note 5854: Instance value (PKG_TYPE=SMD_0402_CAPC1005X70N) was added to instance ($1I79\$1I2510) on (ASIC_3).
pcb: Note 5854: Instance value (REFDES=C65) was added to instance ($1I79\$1I2510) on (ASIC_3).
pcb: Note 5854: Instance value (DEVICE=SMD_0402_CAPC1005X70N) was added to instance ($1I79\$1I2538) on (ASIC_3).
pcb: Note 5854: Instance value (PKG_TYPE=SMD_0402_CAPC1005X70N) was added to instance ($1I79\$1I2538) on (ASIC_3).
pcb: Note 5854: Instance value (REFDES=C66) was added to instance ($1I79\$1I2538) on (ASIC_3).
pcb: Note 5854: Instance value (DEVICE=SMD_0402_CAPC1005X70N) was added to instance ($1I79\$1I2566) on (ASIC_3).
pcb: Note 5854: Instance value (PKG_TYPE=SMD_0402_CAPC1005X70N) was added to instance ($1I79\$1I2566) on (ASIC_3).
pcb: Note 5854: Instance value (REFDES=C67) was added to instance ($1I79\$1I2566) on (ASIC_3).
pcb: Note 5854: Instance value (DEVICE=SMD_QFN40P500X500X80-41N) was added to instance ($1I79\$1I2594) on (ASIC_3).
pcb: Note 5854: Instance value (PKG_TYPE=SMD_QFN40P500X500X80-41N) was added to instance ($1I79\$1I2594) on (ASIC_3).
pcb: Note 5854: Instance value (REFDES=U9) was added to instance ($1I79\$1I2594) on (ASIC_3).
pcb: Note 5854: Instance value (DEVICE=SMD_0603_CAPC1608X95N) was added to instance ($1I79\$1I2661) on (ASIC_3).
pcb: Note 5854: Instance value (PKG_TYPE=SMD_0603_CAPC1608X95N) was added to instance ($1I79\$1I2661) on (ASIC_3).
pcb: Note 5854: Instance value (REFDES=C49) was added to instance ($1I79\$1I2661) on (ASIC_3).
pcb: Note 5854: Instance value (DEVICE=SMD_0603_CAPC1608X95N) was added to instance ($1I84) on (BLOCK).
pcb: Note 5854: Instance value (PKG_TYPE=SMD_0603_CAPC1608X95N) was added to instance ($1I84) on (BLOCK).
pcb: Note 5854: Instance value (REFDES=C69) was added to instance ($1I84) on (BLOCK).
pcb: Note 5854: Instance value (DEVICE=SMD_0603_CAPC1608X95N) was added to instance ($1I112) on (BLOCK).
pcb: Note 5854: Instance value (PKG_TYPE=SMD_0603_CAPC1608X95N) was added to instance ($1I112) on (BLOCK).
pcb: Note 5854: Instance value (REFDES=C68) was added to instance ($1I112) on (BLOCK).
pcb: Note 5854: Instance value (DEVICE=SMD_0603_CAPC1608X95N) was added to instance ($1I140) on (BLOCK).
pcb: Note 5854: Instance value (PKG_TYPE=SMD_0603_CAPC1608X95N) was added to instance ($1I140) on (BLOCK).
pcb: Note 5854: Instance value (REFDES=C71) was added to instance ($1I140) on (BLOCK).
pcb: Note 5854: Instance value (DEVICE=SMD_0603_CAPC1608X95N) was added to instance ($1I168) on (BLOCK).
pcb: Note 5854: Instance value (PKG_TYPE=SMD_0603_CAPC1608X95N) was added to instance ($1I168) on (BLOCK).
pcb: Note 5854: Instance value (REFDES=C70) was added to instance ($1I168) on (BLOCK).
pcb: Note 5854: Instance value (DEVICE=SMD_0603_RESC1608X55N) was added to instance ($1I196) on (BLOCK).
pcb: Note 5854: Instance value (PKG_TYPE=SMD_0603_RESC1608X55N) was added to instance ($1I196) on (BLOCK).
pcb: Note 5854: Instance value (REFDES=R3) was added to instance ($1I196) on (BLOCK).
pcb: Note 5854: Instance value (DEVICE=SMD_0603_RESC1608X55N) was added to instance ($1I224) on (BLOCK).
pcb: Note 5854: Instance value (PKG_TYPE=SMD_0603_RESC1608X55N) was added to instance ($1I224) on (BLOCK).
pcb: Note 5854: Instance value (REFDES=R8) was added to instance ($1I224) on (BLOCK).
pcb: Note 5854: Instance value (DEVICE=SMD_0603_RESC1608X55N) was added to instance ($1I252) on (BLOCK).
pcb: Note 5854: Instance value (PKG_TYPE=SMD_0603_RESC1608X55N) was added to instance ($1I252) on (BLOCK).
pcb: Note 5854: Instance value (REFDES=R4) was added to instance ($1I252) on (BLOCK).
pcb: Note 5854: Instance value (DEVICE=SMD_0603_RESC1608X55N) was added to instance ($1I280) on (BLOCK).
pcb: Note 5854: Instance value (PKG_TYPE=SMD_0603_RESC1608X55N) was added to instance ($1I280) on (BLOCK).
pcb: Note 5854: Instance value (REFDES=R1) was added to instance ($1I280) on (BLOCK).
pcb: Note 5854: Instance value (DEVICE=SMD_0603_RESC1608X55N) was added to instance ($1I308) on (BLOCK).
pcb: Note 5854: Instance value (PKG_TYPE=SMD_0603_RESC1608X55N) was added to instance ($1I308) on (BLOCK).
pcb: Note 5854: Instance value (REFDES=R5) was added to instance ($1I308) on (BLOCK).
pcb: Note 5854: Instance value (DEVICE=SMD_0603_RESC1608X55N) was added to instance ($1I336) on (BLOCK).
pcb: Note 5854: Instance value (PKG_TYPE=SMD_0603_RESC1608X55N) was added to instance ($1I336) on (BLOCK).
pcb: Note 5854: Instance value (REFDES=R2) was added to instance ($1I336) on (BLOCK).
pcb: Note 5854: Instance value (DEVICE=SMD_0603_RESC1608X55N) was added to instance ($1I364) on (BLOCK).
pcb: Note 5854: Instance value (PKG_TYPE=SMD_0603_RESC1608X55N) was added to instance ($1I364) on (BLOCK).
pcb: Note 5854: Instance value (REFDES=R9) was added to instance ($1I364) on (BLOCK).
pcb: Note 5854: Instance value (DEVICE=SMD_0603_RESC1608X55N) was added to instance ($1I392) on (BLOCK).
pcb: Note 5854: Instance value (PKG_TYPE=SMD_0603_RESC1608X55N) was added to instance ($1I392) on (BLOCK).
pcb: Note 5854: Instance value (REFDES=R6) was added to instance ($1I392) on (BLOCK).
pcb: Note 5854: Instance value (DEVICE=SMD_0603_RESC1608X55N) was added to instance ($1I420) on (BLOCK).
pcb: Note 5854: Instance value (PKG_TYPE=SMD_0603_RESC1608X55N) was added to instance ($1I420) on (BLOCK).
pcb: Note 5854: Instance value (REFDES=R10) was added to instance ($1I420) on (BLOCK).
pcb: Note 5854: Instance value (DEVICE=SMD_0603_RESC1608X55N) was added to instance ($1I448) on (BLOCK).
pcb: Note 5854: Instance value (PKG_TYPE=SMD_0603_RESC1608X55N) was added to instance ($1I448) on (BLOCK).
pcb: Note 5854: Instance value (REFDES=R7) was added to instance ($1I448) on (BLOCK).
pcb: Note 5854: Instance value (DEVICE=SMD_TP_100-254) was added to instance ($1I476) on (BLOCK).
pcb: Note 5854: Instance value (PKG_TYPE=SMD_TP_100-254) was added to instance ($1I476) on (BLOCK).
pcb: Note 5854: Instance value (REFDES=TP1) was added to instance ($1I476) on (BLOCK).
pcb: Note 5854: Instance value (DEVICE=SMD_TP_100-254) was added to instance ($1I499) on (BLOCK).
pcb: Note 5854: Instance value (PKG_TYPE=SMD_TP_100-254) was added to instance ($1I499) on (BLOCK).
pcb: Note 5854: Instance value (REFDES=TP2) was added to instance ($1I499) on (BLOCK).
pcb: Note 5854: Instance value (DEVICE=SMD_TP_100-254) was added to instance ($1I522) on (BLOCK).
pcb: Note 5854: Instance value (PKG_TYPE=SMD_TP_100-254) was added to instance ($1I522) on (BLOCK).
pcb: Note 5854: Instance value (REFDES=TP3) was added to instance ($1I522) on (BLOCK).
pcb: Note 5854: Instance value (DEVICE=SMD_TP_100-254) was added to instance ($1I545) on (BLOCK).
pcb: Note 5854: Instance value (PKG_TYPE=SMD_TP_100-254) was added to instance ($1I545) on (BLOCK).
pcb: Note 5854: Instance value (REFDES=TP4) was added to instance ($1I545) on (BLOCK).
pcb: Note 5854: Instance value (DEVICE=SMD_SOIC127P600X110-9AN) was added to instance ($1I573) on (BLOCK).
pcb: Note 5854: Instance value (PKG_TYPE=SMD_SOIC127P600X110-9AN) was added to instance ($1I573) on (BLOCK).
pcb: Note 5854: Instance value (REFDES=Q1) was added to instance ($1I573) on (BLOCK).
pcb: Note 5854: Instance value (DEVICE=SMD_SOIC127P600X110-9AN) was added to instance ($1I607) on (BLOCK).
pcb: Note 5854: Instance value (PKG_TYPE=SMD_SOIC127P600X110-9AN) was added to instance ($1I607) on (BLOCK).
pcb: Note 5854: Instance value (REFDES=Q2) was added to instance ($1I607) on (BLOCK).
pcb: Note 5626: Summary of LogFiles/pcberr.log
Status 1, Notes 824, Warnings 0
Errors 0, Failures 0, Fatals 0, Internals 0
pcb: Note 5670: error exclusions in effect
